2024-05-22 08:26:18,324 [INFO] Activator:176 - 


2024-05-22 08:26:18,328 [INFO] Activator:177 - !SESSION log4j initialized
2024-05-22 08:26:23,181 [INFO] LogOutputStream:77 - [STDOUT_REDIRECT] 
2024-05-22 08:26:27,294 [INFO] ApplicationProperties:184 - Using Application install path: C:\ST\STM32CubeIDE_1.14.1\STM32CubeIDE\plugins\com.st.stm32cube.common.mx_6.10.0.202311202037
2024-05-22 08:26:27,315 [INFO] DbMcusXml:78 - Set database path to: C:\ST\STM32CubeIDE_1.14.1\STM32CubeIDE\plugins\com.st.stm32cube.common.mx_6.10.0.202311202037\\db\/mcu/
2024-05-22 08:26:27,316 [INFO] ApiDb:274 - Set plugin database path to: C:\ST\STM32CubeIDE_1.14.1\STM32CubeIDE\plugins\com.st.stm32cube.common.mx_6.10.0.202311202037\\db\/plugins/boardmanager/
2024-05-22 08:26:27,316 [WARN] ApiDb:259 - Overriding images path with different value:  => C:\ST\STM32CubeIDE_1.14.1\STM32CubeIDE\plugins\com.st.stm32cube.common.mx_6.10.0.202311202037\\db\/plugins/mcufinder/images/
2024-05-22 08:26:27,332 [INFO] ApiDb:250 - Set database path to: C:\Users\nguye\.stmcufinder\plugins\mcufinder//mcu/
2024-05-22 08:26:27,334 [INFO] DbMcusAds:125 - Set database path to: C:\Users\nguye\.stmcufinder\plugins\mcufinder//mcu/
2024-05-22 08:26:27,336 [INFO] CrossReferenceDbSqlite:203 - Set database path to: C:\Users\nguye\.stmcufinder\plugins\mcufinder//mcu/cs/
2024-05-22 08:26:27,479 [INFO] RulesReader:64 - Compatibility file has been processed (297 Rules)
2024-05-22 08:26:27,585 [INFO] DbMcusXml:78 - Set database path to: C:\ST\STM32CubeIDE_1.14.1\STM32CubeIDE\plugins\com.st.stm32cube.common.mx_6.10.0.202311202037\\db\/mcu/
2024-05-22 08:26:27,585 [INFO] ApiDb:274 - Set plugin database path to: C:\ST\STM32CubeIDE_1.14.1\STM32CubeIDE\plugins\com.st.stm32cube.common.mx_6.10.0.202311202037\\db\/plugins/boardmanager/
2024-05-22 08:26:27,586 [INFO] ApiDb:261 - Set plugin images path to: C:\ST\STM32CubeIDE_1.14.1\STM32CubeIDE\plugins\com.st.stm32cube.common.mx_6.10.0.202311202037\\db\/plugins/mcufinder/images/
2024-05-22 08:26:27,586 [WARN] DbFile:41 - Overriding database path with different value: C:\Users\nguye\.stmcufinder\plugins\mcufinder/ => C:\Users\nguye\.stmcufinder\plugins\mcufinder
2024-05-22 08:26:27,586 [INFO] ApiDb:250 - Set database path to: C:\Users\nguye\.stmcufinder\plugins\mcufinder//mcu/
2024-05-22 08:26:27,586 [WARN] DbFile:41 - Overriding database path with different value: C:\Users\nguye\.stmcufinder\plugins\mcufinder/ => C:\Users\nguye\.stmcufinder\plugins\mcufinder
2024-05-22 08:26:27,586 [INFO] DbMcusAds:125 - Set database path to: C:\Users\nguye\.stmcufinder\plugins\mcufinder//mcu/
2024-05-22 08:26:27,586 [WARN] DbFile:41 - Overriding database path with different value: C:\Users\nguye\.stmcufinder\plugins\mcufinder/ => C:\Users\nguye\.stmcufinder\plugins\mcufinder
2024-05-22 08:26:27,586 [WARN] DbFile:41 - Overriding database path with different value: C:\Users\nguye\.stmcufinder\plugins\mcufinder/ => C:\Users\nguye\.stmcufinder\plugins\mcufinder
2024-05-22 08:26:27,586 [INFO] CrossReferenceDbSqlite:203 - Set database path to: C:\Users\nguye\.stmcufinder\plugins\mcufinder//mcu/cs/
2024-05-22 08:26:27,693 [INFO] MainPanel:264 - HeapMemory: 268435456
2024-05-22 08:26:27,810 [INFO] DbMcusXml:78 - Set database path to: C:\ST\STM32CubeIDE_1.14.1\STM32CubeIDE\plugins\com.st.stm32cube.common.mx_6.10.0.202311202037\\db\/mcu/
2024-05-22 08:26:27,810 [INFO] ApiDb:274 - Set plugin database path to: C:\ST\STM32CubeIDE_1.14.1\STM32CubeIDE\plugins\com.st.stm32cube.common.mx_6.10.0.202311202037\\db\/plugins/boardmanager/
2024-05-22 08:26:27,810 [INFO] ApiDb:261 - Set plugin images path to: C:\ST\STM32CubeIDE_1.14.1\STM32CubeIDE\plugins\com.st.stm32cube.common.mx_6.10.0.202311202037\\db\/plugins/mcufinder/images/
2024-05-22 08:26:27,810 [WARN] DbFile:41 - Overriding database path with different value: C:\Users\nguye\.stmcufinder\plugins\mcufinder/ => C:\Users\nguye\.stmcufinder\plugins\mcufinder
2024-05-22 08:26:27,810 [INFO] ApiDb:250 - Set database path to: C:\Users\nguye\.stmcufinder\plugins\mcufinder//mcu/
2024-05-22 08:26:27,811 [WARN] DbFile:41 - Overriding database path with different value: C:\Users\nguye\.stmcufinder\plugins\mcufinder/ => C:\Users\nguye\.stmcufinder\plugins\mcufinder
2024-05-22 08:26:27,811 [INFO] DbMcusAds:125 - Set database path to: C:\Users\nguye\.stmcufinder\plugins\mcufinder//mcu/
2024-05-22 08:26:27,811 [WARN] DbFile:41 - Overriding database path with different value: C:\Users\nguye\.stmcufinder\plugins\mcufinder/ => C:\Users\nguye\.stmcufinder\plugins\mcufinder
2024-05-22 08:26:27,811 [WARN] DbFile:41 - Overriding database path with different value: C:\Users\nguye\.stmcufinder\plugins\mcufinder/ => C:\Users\nguye\.stmcufinder\plugins\mcufinder
2024-05-22 08:26:27,811 [INFO] CrossReferenceDbSqlite:203 - Set database path to: C:\Users\nguye\.stmcufinder\plugins\mcufinder//mcu/cs/
2024-05-22 08:26:27,835 [INFO] ApplicationProperties:184 - Using Application install path: C:\ST\STM32CubeIDE_1.14.1\STM32CubeIDE\plugins\com.st.stm32cube.common.mx_6.10.0.202311202037
2024-05-22 08:26:27,836 [INFO] PluginManage:196 - Search for loadable plugins [exclusion list=, ]
2024-05-22 08:26:27,837 [INFO] PluginManage:310 - Check plugin analytics
2024-05-22 08:26:28,026 [INFO] AnalyticsPlugin:253 - Accepted Software Licenses: STM32CubeMX.6.10.0
2024-05-22 08:26:28,026 [INFO] AnalyticsPlugin:255 - Accepted CMSIS Pack Licenses: 
2024-05-22 08:26:28,026 [INFO] AnalyticsPlugin:257 - Accepted Firmware Licenses: FW.F4.1.27.0,FW.F4.1.28.0
2024-05-22 08:26:28,029 [INFO] PluginManage:359 - Loaded plugin analytics (category:tool,tabindex:-1)
2024-05-22 08:26:28,030 [INFO] PluginManage:310 - Check plugin cadmodel
2024-05-22 08:26:28,046 [INFO] CADModel:105 - Init CAD model plugin
2024-05-22 08:26:28,046 [INFO] PluginManage:359 - Loaded plugin cadmodel (category:power,tabindex:5)
2024-05-22 08:26:28,047 [INFO] PluginManage:310 - Check plugin clock
2024-05-22 08:26:28,068 [INFO] PluginManage:359 - Loaded plugin clock (category:base,tabindex:2)
2024-05-22 08:26:28,068 [INFO] PluginManage:310 - Check plugin ddr
2024-05-22 08:26:28,071 [INFO] PluginManage:359 - Loaded plugin ddr (category:tool,tabindex:6)
2024-05-22 08:26:28,071 [INFO] PluginManage:310 - Check plugin filemanager
2024-05-22 08:26:28,231 [INFO] PluginManage:359 - Loaded plugin filemanager (category:base,tabindex:10)
2024-05-22 08:26:28,231 [INFO] PluginManage:310 - Check plugin ipmanager
2024-05-22 08:26:28,240 [INFO] PluginManage:359 - Loaded plugin ipmanager (category:base,tabindex:5)
2024-05-22 08:26:28,240 [INFO] PluginManage:310 - Check plugin lpbam
2024-05-22 08:26:28,259 [INFO] PluginManage:359 - Loaded plugin lpbam (category:base,tabindex:0)
2024-05-22 08:26:28,259 [INFO] PluginManage:310 - Check plugin memorymap
2024-05-22 08:26:28,286 [INFO] PluginManage:359 - Loaded plugin memorymap (category:base,tabindex:4)
2024-05-22 08:26:28,286 [INFO] PluginManage:310 - Check plugin pinoutandconfiguration
2024-05-22 08:26:28,304 [INFO] PluginManage:359 - Loaded plugin pinoutandconfiguration (category:base,tabindex:1)
2024-05-22 08:26:28,304 [INFO] PluginManage:310 - Check plugin pinoutconfig
2024-05-22 08:26:28,418 [WARN] SupportedApi:132 - Cannot load RTOS API schema: s4s-elt-must-match.1: The content of 'definitions' must match (annotation?, (simpleType | complexType)?, (unique | key | keyref)*)). A problem was found starting at: attribute.
2024-05-22 08:26:28,588 [INFO] PluginManage:359 - Loaded plugin pinoutconfig (category:base,tabindex:0)
2024-05-22 08:26:28,588 [INFO] PluginManage:310 - Check plugin power
2024-05-22 08:26:28,612 [INFO] PluginManage:359 - Loaded plugin power (category:power,tabindex:4)
2024-05-22 08:26:28,612 [INFO] PluginManage:310 - Check plugin projectmanager
2024-05-22 08:26:28,635 [INFO] PluginManage:359 - Loaded plugin projectmanager (category:projectmanager,tabindex:3)
2024-05-22 08:26:28,636 [INFO] PluginManage:310 - Check plugin thirdparty
2024-05-22 08:26:28,946 [INFO] PluginManage:359 - Loaded plugin thirdparty (category:base,tabindex:-1)
2024-05-22 08:26:28,946 [WARN] IntegrityCheckThread:84 - waiting for thirdparty lock release [integrity check]
2024-05-22 08:26:28,946 [INFO] PluginManage:310 - Check plugin tools
2024-05-22 08:26:28,946 [INFO] IntegrityCheckThread:86 - entering critical section [integrity check]
2024-05-22 08:26:28,947 [INFO] ThirdPartyUpdaterWithRetryManager:70 - Updater plugin not ready yet. [1/15]
2024-05-22 08:26:29,004 [INFO] PluginManage:359 - Loaded plugin tools (category:base,tabindex:7)
2024-05-22 08:26:29,004 [INFO] PluginManage:310 - Check plugin tutovideos
2024-05-22 08:26:29,300 [INFO] PluginManage:359 - Loaded plugin tutovideos (category:base,tabindex:-1)
2024-05-22 08:26:29,300 [INFO] PluginManage:310 - Check plugin updater
2024-05-22 08:26:29,315 [INFO] PluginManage:359 - Loaded plugin updater (category:base,tabindex:12)
2024-05-22 08:26:29,315 [INFO] PluginManage:310 - Check plugin userauth
2024-05-22 08:26:29,322 [INFO] UserAuth:114 - Init User Auth plugin
2024-05-22 08:26:29,323 [INFO] PluginManage:359 - Loaded plugin userauth (category:base,tabindex:14)
2024-05-22 08:26:29,323 [INFO] PluginManage:283 - PluginManage : Loaded plugins [17]
2024-05-22 08:26:29,621 [INFO] PinOutPanel:1499 - setPackage(No Configuration,No Configuration)
2024-05-22 08:26:29,724 [INFO] CADModel:165 - CPN selected for project level
2024-05-22 08:26:29,724 [INFO] CADModel:114 - Register for checkConnection events
2024-05-22 08:26:29,758 [INFO] IPUIPlugin:80 - create IPUIPlugin
2024-05-22 08:26:29,758 [INFO] PluginManager:220 - loadIPPluginJar : add adc
2024-05-22 08:26:29,818 [INFO] IPUIPlugin:80 - create IPUIPlugin
2024-05-22 08:26:29,818 [INFO] PluginManager:220 - loadIPPluginJar : add aes
2024-05-22 08:26:29,873 [INFO] IPUIPlugin:80 - create IPUIPlugin
2024-05-22 08:26:29,873 [INFO] PluginManager:220 - loadIPPluginJar : add can
2024-05-22 08:26:29,911 [INFO] IPUIPlugin:80 - create IPUIPlugin
2024-05-22 08:26:29,911 [INFO] PluginManager:220 - loadIPPluginJar : add comp
2024-05-22 08:26:29,951 [INFO] IPUIPlugin:80 - create IPUIPlugin
2024-05-22 08:26:29,951 [INFO] PluginManager:220 - loadIPPluginJar : add cryp
2024-05-22 08:26:29,994 [INFO] IPUIPlugin:80 - create IPUIPlugin
2024-05-22 08:26:29,994 [INFO] PluginManager:220 - loadIPPluginJar : add dfsdm
2024-05-22 08:26:30,010 [INFO] IPUIPlugin:80 - create IPUIPlugin
2024-05-22 08:26:30,010 [INFO] PluginManager:220 - loadIPPluginJar : add dma
2024-05-22 08:26:30,069 [INFO] IPUIPlugin:80 - create IPUIPlugin
2024-05-22 08:26:30,069 [INFO] PluginManager:220 - loadIPPluginJar : add dma3
2024-05-22 08:26:30,102 [INFO] IPUIPlugin:80 - create IPUIPlugin
2024-05-22 08:26:30,102 [INFO] PluginManager:220 - loadIPPluginJar : add fatfs
2024-05-22 08:26:30,176 [INFO] IPUIPlugin:80 - create IPUIPlugin
2024-05-22 08:26:30,177 [INFO] PluginManager:220 - loadIPPluginJar : add fmc
2024-05-22 08:26:30,200 [INFO] IPUIPlugin:80 - create IPUIPlugin
2024-05-22 08:26:30,200 [INFO] PluginManager:220 - loadIPPluginJar : add freertos
2024-05-22 08:26:30,226 [INFO] IPUIPlugin:80 - create IPUIPlugin
2024-05-22 08:26:30,226 [INFO] PluginManager:220 - loadIPPluginJar : add genericplugin
2024-05-22 08:26:30,381 [INFO] IPUIPlugin:80 - create IPUIPlugin
2024-05-22 08:26:30,381 [INFO] PluginManager:220 - loadIPPluginJar : add gfxmmu
2024-05-22 08:26:30,579 [INFO] IPUIPlugin:80 - create IPUIPlugin
2024-05-22 08:26:30,579 [INFO] PluginManager:220 - loadIPPluginJar : add gic
2024-05-22 08:26:30,600 [INFO] IPUIPlugin:80 - create IPUIPlugin
2024-05-22 08:26:30,600 [INFO] PluginManager:220 - loadIPPluginJar : add gpio
2024-05-22 08:26:30,740 [INFO] IPUIPlugin:80 - create IPUIPlugin
2024-05-22 08:26:30,741 [INFO] PluginManager:220 - loadIPPluginJar : add gtzc
2024-05-22 08:26:30,802 [INFO] IPUIPlugin:80 - create IPUIPlugin
2024-05-22 08:26:30,802 [INFO] PluginManager:220 - loadIPPluginJar : add hash
2024-05-22 08:26:30,889 [INFO] IPUIPlugin:80 - create IPUIPlugin
2024-05-22 08:26:30,889 [INFO] PluginManager:220 - loadIPPluginJar : add i2c
2024-05-22 08:26:30,946 [INFO] IPUIPlugin:80 - create IPUIPlugin
2024-05-22 08:26:30,946 [INFO] PluginManager:220 - loadIPPluginJar : add i2s
2024-05-22 08:26:30,996 [INFO] IPUIPlugin:80 - create IPUIPlugin
2024-05-22 08:26:30,996 [INFO] PluginManager:220 - loadIPPluginJar : add i3c
2024-05-22 08:26:31,194 [INFO] IPUIPlugin:80 - create IPUIPlugin
2024-05-22 08:26:31,195 [INFO] PluginManager:220 - loadIPPluginJar : add ipddr
2024-05-22 08:26:31,349 [INFO] IPUIPlugin:80 - create IPUIPlugin
2024-05-22 08:26:31,350 [INFO] PluginManager:220 - loadIPPluginJar : add linkedlist
2024-05-22 08:26:31,397 [INFO] IPUIPlugin:80 - create IPUIPlugin
2024-05-22 08:26:31,397 [INFO] PluginManager:220 - loadIPPluginJar : add lorawan
2024-05-22 08:26:31,457 [INFO] IPUIPlugin:80 - create IPUIPlugin
2024-05-22 08:26:31,458 [INFO] PluginManager:220 - loadIPPluginJar : add ltdc
2024-05-22 08:26:31,473 [INFO] IPUIPlugin:80 - create IPUIPlugin
2024-05-22 08:26:31,474 [INFO] PluginManager:220 - loadIPPluginJar : add mdma
2024-05-22 08:26:31,486 [INFO] IPUIPlugin:80 - create IPUIPlugin
2024-05-22 08:26:31,486 [INFO] PluginManager:220 - loadIPPluginJar : add nvic
2024-05-22 08:26:31,527 [INFO] IPUIPlugin:80 - create IPUIPlugin
2024-05-22 08:26:31,527 [INFO] PluginManager:220 - loadIPPluginJar : add opamp
2024-05-22 08:26:31,615 [INFO] IPUIPlugin:80 - create IPUIPlugin
2024-05-22 08:26:31,615 [INFO] PluginManager:220 - loadIPPluginJar : add openamp
2024-05-22 08:26:31,678 [INFO] IPUIPlugin:80 - create IPUIPlugin
2024-05-22 08:26:31,678 [INFO] PluginManager:220 - loadIPPluginJar : add pdm2pcm
2024-05-22 08:26:31,693 [INFO] IPUIPlugin:80 - create IPUIPlugin
2024-05-22 08:26:31,695 [INFO] PluginManager:220 - loadIPPluginJar : add plateformsettings
2024-05-22 08:26:31,724 [INFO] IPUIPlugin:80 - create IPUIPlugin
2024-05-22 08:26:31,724 [INFO] PluginManager:220 - loadIPPluginJar : add quadspi
2024-05-22 08:26:31,738 [INFO] IPUIPlugin:80 - create IPUIPlugin
2024-05-22 08:26:31,738 [INFO] PluginManager:220 - loadIPPluginJar : add resmgrutility
2024-05-22 08:26:31,802 [INFO] IPUIPlugin:80 - create IPUIPlugin
2024-05-22 08:26:31,802 [INFO] PluginManager:220 - loadIPPluginJar : add sai
2024-05-22 08:26:31,863 [INFO] IPUIPlugin:80 - create IPUIPlugin
2024-05-22 08:26:31,863 [INFO] PluginManager:220 - loadIPPluginJar : add spi
2024-05-22 08:26:31,948 [INFO] ThirdPartyUpdaterWithRetryManager:70 - Updater plugin not ready yet. [2/15]
2024-05-22 08:26:31,982 [INFO] IPUIPlugin:80 - create IPUIPlugin
2024-05-22 08:26:31,982 [INFO] PluginManager:220 - loadIPPluginJar : add stm32_wpan
2024-05-22 08:26:32,007 [INFO] IPUIPlugin:80 - create IPUIPlugin
2024-05-22 08:26:32,007 [INFO] PluginManager:220 - loadIPPluginJar : add tim
2024-05-22 08:26:32,092 [INFO] IPUIPlugin:80 - create IPUIPlugin
2024-05-22 08:26:32,092 [INFO] PluginManager:220 - loadIPPluginJar : add touchsensing
2024-05-22 08:26:32,128 [INFO] IPUIPlugin:80 - create IPUIPlugin
2024-05-22 08:26:32,129 [INFO] PluginManager:220 - loadIPPluginJar : add tracer_emb
2024-05-22 08:26:32,155 [INFO] IPUIPlugin:80 - create IPUIPlugin
2024-05-22 08:26:32,155 [INFO] PluginManager:220 - loadIPPluginJar : add ts
2024-05-22 08:26:32,186 [INFO] IPUIPlugin:80 - create IPUIPlugin
2024-05-22 08:26:32,187 [INFO] PluginManager:220 - loadIPPluginJar : add tsc
2024-05-22 08:26:32,222 [INFO] IPUIPlugin:80 - create IPUIPlugin
2024-05-22 08:26:32,223 [INFO] PluginManager:220 - loadIPPluginJar : add ucpd
2024-05-22 08:26:32,289 [INFO] IPUIPlugin:80 - create IPUIPlugin
2024-05-22 08:26:32,289 [INFO] PluginManager:220 - loadIPPluginJar : add usart
2024-05-22 08:26:32,353 [INFO] IPUIPlugin:80 - create IPUIPlugin
2024-05-22 08:26:32,353 [INFO] PluginManager:220 - loadIPPluginJar : add usbx
2024-05-22 08:26:32,502 [INFO] CADModel:165 - CPN selected for project level
2024-05-22 08:26:32,502 [INFO] CADModel:114 - Register for checkConnection events
2024-05-22 08:26:32,502 [FATAL] Updater:308 - Updater called before beeing initialized
2024-05-22 08:26:32,502 [ERROR] CADModel:125 - Updater not yet initialized, retry later 
2024-05-22 08:26:32,687 [INFO] CADModel:165 - CPN selected for project level
2024-05-22 08:26:32,687 [INFO] CADModel:114 - Register for checkConnection events
2024-05-22 08:26:32,687 [FATAL] Updater:308 - Updater called before beeing initialized
2024-05-22 08:26:32,687 [ERROR] CADModel:125 - Updater not yet initialized, retry later 
2024-05-22 08:26:32,691 [FATAL] Updater:308 - Updater called before beeing initialized
2024-05-22 08:26:32,826 [FATAL] Updater:308 - Updater called before beeing initialized
2024-05-22 08:26:32,841 [INFO] DbMcusAds:53 - JSON generation date=Thu May 16 16:22:00 ICT 2024 (1715851320852)
2024-05-22 08:26:32,841 [FATAL] Updater:308 - Updater called before beeing initialized
2024-05-22 08:26:32,947 [WARN] DetailPanel:346 - Failed to get advertising image, set to default
2024-05-22 08:26:33,099 [FATAL] Updater:308 - Updater called before beeing initialized
2024-05-22 08:26:33,102 [FATAL] Updater:308 - Updater called before beeing initialized
2024-05-22 08:26:33,102 [FATAL] Updater:308 - Updater called before beeing initialized
2024-05-22 08:26:33,103 [WARN] DetailPanel:346 - Failed to get advertising image, set to default
2024-05-22 08:26:33,103 [FATAL] Updater:308 - Updater called before beeing initialized
2024-05-22 08:26:33,181 [ERROR] Updater:1120 - MainUpdater not yet initialized. External WinMGr cannot be set.
2024-05-22 08:26:33,192 [INFO] Updater:1056 - Updater Version found : 6.10.0
2024-05-22 08:26:33,217 [INFO] ApplicationProperties:184 - Using Application install path: C:\ST\STM32CubeIDE_1.14.1\STM32CubeIDE\plugins\com.st.stm32cube.common.mx_6.10.0.202311202037
2024-05-22 08:26:34,949 [INFO] ThirdPartyUpdaterWithRetryManager:70 - Updater plugin not ready yet. [3/15]
2024-05-22 08:26:35,470 [INFO] MainUpdater:2873 - connection check result : 10
2024-05-22 08:26:35,470 [INFO] MainUpdater:3567 - Updater definition file requires update
2024-05-22 08:26:35,472 [INFO] MainUpdater:290 - Updater Check For Update Now.
2024-05-22 08:26:35,472 [INFO] MicroXplorer:498 - Change Database Version : DB.6.0.100
2024-05-22 08:26:35,489 [INFO] McuFinderGlobals:63 - Set McuFinder mode to 2 (CubeIDE integrated)
2024-05-22 08:26:36,475 [INFO] ServerAccessManage:473 - Download File updaters.zip
2024-05-22 08:26:36,552 [INFO] UserAuth:404 - Internet connection configuration mode: 1
2024-05-22 08:26:36,577 [INFO] JxBrowserEngine:152 - Initiate JxBrowser Engine with user profile folder
2024-05-22 08:26:36,911 [INFO] FileExtend:240 - Unzip File : updaters.zip
2024-05-22 08:26:36,912 [INFO] FileExtend:255 - Standard Zip Deflate
2024-05-22 08:26:37,337 [INFO] ServerAccessManage:473 - Download File PacksControlFlags.xml
2024-05-22 08:26:37,437 [INFO] ServerAccessManage:473 - Download File cubemx.pidx
2024-05-22 08:26:37,951 [WARN] MainUpdater:1194 - Updater busy. Cannot search thirdparties
2024-05-22 08:26:37,952 [INFO] ThirdPartyUpdaterWithRetryManager:96 - Updater plugin is busy. [1/15]
2024-05-22 08:26:37,983 [INFO] ServerAccessManage:473 - Download File STMicroelectronics.X-CUBE-ALS.pdsc
2024-05-22 08:26:39,781 [INFO] WebApp:161 - Instantiating new browser for Auth
2024-05-22 08:26:40,425 [INFO] WebApp:780 - Register for checkConnection events
2024-05-22 08:26:40,425 [INFO] WebApp:414 - Apply proxy settings
2024-05-22 08:26:40,425 [INFO] WebApp:499 - Chromium requires no authentication
2024-05-22 08:26:40,440 [INFO] WebApp:442 - Direct internet connection detected
2024-05-22 08:26:40,740 [INFO] WebApp:192 - Starting web application
2024-05-22 08:26:40,741 [INFO] WebApp:544 - Web application path used C:\ST\STM32CubeIDE_1.14.1\STM32CubeIDE\plugins\com.st.stm32cube.common.mx_6.10.0.202311202037\db\plugins\mcufinder\reactClient1\index.html
2024-05-22 08:26:40,954 [WARN] MainUpdater:1194 - Updater busy. Cannot search thirdparties
2024-05-22 08:26:40,954 [INFO] ThirdPartyUpdaterWithRetryManager:96 - Updater plugin is busy. [2/15]
2024-05-22 08:26:41,345 [WARN] PackLoader:240 - Cannot read IP mode file for STMicroelectronics.X-CUBE-ALS.1.0.2
2024-05-22 08:26:41,349 [INFO] PopulateThirdPartyThread:66 - Ending populate Thread
2024-05-22 08:26:41,350 [INFO] ThirdParty:1030 - CMSIS Pack Vendor :STMicroelectronics X-CUBE-ALS 1.0.2
2024-05-22 08:26:41,350 [INFO] LoadServerUpdatesThread:375 - End of LoadServerUpdate Thread
2024-05-22 08:26:41,489 [INFO] CheckServerUpdateThread:120 - End of CheckServer Thread
2024-05-22 08:26:44,189 [WARN] PackLoader:240 - Cannot read IP mode file for STMicroelectronics.FP-SNS-MOTENVWB1.1.4.0
2024-05-22 08:26:44,208 [WARN] PackLoader:240 - Cannot read IP mode file for STMicroelectronics.X-CUBE-SMBUS.2.1.0
2024-05-22 08:26:44,222 [WARN] PackLoader:240 - Cannot read IP mode file for STMicroelectronics.X-CUBE-TOUCHGFX.4.23.1
2024-05-22 08:26:44,234 [WARN] PackLoader:240 - Cannot read IP mode file for STMicroelectronics.X-CUBE-TOUCHGFX.4.23.0
2024-05-22 08:26:44,245 [WARN] PackLoader:240 - Cannot read IP mode file for STMicroelectronics.X-CUBE-TOUCHGFX.4.23.2
2024-05-22 08:26:44,289 [WARN] PackLoader:240 - Cannot read IP mode file for STMicroelectronics.X-CUBE-AZRTOS-F7.1.1.0
2024-05-22 08:26:44,309 [WARN] PackLoader:240 - Cannot read IP mode file for STMicroelectronics.FP-SNS-MOTENV1.4.3.2
2024-05-22 08:26:44,318 [WARN] PackLoader:240 - Cannot read IP mode file for STMicroelectronics.FP-SNS-FLIGHT1.5.0.2
2024-05-22 08:26:44,337 [WARN] PackLoader:240 - Cannot read IP mode file for STMicroelectronics.X-CUBE-DISPLAY.3.0.0
2024-05-22 08:26:44,360 [WARN] PackLoader:240 - Cannot read IP mode file for STMicroelectronics.X-CUBE-BLE1.7.0.0
2024-05-22 08:26:44,379 [WARN] PackLoader:240 - Cannot read IP mode file for emotas.I-CUBE-CANOPEN.1.3.0
2024-05-22 08:26:44,401 [WARN] PackLoader:240 - Cannot read IP mode file for STMicroelectronics.X-CUBE-BLEMGR.3.1.0
2024-05-22 08:26:44,420 [WARN] PackLoader:240 - Cannot read IP mode file for STMicroelectronics.FP-SNS-SMARTAG2.1.2.0
2024-05-22 08:26:44,444 [INFO] LogOutputStream:77 - [STDOUT_REDIRECT] 1 : Invalid condition id : UX_CORESTACK_Condition cause : null
2024-05-22 08:26:44,444 [INFO] LogOutputStream:77 - [STDOUT_REDIRECT] 1 : Invalid condition id : UX_CORESTACK_Condition cause : null
2024-05-22 08:26:44,446 [INFO] LogOutputStream:77 - [STDOUT_REDIRECT] 1 : Invalid condition id : UX_CORESTACK_Condition cause : null
2024-05-22 08:26:44,448 [INFO] LogOutputStream:77 - [STDOUT_REDIRECT] 1 : Invalid condition id : UX_CORESTACK_Condition cause : null
2024-05-22 08:26:44,450 [INFO] LogOutputStream:77 - [STDOUT_REDIRECT] 1 : Invalid condition id : UX_CORESTACK_Condition cause : null
2024-05-22 08:26:44,452 [WARN] PackLoader:240 - Cannot read IP mode file for STMicroelectronics.X-CUBE-AZRTOS-WL.2.0.0
2024-05-22 08:26:44,465 [WARN] PackLoader:240 - Cannot read IP mode file for STMicroelectronics.FP-SNS-MOTENV1.5.0.0
2024-05-22 08:26:44,483 [WARN] PackLoader:240 - Cannot read IP mode file for WES.I-CUBE-Cesium.1.3.0
2024-05-22 08:26:44,499 [WARN] PackLoader:240 - Cannot read IP mode file for STMicroelectronics.X-CUBE-BLE2.3.3.0
2024-05-22 08:26:44,514 [WARN] PackLoader:240 - Cannot read IP mode file for STMicroelectronics.X-CUBE-TCPP.4.1.0
2024-05-22 08:26:44,531 [WARN] PackLoader:240 - Cannot read IP mode file for STMicroelectronics.X-CUBE-ALGOBUILD.1.3.0
2024-05-22 08:26:44,567 [WARN] PackLoader:240 - Cannot read IP mode file for STMicroelectronics.X-CUBE-AZRTOS-G0.1.1.0
2024-05-22 08:26:44,586 [WARN] PackLoader:240 - Cannot read IP mode file for STMicroelectronics.X-CUBE-SAFEA1.1.2.2
2024-05-22 08:26:44,602 [WARN] PackLoader:240 - Cannot read IP mode file for STMicroelectronics.X-CUBE-NFC4.3.0.0
2024-05-22 08:26:44,610 [WARN] PackLoader:240 - Cannot read IP mode file for STMicroelectronics.FP-ATR-SIGFOX1.3.2.0
2024-05-22 08:26:44,627 [WARN] PackLoader:240 - Cannot read IP mode file for STMicroelectronics.X-CUBE-EEPRMA1.5.1.0
2024-05-22 08:26:44,680 [WARN] PackLoader:240 - Cannot read IP mode file for SEGGER.I-CUBE-embOS.1.3.1
2024-05-22 08:26:44,739 [WARN] PackLoader:240 - Cannot read IP mode file for STMicroelectronics.X-CUBE-ALGOBUILD.1.4.0
2024-05-22 08:26:44,755 [WARN] PackLoader:240 - Cannot read IP mode file for STMicroelectronics.X-CUBE-GNSS1.6.0.0
2024-05-22 08:26:44,788 [WARN] PackLoader:240 - Cannot read IP mode file for STMicroelectronics.X-CUBE-AZRTOS-F4.1.1.0
2024-05-22 08:26:44,810 [WARN] PackLoader:240 - Cannot read IP mode file for STMicroelectronics.X-CUBE-FREERTOS.1.2.0
2024-05-22 08:26:44,823 [WARN] PackLoader:240 - Cannot read IP mode file for wolfSSL.I-CUBE-wolfSSL.5.6.6
2024-05-22 08:26:44,856 [WARN] PackLoader:240 - Cannot read IP mode file for STMicroelectronics.X-CUBE-AZRTOS-L5.2.0.0
2024-05-22 08:26:44,877 [WARN] PackLoader:240 - Cannot read IP mode file for STMicroelectronics.X-CUBE-NFC6.3.1.0
2024-05-22 08:26:44,894 [WARN] PackLoader:240 - Cannot read IP mode file for ITTIA_DB.I-CUBE-ITTIADB.8.8.0
2024-05-22 08:26:44,913 [WARN] PackLoader:240 - Cannot read IP mode file for STMicroelectronics.X-CUBE-AI.9.0.0
2024-05-22 08:26:44,928 [WARN] PackLoader:240 - Cannot read IP mode file for STMicroelectronics.X-CUBE-NFC7.1.0.1
2024-05-22 08:26:44,944 [WARN] PackLoader:240 - Cannot read IP mode file for STMicroelectronics.X-CUBE-NFC6.3.0.0
2024-05-22 08:26:44,959 [WARN] PackLoader:240 - Cannot read IP mode file for STMicroelectronics.X-CUBE-AI.8.1.0
2024-05-22 08:26:44,988 [WARN] ConditionMgr:438 - getConditionDescription Invalid condition id : LAN8742 Phy interface Condition cause : null
2024-05-22 08:26:44,989 [WARN] PackLoader:240 - Cannot read IP mode file for STMicroelectronics.X-CUBE-AZRTOS-L4.2.0.0
2024-05-22 08:26:44,990 [WARN] ConditionMgr:1039 - genDependencies : Invalid condition id : LAN8742 Phy interface Condition cause : null
2024-05-22 08:26:44,991 [WARN] ConditionMgr:1039 - genDependencies : Invalid condition id : LAN8742 Phy interface Condition cause : null
2024-05-22 08:26:44,991 [WARN] ConditionMgr:1039 - genDependencies : Invalid condition id : LAN8742 Phy interface Condition cause : null
2024-05-22 08:26:45,010 [WARN] PackLoader:240 - Cannot read IP mode file for STMicroelectronics.X-CUBE-SFXS2LP1.4.0.0
2024-05-22 08:26:45,037 [WARN] ConditionMgr:438 - getConditionDescription Invalid condition id : UX DEVICE CLASS RTOS Condition cause : null
2024-05-22 08:26:45,038 [WARN] ConditionMgr:438 - getConditionDescription Invalid condition id : UX DEVICE CLASS RTOS Condition cause : null
2024-05-22 08:26:45,039 [WARN] PackLoader:240 - Cannot read IP mode file for STMicroelectronics.X-CUBE-AZRTOS-WB.2.0.0
2024-05-22 08:26:45,040 [WARN] ConditionMgr:1039 - genDependencies : Invalid condition id : UX DEVICE CLASS RTOS Condition cause : null
2024-05-22 08:26:45,040 [WARN] ConditionMgr:1039 - genDependencies : Invalid condition id : UX DEVICE CLASS RTOS Condition cause : null
2024-05-22 08:26:45,040 [WARN] ConditionMgr:1039 - genDependencies : Invalid condition id : UX DEVICE CLASS RTOS Condition cause : null
2024-05-22 08:26:45,040 [WARN] ConditionMgr:1039 - genDependencies : Invalid condition id : UX DEVICE CLASS RTOS Condition cause : null
2024-05-22 08:26:45,040 [WARN] ConditionMgr:1039 - genDependencies : Invalid condition id : UX DEVICE CLASS RTOS Condition cause : null
2024-05-22 08:26:45,064 [WARN] PackLoader:240 - Cannot read IP mode file for STMicroelectronics.X-CUBE-SUBG2.5.0.0
2024-05-22 08:26:45,094 [WARN] PackLoader:240 - Cannot read IP mode file for STMicroelectronics.X-CUBE-AZRTOS-G4.2.0.0
2024-05-22 08:26:45,119 [WARN] PackLoader:240 - Cannot read IP mode file for Infineon.AIROC-Wi-Fi-Bluetooth-STM32.1.5.1
2024-05-22 08:26:45,136 [WARN] PackLoader:240 - Cannot read IP mode file for STMicroelectronics.FP-SNS-MOTENVWB1.1.3.1
2024-05-22 08:26:45,149 [WARN] PackLoader:240 - Cannot read IP mode file for STMicroelectronics.X-CUBE-ISPU.2.0.0
2024-05-22 08:26:45,153 [WARN] PackLoader:240 - Cannot read IP mode file for STMicroelectronics.X-CUBE-ALS.1.0.2
2024-05-22 08:26:45,205 [WARN] PackLoader:240 - Cannot read IP mode file for STMicroelectronics.X-CUBE-MEMS1.10.0.0
2024-05-22 08:26:45,320 [WARN] PackLoader:240 - Cannot read IP mode file for STMicroelectronics.X-CUBE-FREERTOS.1.1.0
2024-05-22 08:26:45,337 [WARN] PackLoader:240 - Cannot read IP mode file for portGmbH.I-Cube-SoM-uGOAL.1.1.0
2024-05-22 08:26:45,349 [WARN] PackLoader:240 - Cannot read IP mode file for STMicroelectronics.X-CUBE-ALS.1.0.1
2024-05-22 08:26:45,375 [WARN] PackLoader:240 - Cannot read IP mode file for STMicroelectronics.X-CUBE-AZRTOS-H7RS.1.0.0
2024-05-22 08:26:45,382 [WARN] PackLoader:240 - Cannot read IP mode file for STMicroelectronics.FP-ATR-ASTRA1.2.0.0
2024-05-22 08:26:45,401 [WARN] PackLoader:240 - Cannot read IP mode file for STMicroelectronics.X-CUBE-TOF1.3.4.1
2024-05-22 08:26:45,436 [WARN] PackLoader:240 - Cannot read IP mode file for STMicroelectronics.X-CUBE-AZRTOS-H7.3.2.0
2024-05-22 08:26:45,438 [INFO] ThirdParty:978 - Integrity check success = true
2024-05-22 08:26:45,438 [INFO] IntegrityCheckThread:100 - exiting critical section [integrity check]
2024-05-22 08:26:45,438 [INFO] IntegrityCheckThread:103 - End integrity checks thread
2024-05-22 08:27:01,485 [ERROR] LogOutputStream:75 - [STDERR_REDIRECT] SLF4J: Failed to load class "org.slf4j.impl.StaticLoggerBinder".
2024-05-22 08:27:01,486 [ERROR] LogOutputStream:75 - [STDERR_REDIRECT] SLF4J: Defaulting to no-operation (NOP) logger implementation
2024-05-22 08:27:01,486 [ERROR] LogOutputStream:75 - [STDERR_REDIRECT] SLF4J: See http://www.slf4j.org/codes.html#StaticLoggerBinder for further details.
2024-05-22 13:15:38,534 [ERROR] ConfigurationRetriever:142 - IOException on connection: Connect timed out
2024-05-22 16:57:23,136 [INFO] Activator:176 - 


2024-05-22 16:57:23,139 [INFO] Activator:177 - !SESSION log4j initialized
2024-05-22 16:57:30,981 [INFO] LogOutputStream:77 - [STDOUT_REDIRECT] 
2024-05-22 16:57:35,364 [INFO] ApplicationProperties:184 - Using Application install path: C:\ST\STM32CubeIDE_1.14.1\STM32CubeIDE\plugins\com.st.stm32cube.common.mx_6.10.0.202311202037
2024-05-22 16:57:35,388 [INFO] DbMcusXml:78 - Set database path to: C:\ST\STM32CubeIDE_1.14.1\STM32CubeIDE\plugins\com.st.stm32cube.common.mx_6.10.0.202311202037\\db\/mcu/
2024-05-22 16:57:35,388 [INFO] ApiDb:274 - Set plugin database path to: C:\ST\STM32CubeIDE_1.14.1\STM32CubeIDE\plugins\com.st.stm32cube.common.mx_6.10.0.202311202037\\db\/plugins/boardmanager/
2024-05-22 16:57:35,388 [WARN] ApiDb:259 - Overriding images path with different value:  => C:\ST\STM32CubeIDE_1.14.1\STM32CubeIDE\plugins\com.st.stm32cube.common.mx_6.10.0.202311202037\\db\/plugins/mcufinder/images/
2024-05-22 16:57:35,407 [INFO] ApiDb:250 - Set database path to: C:\Users\nguye\.stmcufinder\plugins\mcufinder//mcu/
2024-05-22 16:57:35,409 [INFO] DbMcusAds:125 - Set database path to: C:\Users\nguye\.stmcufinder\plugins\mcufinder//mcu/
2024-05-22 16:57:35,411 [INFO] CrossReferenceDbSqlite:203 - Set database path to: C:\Users\nguye\.stmcufinder\plugins\mcufinder//mcu/cs/
2024-05-22 16:57:35,560 [INFO] RulesReader:64 - Compatibility file has been processed (297 Rules)
2024-05-22 16:57:35,662 [INFO] DbMcusXml:78 - Set database path to: C:\ST\STM32CubeIDE_1.14.1\STM32CubeIDE\plugins\com.st.stm32cube.common.mx_6.10.0.202311202037\\db\/mcu/
2024-05-22 16:57:35,662 [INFO] ApiDb:274 - Set plugin database path to: C:\ST\STM32CubeIDE_1.14.1\STM32CubeIDE\plugins\com.st.stm32cube.common.mx_6.10.0.202311202037\\db\/plugins/boardmanager/
2024-05-22 16:57:35,662 [INFO] ApiDb:261 - Set plugin images path to: C:\ST\STM32CubeIDE_1.14.1\STM32CubeIDE\plugins\com.st.stm32cube.common.mx_6.10.0.202311202037\\db\/plugins/mcufinder/images/
2024-05-22 16:57:35,662 [WARN] DbFile:41 - Overriding database path with different value: C:\Users\nguye\.stmcufinder\plugins\mcufinder/ => C:\Users\nguye\.stmcufinder\plugins\mcufinder
2024-05-22 16:57:35,662 [INFO] ApiDb:250 - Set database path to: C:\Users\nguye\.stmcufinder\plugins\mcufinder//mcu/
2024-05-22 16:57:35,663 [WARN] DbFile:41 - Overriding database path with different value: C:\Users\nguye\.stmcufinder\plugins\mcufinder/ => C:\Users\nguye\.stmcufinder\plugins\mcufinder
2024-05-22 16:57:35,663 [INFO] DbMcusAds:125 - Set database path to: C:\Users\nguye\.stmcufinder\plugins\mcufinder//mcu/
2024-05-22 16:57:35,663 [WARN] DbFile:41 - Overriding database path with different value: C:\Users\nguye\.stmcufinder\plugins\mcufinder/ => C:\Users\nguye\.stmcufinder\plugins\mcufinder
2024-05-22 16:57:35,663 [WARN] DbFile:41 - Overriding database path with different value: C:\Users\nguye\.stmcufinder\plugins\mcufinder/ => C:\Users\nguye\.stmcufinder\plugins\mcufinder
2024-05-22 16:57:35,663 [INFO] CrossReferenceDbSqlite:203 - Set database path to: C:\Users\nguye\.stmcufinder\plugins\mcufinder//mcu/cs/
2024-05-22 16:57:35,759 [INFO] MainPanel:264 - HeapMemory: 268435456
2024-05-22 16:57:35,869 [INFO] DbMcusXml:78 - Set database path to: C:\ST\STM32CubeIDE_1.14.1\STM32CubeIDE\plugins\com.st.stm32cube.common.mx_6.10.0.202311202037\\db\/mcu/
2024-05-22 16:57:35,869 [INFO] ApiDb:274 - Set plugin database path to: C:\ST\STM32CubeIDE_1.14.1\STM32CubeIDE\plugins\com.st.stm32cube.common.mx_6.10.0.202311202037\\db\/plugins/boardmanager/
2024-05-22 16:57:35,870 [INFO] ApiDb:261 - Set plugin images path to: C:\ST\STM32CubeIDE_1.14.1\STM32CubeIDE\plugins\com.st.stm32cube.common.mx_6.10.0.202311202037\\db\/plugins/mcufinder/images/
2024-05-22 16:57:35,870 [WARN] DbFile:41 - Overriding database path with different value: C:\Users\nguye\.stmcufinder\plugins\mcufinder/ => C:\Users\nguye\.stmcufinder\plugins\mcufinder
2024-05-22 16:57:35,870 [INFO] ApiDb:250 - Set database path to: C:\Users\nguye\.stmcufinder\plugins\mcufinder//mcu/
2024-05-22 16:57:35,870 [WARN] DbFile:41 - Overriding database path with different value: C:\Users\nguye\.stmcufinder\plugins\mcufinder/ => C:\Users\nguye\.stmcufinder\plugins\mcufinder
2024-05-22 16:57:35,870 [INFO] DbMcusAds:125 - Set database path to: C:\Users\nguye\.stmcufinder\plugins\mcufinder//mcu/
2024-05-22 16:57:35,870 [WARN] DbFile:41 - Overriding database path with different value: C:\Users\nguye\.stmcufinder\plugins\mcufinder/ => C:\Users\nguye\.stmcufinder\plugins\mcufinder
2024-05-22 16:57:35,870 [WARN] DbFile:41 - Overriding database path with different value: C:\Users\nguye\.stmcufinder\plugins\mcufinder/ => C:\Users\nguye\.stmcufinder\plugins\mcufinder
2024-05-22 16:57:35,870 [INFO] CrossReferenceDbSqlite:203 - Set database path to: C:\Users\nguye\.stmcufinder\plugins\mcufinder//mcu/cs/
2024-05-22 16:57:35,894 [INFO] ApplicationProperties:184 - Using Application install path: C:\ST\STM32CubeIDE_1.14.1\STM32CubeIDE\plugins\com.st.stm32cube.common.mx_6.10.0.202311202037
2024-05-22 16:57:35,896 [INFO] PluginManage:196 - Search for loadable plugins [exclusion list=, ]
2024-05-22 16:57:35,897 [INFO] PluginManage:310 - Check plugin analytics
2024-05-22 16:57:36,094 [INFO] AnalyticsPlugin:253 - Accepted Software Licenses: STM32CubeMX.6.10.0
2024-05-22 16:57:36,094 [INFO] AnalyticsPlugin:255 - Accepted CMSIS Pack Licenses: 
2024-05-22 16:57:36,094 [INFO] AnalyticsPlugin:257 - Accepted Firmware Licenses: FW.F4.1.27.0,FW.F4.1.28.0
2024-05-22 16:57:36,098 [INFO] PluginManage:359 - Loaded plugin analytics (category:tool,tabindex:-1)
2024-05-22 16:57:36,098 [INFO] PluginManage:310 - Check plugin cadmodel
2024-05-22 16:57:36,123 [INFO] CADModel:105 - Init CAD model plugin
2024-05-22 16:57:36,123 [INFO] PluginManage:359 - Loaded plugin cadmodel (category:power,tabindex:5)
2024-05-22 16:57:36,124 [INFO] PluginManage:310 - Check plugin clock
2024-05-22 16:57:36,149 [INFO] PluginManage:359 - Loaded plugin clock (category:base,tabindex:2)
2024-05-22 16:57:36,149 [INFO] PluginManage:310 - Check plugin ddr
2024-05-22 16:57:36,151 [INFO] PluginManage:359 - Loaded plugin ddr (category:tool,tabindex:6)
2024-05-22 16:57:36,151 [INFO] PluginManage:310 - Check plugin filemanager
2024-05-22 16:57:36,313 [INFO] PluginManage:359 - Loaded plugin filemanager (category:base,tabindex:10)
2024-05-22 16:57:36,313 [INFO] PluginManage:310 - Check plugin ipmanager
2024-05-22 16:57:36,322 [INFO] PluginManage:359 - Loaded plugin ipmanager (category:base,tabindex:5)
2024-05-22 16:57:36,322 [INFO] PluginManage:310 - Check plugin lpbam
2024-05-22 16:57:36,346 [INFO] PluginManage:359 - Loaded plugin lpbam (category:base,tabindex:0)
2024-05-22 16:57:36,346 [INFO] PluginManage:310 - Check plugin memorymap
2024-05-22 16:57:36,375 [INFO] PluginManage:359 - Loaded plugin memorymap (category:base,tabindex:4)
2024-05-22 16:57:36,375 [INFO] PluginManage:310 - Check plugin pinoutandconfiguration
2024-05-22 16:57:36,397 [INFO] PluginManage:359 - Loaded plugin pinoutandconfiguration (category:base,tabindex:1)
2024-05-22 16:57:36,397 [INFO] PluginManage:310 - Check plugin pinoutconfig
2024-05-22 16:57:36,513 [WARN] SupportedApi:132 - Cannot load RTOS API schema: s4s-elt-must-match.1: The content of 'definitions' must match (annotation?, (simpleType | complexType)?, (unique | key | keyref)*)). A problem was found starting at: attribute.
2024-05-22 16:57:36,671 [INFO] PluginManage:359 - Loaded plugin pinoutconfig (category:base,tabindex:0)
2024-05-22 16:57:36,671 [INFO] PluginManage:310 - Check plugin power
2024-05-22 16:57:36,694 [INFO] PluginManage:359 - Loaded plugin power (category:power,tabindex:4)
2024-05-22 16:57:36,694 [INFO] PluginManage:310 - Check plugin projectmanager
2024-05-22 16:57:36,713 [INFO] PluginManage:359 - Loaded plugin projectmanager (category:projectmanager,tabindex:3)
2024-05-22 16:57:36,713 [INFO] PluginManage:310 - Check plugin thirdparty
2024-05-22 16:57:37,075 [INFO] PluginManage:359 - Loaded plugin thirdparty (category:base,tabindex:-1)
2024-05-22 16:57:37,075 [INFO] PluginManage:310 - Check plugin tools
2024-05-22 16:57:37,075 [WARN] IntegrityCheckThread:84 - waiting for thirdparty lock release [integrity check]
2024-05-22 16:57:37,077 [INFO] IntegrityCheckThread:86 - entering critical section [integrity check]
2024-05-22 16:57:37,077 [INFO] ThirdPartyUpdaterWithRetryManager:70 - Updater plugin not ready yet. [1/15]
2024-05-22 16:57:37,118 [INFO] PluginManage:359 - Loaded plugin tools (category:base,tabindex:7)
2024-05-22 16:57:37,118 [INFO] PluginManage:310 - Check plugin tutovideos
2024-05-22 16:57:37,364 [INFO] PluginManage:359 - Loaded plugin tutovideos (category:base,tabindex:-1)
2024-05-22 16:57:37,364 [INFO] PluginManage:310 - Check plugin updater
2024-05-22 16:57:37,377 [INFO] PluginManage:359 - Loaded plugin updater (category:base,tabindex:12)
2024-05-22 16:57:37,377 [INFO] PluginManage:310 - Check plugin userauth
2024-05-22 16:57:37,384 [INFO] UserAuth:114 - Init User Auth plugin
2024-05-22 16:57:37,384 [INFO] PluginManage:359 - Loaded plugin userauth (category:base,tabindex:14)
2024-05-22 16:57:37,385 [INFO] PluginManage:283 - PluginManage : Loaded plugins [17]
2024-05-22 16:57:37,636 [INFO] PinOutPanel:1499 - setPackage(No Configuration,No Configuration)
2024-05-22 16:57:37,721 [INFO] CADModel:165 - CPN selected for project level
2024-05-22 16:57:37,722 [INFO] CADModel:114 - Register for checkConnection events
2024-05-22 16:57:37,753 [INFO] IPUIPlugin:80 - create IPUIPlugin
2024-05-22 16:57:37,753 [INFO] PluginManager:220 - loadIPPluginJar : add adc
2024-05-22 16:57:37,797 [INFO] IPUIPlugin:80 - create IPUIPlugin
2024-05-22 16:57:37,797 [INFO] PluginManager:220 - loadIPPluginJar : add aes
2024-05-22 16:57:37,847 [INFO] IPUIPlugin:80 - create IPUIPlugin
2024-05-22 16:57:37,847 [INFO] PluginManager:220 - loadIPPluginJar : add can
2024-05-22 16:57:37,875 [INFO] IPUIPlugin:80 - create IPUIPlugin
2024-05-22 16:57:37,876 [INFO] PluginManager:220 - loadIPPluginJar : add comp
2024-05-22 16:57:37,914 [INFO] IPUIPlugin:80 - create IPUIPlugin
2024-05-22 16:57:37,914 [INFO] PluginManager:220 - loadIPPluginJar : add cryp
2024-05-22 16:57:37,949 [INFO] IPUIPlugin:80 - create IPUIPlugin
2024-05-22 16:57:37,949 [INFO] PluginManager:220 - loadIPPluginJar : add dfsdm
2024-05-22 16:57:37,968 [INFO] IPUIPlugin:80 - create IPUIPlugin
2024-05-22 16:57:37,969 [INFO] PluginManager:220 - loadIPPluginJar : add dma
2024-05-22 16:57:38,021 [INFO] IPUIPlugin:80 - create IPUIPlugin
2024-05-22 16:57:38,021 [INFO] PluginManager:220 - loadIPPluginJar : add dma3
2024-05-22 16:57:38,048 [INFO] IPUIPlugin:80 - create IPUIPlugin
2024-05-22 16:57:38,049 [INFO] PluginManager:220 - loadIPPluginJar : add fatfs
2024-05-22 16:57:38,104 [INFO] IPUIPlugin:80 - create IPUIPlugin
2024-05-22 16:57:38,104 [INFO] PluginManager:220 - loadIPPluginJar : add fmc
2024-05-22 16:57:38,126 [INFO] IPUIPlugin:80 - create IPUIPlugin
2024-05-22 16:57:38,126 [INFO] PluginManager:220 - loadIPPluginJar : add freertos
2024-05-22 16:57:38,151 [INFO] IPUIPlugin:80 - create IPUIPlugin
2024-05-22 16:57:38,151 [INFO] PluginManager:220 - loadIPPluginJar : add genericplugin
2024-05-22 16:57:38,264 [INFO] IPUIPlugin:80 - create IPUIPlugin
2024-05-22 16:57:38,264 [INFO] PluginManager:220 - loadIPPluginJar : add gfxmmu
2024-05-22 16:57:38,422 [INFO] IPUIPlugin:80 - create IPUIPlugin
2024-05-22 16:57:38,422 [INFO] PluginManager:220 - loadIPPluginJar : add gic
2024-05-22 16:57:38,445 [INFO] IPUIPlugin:80 - create IPUIPlugin
2024-05-22 16:57:38,445 [INFO] PluginManager:220 - loadIPPluginJar : add gpio
2024-05-22 16:57:38,558 [INFO] IPUIPlugin:80 - create IPUIPlugin
2024-05-22 16:57:38,558 [INFO] PluginManager:220 - loadIPPluginJar : add gtzc
2024-05-22 16:57:38,597 [INFO] IPUIPlugin:80 - create IPUIPlugin
2024-05-22 16:57:38,597 [INFO] PluginManager:220 - loadIPPluginJar : add hash
2024-05-22 16:57:38,675 [INFO] IPUIPlugin:80 - create IPUIPlugin
2024-05-22 16:57:38,675 [INFO] PluginManager:220 - loadIPPluginJar : add i2c
2024-05-22 16:57:38,723 [INFO] IPUIPlugin:80 - create IPUIPlugin
2024-05-22 16:57:38,724 [INFO] PluginManager:220 - loadIPPluginJar : add i2s
2024-05-22 16:57:38,775 [INFO] IPUIPlugin:80 - create IPUIPlugin
2024-05-22 16:57:38,776 [INFO] PluginManager:220 - loadIPPluginJar : add i3c
2024-05-22 16:57:38,929 [INFO] IPUIPlugin:80 - create IPUIPlugin
2024-05-22 16:57:38,929 [INFO] PluginManager:220 - loadIPPluginJar : add ipddr
2024-05-22 16:57:39,036 [INFO] IPUIPlugin:80 - create IPUIPlugin
2024-05-22 16:57:39,036 [INFO] PluginManager:220 - loadIPPluginJar : add linkedlist
2024-05-22 16:57:39,078 [INFO] IPUIPlugin:80 - create IPUIPlugin
2024-05-22 16:57:39,078 [INFO] PluginManager:220 - loadIPPluginJar : add lorawan
2024-05-22 16:57:39,125 [INFO] IPUIPlugin:80 - create IPUIPlugin
2024-05-22 16:57:39,125 [INFO] PluginManager:220 - loadIPPluginJar : add ltdc
2024-05-22 16:57:39,143 [INFO] IPUIPlugin:80 - create IPUIPlugin
2024-05-22 16:57:39,144 [INFO] PluginManager:220 - loadIPPluginJar : add mdma
2024-05-22 16:57:39,159 [INFO] IPUIPlugin:80 - create IPUIPlugin
2024-05-22 16:57:39,160 [INFO] PluginManager:220 - loadIPPluginJar : add nvic
2024-05-22 16:57:39,210 [INFO] IPUIPlugin:80 - create IPUIPlugin
2024-05-22 16:57:39,210 [INFO] PluginManager:220 - loadIPPluginJar : add opamp
2024-05-22 16:57:39,286 [INFO] IPUIPlugin:80 - create IPUIPlugin
2024-05-22 16:57:39,286 [INFO] PluginManager:220 - loadIPPluginJar : add openamp
2024-05-22 16:57:39,343 [INFO] IPUIPlugin:80 - create IPUIPlugin
2024-05-22 16:57:39,343 [INFO] PluginManager:220 - loadIPPluginJar : add pdm2pcm
2024-05-22 16:57:39,362 [INFO] IPUIPlugin:80 - create IPUIPlugin
2024-05-22 16:57:39,365 [INFO] PluginManager:220 - loadIPPluginJar : add plateformsettings
2024-05-22 16:57:39,393 [INFO] IPUIPlugin:80 - create IPUIPlugin
2024-05-22 16:57:39,393 [INFO] PluginManager:220 - loadIPPluginJar : add quadspi
2024-05-22 16:57:39,410 [INFO] IPUIPlugin:80 - create IPUIPlugin
2024-05-22 16:57:39,410 [INFO] PluginManager:220 - loadIPPluginJar : add resmgrutility
2024-05-22 16:57:39,470 [INFO] IPUIPlugin:80 - create IPUIPlugin
2024-05-22 16:57:39,470 [INFO] PluginManager:220 - loadIPPluginJar : add sai
2024-05-22 16:57:39,516 [INFO] IPUIPlugin:80 - create IPUIPlugin
2024-05-22 16:57:39,516 [INFO] PluginManager:220 - loadIPPluginJar : add spi
2024-05-22 16:57:39,608 [INFO] IPUIPlugin:80 - create IPUIPlugin
2024-05-22 16:57:39,608 [INFO] PluginManager:220 - loadIPPluginJar : add stm32_wpan
2024-05-22 16:57:39,645 [INFO] IPUIPlugin:80 - create IPUIPlugin
2024-05-22 16:57:39,645 [INFO] PluginManager:220 - loadIPPluginJar : add tim
2024-05-22 16:57:39,716 [INFO] IPUIPlugin:80 - create IPUIPlugin
2024-05-22 16:57:39,716 [INFO] PluginManager:220 - loadIPPluginJar : add touchsensing
2024-05-22 16:57:39,745 [INFO] IPUIPlugin:80 - create IPUIPlugin
2024-05-22 16:57:39,745 [INFO] PluginManager:220 - loadIPPluginJar : add tracer_emb
2024-05-22 16:57:39,774 [INFO] IPUIPlugin:80 - create IPUIPlugin
2024-05-22 16:57:39,774 [INFO] PluginManager:220 - loadIPPluginJar : add ts
2024-05-22 16:57:39,801 [INFO] IPUIPlugin:80 - create IPUIPlugin
2024-05-22 16:57:39,801 [INFO] PluginManager:220 - loadIPPluginJar : add tsc
2024-05-22 16:57:39,830 [INFO] IPUIPlugin:80 - create IPUIPlugin
2024-05-22 16:57:39,830 [INFO] PluginManager:220 - loadIPPluginJar : add ucpd
2024-05-22 16:57:39,885 [INFO] IPUIPlugin:80 - create IPUIPlugin
2024-05-22 16:57:39,886 [INFO] PluginManager:220 - loadIPPluginJar : add usart
2024-05-22 16:57:39,943 [INFO] IPUIPlugin:80 - create IPUIPlugin
2024-05-22 16:57:39,943 [INFO] PluginManager:220 - loadIPPluginJar : add usbx
2024-05-22 16:57:40,078 [INFO] ThirdPartyUpdaterWithRetryManager:70 - Updater plugin not ready yet. [2/15]
2024-05-22 16:57:40,083 [INFO] CADModel:165 - CPN selected for project level
2024-05-22 16:57:40,083 [INFO] CADModel:114 - Register for checkConnection events
2024-05-22 16:57:40,083 [FATAL] Updater:308 - Updater called before beeing initialized
2024-05-22 16:57:40,083 [ERROR] CADModel:125 - Updater not yet initialized, retry later 
2024-05-22 16:57:40,265 [INFO] CADModel:165 - CPN selected for project level
2024-05-22 16:57:40,265 [INFO] CADModel:114 - Register for checkConnection events
2024-05-22 16:57:40,265 [FATAL] Updater:308 - Updater called before beeing initialized
2024-05-22 16:57:40,265 [ERROR] CADModel:125 - Updater not yet initialized, retry later 
2024-05-22 16:57:40,269 [FATAL] Updater:308 - Updater called before beeing initialized
2024-05-22 16:57:40,398 [FATAL] Updater:308 - Updater called before beeing initialized
2024-05-22 16:57:40,413 [INFO] DbMcusAds:53 - JSON generation date=Thu May 16 16:22:00 ICT 2024 (1715851320852)
2024-05-22 16:57:40,413 [FATAL] Updater:308 - Updater called before beeing initialized
2024-05-22 16:57:40,516 [WARN] DetailPanel:346 - Failed to get advertising image, set to default
2024-05-22 16:57:40,646 [FATAL] Updater:308 - Updater called before beeing initialized
2024-05-22 16:57:40,648 [FATAL] Updater:308 - Updater called before beeing initialized
2024-05-22 16:57:40,648 [FATAL] Updater:308 - Updater called before beeing initialized
2024-05-22 16:57:40,648 [WARN] DetailPanel:346 - Failed to get advertising image, set to default
2024-05-22 16:57:40,649 [FATAL] Updater:308 - Updater called before beeing initialized
2024-05-22 16:57:40,743 [ERROR] Updater:1120 - MainUpdater not yet initialized. External WinMGr cannot be set.
2024-05-22 16:57:40,755 [INFO] Updater:1056 - Updater Version found : 6.10.0
2024-05-22 16:57:40,778 [INFO] ApplicationProperties:184 - Using Application install path: C:\ST\STM32CubeIDE_1.14.1\STM32CubeIDE\plugins\com.st.stm32cube.common.mx_6.10.0.202311202037
2024-05-22 16:57:42,378 [INFO] MainUpdater:2873 - connection check result : 10
2024-05-22 16:57:42,379 [INFO] MainUpdater:290 - Updater Check For Update Now.
2024-05-22 16:57:42,379 [INFO] MicroXplorer:498 - Change Database Version : DB.6.0.100
2024-05-22 16:57:42,431 [INFO] McuFinderGlobals:63 - Set McuFinder mode to 2 (CubeIDE integrated)
2024-05-22 16:57:42,701 [INFO] CheckServerUpdateThread:120 - End of CheckServer Thread
2024-05-22 16:57:43,085 [INFO] UserAuth:404 - Internet connection configuration mode: 1
2024-05-22 16:57:43,116 [INFO] JxBrowserEngine:152 - Initiate JxBrowser Engine with user profile folder
2024-05-22 16:57:43,356 [WARN] PackLoader:240 - Cannot read IP mode file for STMicroelectronics.FP-SNS-MOTENVWB1.1.4.0
2024-05-22 16:57:43,388 [WARN] PackLoader:240 - Cannot read IP mode file for STMicroelectronics.X-CUBE-SMBUS.2.1.0
2024-05-22 16:57:43,409 [WARN] PackLoader:240 - Cannot read IP mode file for STMicroelectronics.X-CUBE-TOUCHGFX.4.23.1
2024-05-22 16:57:43,425 [WARN] PackLoader:240 - Cannot read IP mode file for STMicroelectronics.X-CUBE-TOUCHGFX.4.23.0
2024-05-22 16:57:43,440 [WARN] PackLoader:240 - Cannot read IP mode file for STMicroelectronics.X-CUBE-TOUCHGFX.4.23.2
2024-05-22 16:57:43,502 [WARN] PackLoader:240 - Cannot read IP mode file for STMicroelectronics.X-CUBE-AZRTOS-F7.1.1.0
2024-05-22 16:57:43,530 [WARN] PackLoader:240 - Cannot read IP mode file for STMicroelectronics.FP-SNS-MOTENV1.4.3.2
2024-05-22 16:57:43,550 [WARN] PackLoader:240 - Cannot read IP mode file for STMicroelectronics.FP-SNS-FLIGHT1.5.0.2
2024-05-22 16:57:43,571 [WARN] PackLoader:240 - Cannot read IP mode file for STMicroelectronics.X-CUBE-DISPLAY.3.0.0
2024-05-22 16:57:43,598 [WARN] PackLoader:240 - Cannot read IP mode file for STMicroelectronics.X-CUBE-BLE1.7.0.0
2024-05-22 16:57:43,619 [WARN] PackLoader:240 - Cannot read IP mode file for emotas.I-CUBE-CANOPEN.1.3.0
2024-05-22 16:57:43,648 [WARN] PackLoader:240 - Cannot read IP mode file for STMicroelectronics.X-CUBE-BLEMGR.3.1.0
2024-05-22 16:57:43,680 [WARN] PackLoader:240 - Cannot read IP mode file for STMicroelectronics.FP-SNS-SMARTAG2.1.2.0
2024-05-22 16:57:43,705 [INFO] LogOutputStream:77 - [STDOUT_REDIRECT] 1 : Invalid condition id : UX_CORESTACK_Condition cause : null
2024-05-22 16:57:43,705 [INFO] LogOutputStream:77 - [STDOUT_REDIRECT] 1 : Invalid condition id : UX_CORESTACK_Condition cause : null
2024-05-22 16:57:43,706 [INFO] LogOutputStream:77 - [STDOUT_REDIRECT] 1 : Invalid condition id : UX_CORESTACK_Condition cause : null
2024-05-22 16:57:43,708 [INFO] LogOutputStream:77 - [STDOUT_REDIRECT] 1 : Invalid condition id : UX_CORESTACK_Condition cause : null
2024-05-22 16:57:43,709 [INFO] LogOutputStream:77 - [STDOUT_REDIRECT] 1 : Invalid condition id : UX_CORESTACK_Condition cause : null
2024-05-22 16:57:43,712 [WARN] PackLoader:240 - Cannot read IP mode file for STMicroelectronics.X-CUBE-AZRTOS-WL.2.0.0
2024-05-22 16:57:43,727 [WARN] PackLoader:240 - Cannot read IP mode file for STMicroelectronics.FP-SNS-MOTENV1.5.0.0
2024-05-22 16:57:43,747 [WARN] PackLoader:240 - Cannot read IP mode file for WES.I-CUBE-Cesium.1.3.0
2024-05-22 16:57:43,763 [WARN] PackLoader:240 - Cannot read IP mode file for STMicroelectronics.X-CUBE-BLE2.3.3.0
2024-05-22 16:57:43,778 [WARN] PackLoader:240 - Cannot read IP mode file for STMicroelectronics.X-CUBE-TCPP.4.1.0
2024-05-22 16:57:43,796 [WARN] PackLoader:240 - Cannot read IP mode file for STMicroelectronics.X-CUBE-ALGOBUILD.1.3.0
2024-05-22 16:57:43,827 [WARN] PackLoader:240 - Cannot read IP mode file for STMicroelectronics.X-CUBE-AZRTOS-G0.1.1.0
2024-05-22 16:57:43,848 [WARN] PackLoader:240 - Cannot read IP mode file for STMicroelectronics.X-CUBE-SAFEA1.1.2.2
2024-05-22 16:57:43,866 [WARN] PackLoader:240 - Cannot read IP mode file for STMicroelectronics.X-CUBE-NFC4.3.0.0
2024-05-22 16:57:43,882 [WARN] PackLoader:240 - Cannot read IP mode file for STMicroelectronics.FP-ATR-SIGFOX1.3.2.0
2024-05-22 16:57:43,899 [WARN] PackLoader:240 - Cannot read IP mode file for STMicroelectronics.X-CUBE-EEPRMA1.5.1.0
2024-05-22 16:57:43,947 [WARN] PackLoader:240 - Cannot read IP mode file for SEGGER.I-CUBE-embOS.1.3.1
2024-05-22 16:57:44,005 [WARN] PackLoader:240 - Cannot read IP mode file for STMicroelectronics.X-CUBE-ALGOBUILD.1.4.0
2024-05-22 16:57:44,027 [WARN] PackLoader:240 - Cannot read IP mode file for STMicroelectronics.X-CUBE-GNSS1.6.0.0
2024-05-22 16:57:44,068 [WARN] PackLoader:240 - Cannot read IP mode file for STMicroelectronics.X-CUBE-AZRTOS-F4.1.1.0
2024-05-22 16:57:44,087 [WARN] PackLoader:240 - Cannot read IP mode file for STMicroelectronics.X-CUBE-FREERTOS.1.2.0
2024-05-22 16:57:44,106 [WARN] PackLoader:240 - Cannot read IP mode file for wolfSSL.I-CUBE-wolfSSL.5.6.6
2024-05-22 16:57:44,152 [WARN] PackLoader:240 - Cannot read IP mode file for STMicroelectronics.X-CUBE-AZRTOS-L5.2.0.0
2024-05-22 16:57:44,186 [WARN] PackLoader:240 - Cannot read IP mode file for STMicroelectronics.X-CUBE-NFC6.3.1.0
2024-05-22 16:57:44,208 [WARN] PackLoader:240 - Cannot read IP mode file for ITTIA_DB.I-CUBE-ITTIADB.8.8.0
2024-05-22 16:57:44,240 [WARN] PackLoader:240 - Cannot read IP mode file for STMicroelectronics.X-CUBE-AI.9.0.0
2024-05-22 16:57:44,260 [WARN] PackLoader:240 - Cannot read IP mode file for STMicroelectronics.X-CUBE-NFC7.1.0.1
2024-05-22 16:57:44,301 [WARN] PackLoader:240 - Cannot read IP mode file for STMicroelectronics.X-CUBE-NFC6.3.0.0
2024-05-22 16:57:44,318 [WARN] PackLoader:240 - Cannot read IP mode file for STMicroelectronics.X-CUBE-AI.8.1.0
2024-05-22 16:57:44,353 [WARN] ConditionMgr:438 - getConditionDescription Invalid condition id : LAN8742 Phy interface Condition cause : null
2024-05-22 16:57:44,354 [WARN] PackLoader:240 - Cannot read IP mode file for STMicroelectronics.X-CUBE-AZRTOS-L4.2.0.0
2024-05-22 16:57:44,355 [WARN] ConditionMgr:1039 - genDependencies : Invalid condition id : LAN8742 Phy interface Condition cause : null
2024-05-22 16:57:44,355 [WARN] ConditionMgr:1039 - genDependencies : Invalid condition id : LAN8742 Phy interface Condition cause : null
2024-05-22 16:57:44,356 [WARN] ConditionMgr:1039 - genDependencies : Invalid condition id : LAN8742 Phy interface Condition cause : null
2024-05-22 16:57:44,378 [WARN] PackLoader:240 - Cannot read IP mode file for STMicroelectronics.X-CUBE-SFXS2LP1.4.0.0
2024-05-22 16:57:44,407 [WARN] ConditionMgr:438 - getConditionDescription Invalid condition id : UX DEVICE CLASS RTOS Condition cause : null
2024-05-22 16:57:44,407 [WARN] ConditionMgr:438 - getConditionDescription Invalid condition id : UX DEVICE CLASS RTOS Condition cause : null
2024-05-22 16:57:44,409 [WARN] PackLoader:240 - Cannot read IP mode file for STMicroelectronics.X-CUBE-AZRTOS-WB.2.0.0
2024-05-22 16:57:44,410 [WARN] ConditionMgr:1039 - genDependencies : Invalid condition id : UX DEVICE CLASS RTOS Condition cause : null
2024-05-22 16:57:44,410 [WARN] ConditionMgr:1039 - genDependencies : Invalid condition id : UX DEVICE CLASS RTOS Condition cause : null
2024-05-22 16:57:44,410 [WARN] ConditionMgr:1039 - genDependencies : Invalid condition id : UX DEVICE CLASS RTOS Condition cause : null
2024-05-22 16:57:44,411 [WARN] ConditionMgr:1039 - genDependencies : Invalid condition id : UX DEVICE CLASS RTOS Condition cause : null
2024-05-22 16:57:44,411 [WARN] ConditionMgr:1039 - genDependencies : Invalid condition id : UX DEVICE CLASS RTOS Condition cause : null
2024-05-22 16:57:44,435 [WARN] PackLoader:240 - Cannot read IP mode file for STMicroelectronics.X-CUBE-SUBG2.5.0.0
2024-05-22 16:57:44,473 [WARN] PackLoader:240 - Cannot read IP mode file for STMicroelectronics.X-CUBE-AZRTOS-G4.2.0.0
2024-05-22 16:57:44,501 [WARN] PackLoader:240 - Cannot read IP mode file for Infineon.AIROC-Wi-Fi-Bluetooth-STM32.1.5.1
2024-05-22 16:57:44,518 [WARN] PackLoader:240 - Cannot read IP mode file for STMicroelectronics.FP-SNS-MOTENVWB1.1.3.1
2024-05-22 16:57:44,533 [WARN] PackLoader:240 - Cannot read IP mode file for STMicroelectronics.X-CUBE-ISPU.2.0.0
2024-05-22 16:57:44,548 [WARN] PackLoader:240 - Cannot read IP mode file for STMicroelectronics.X-CUBE-ALS.1.0.2
2024-05-22 16:57:44,617 [WARN] PackLoader:240 - Cannot read IP mode file for STMicroelectronics.X-CUBE-MEMS1.10.0.0
2024-05-22 16:57:44,798 [WARN] PackLoader:240 - Cannot read IP mode file for STMicroelectronics.X-CUBE-FREERTOS.1.1.0
2024-05-22 16:57:44,818 [WARN] PackLoader:240 - Cannot read IP mode file for portGmbH.I-Cube-SoM-uGOAL.1.1.0
2024-05-22 16:57:44,834 [WARN] PackLoader:240 - Cannot read IP mode file for STMicroelectronics.X-CUBE-ALS.1.0.1
2024-05-22 16:57:44,869 [WARN] PackLoader:240 - Cannot read IP mode file for STMicroelectronics.X-CUBE-AZRTOS-H7RS.1.0.0
2024-05-22 16:57:44,889 [WARN] PackLoader:240 - Cannot read IP mode file for STMicroelectronics.FP-ATR-ASTRA1.2.0.0
2024-05-22 16:57:44,916 [WARN] PackLoader:240 - Cannot read IP mode file for STMicroelectronics.X-CUBE-TOF1.3.4.1
2024-05-22 16:57:44,969 [WARN] PackLoader:240 - Cannot read IP mode file for STMicroelectronics.X-CUBE-AZRTOS-H7.3.2.0
2024-05-22 16:57:44,973 [INFO] ThirdParty:978 - Integrity check success = true
2024-05-22 16:57:44,973 [INFO] IntegrityCheckThread:100 - exiting critical section [integrity check]
2024-05-22 16:57:44,973 [INFO] IntegrityCheckThread:103 - End integrity checks thread
2024-05-22 16:57:46,668 [INFO] WebApp:161 - Instantiating new browser for Auth
2024-05-22 16:57:47,333 [INFO] WebApp:780 - Register for checkConnection events
2024-05-22 16:57:47,333 [INFO] WebApp:414 - Apply proxy settings
2024-05-22 16:57:47,333 [INFO] WebApp:499 - Chromium requires no authentication
2024-05-22 16:57:47,345 [INFO] WebApp:442 - Direct internet connection detected
2024-05-22 16:57:47,558 [INFO] WebApp:192 - Starting web application
2024-05-22 16:57:47,558 [INFO] WebApp:544 - Web application path used C:\ST\STM32CubeIDE_1.14.1\STM32CubeIDE\plugins\com.st.stm32cube.common.mx_6.10.0.202311202037\db\plugins\mcufinder\reactClient1\index.html
2024-05-22 16:58:08,815 [ERROR] LogOutputStream:75 - [STDERR_REDIRECT] SLF4J: Failed to load class "org.slf4j.impl.StaticLoggerBinder".
2024-05-22 16:58:08,816 [ERROR] LogOutputStream:75 - [STDERR_REDIRECT] SLF4J: Defaulting to no-operation (NOP) logger implementation
2024-05-22 16:58:08,817 [ERROR] LogOutputStream:75 - [STDERR_REDIRECT] SLF4J: See http://www.slf4j.org/codes.html#StaticLoggerBinder for further details.
2024-05-22 17:29:43,520 [ERROR] ConfigurationRetriever:142 - IOException on connection: Remote host terminated the handshake
2024-05-22 17:29:43,529 [ERROR] ConfigurationRetriever:142 - IOException on connection: Remote host terminated the handshake
2024-05-22 17:29:43,538 [ERROR] ConfigurationRetriever:142 - IOException on connection: Remote host terminated the handshake
2024-05-22 17:30:22,045 [ERROR] ConfigurationRetriever:142 - IOException on connection: Remote host terminated the handshake
2024-05-22 17:30:22,053 [ERROR] ConfigurationRetriever:142 - IOException on connection: Remote host terminated the handshake
2024-05-22 17:30:22,061 [ERROR] ConfigurationRetriever:142 - IOException on connection: Remote host terminated the handshake
2024-05-22 17:30:54,559 [ERROR] ConfigurationRetriever:142 - IOException on connection: Remote host terminated the handshake
2024-05-22 17:30:54,566 [ERROR] ConfigurationRetriever:142 - IOException on connection: Remote host terminated the handshake
2024-05-22 17:30:54,573 [ERROR] ConfigurationRetriever:142 - IOException on connection: Remote host terminated the handshake
2024-05-22 17:31:17,226 [ERROR] ConfigurationRetriever:142 - IOException on connection: Remote host terminated the handshake
2024-05-22 17:31:17,237 [ERROR] ConfigurationRetriever:142 - IOException on connection: Remote host terminated the handshake
2024-05-22 17:31:17,245 [ERROR] ConfigurationRetriever:142 - IOException on connection: Remote host terminated the handshake
2024-05-22 17:31:42,537 [ERROR] ConfigurationRetriever:142 - IOException on connection: Remote host terminated the handshake
2024-05-22 17:31:42,546 [ERROR] ConfigurationRetriever:142 - IOException on connection: Remote host terminated the handshake
2024-05-22 17:31:42,556 [ERROR] ConfigurationRetriever:142 - IOException on connection: Remote host terminated the handshake
2024-05-22 17:32:11,158 [ERROR] ConfigurationRetriever:142 - IOException on connection: Remote host terminated the handshake
2024-05-22 17:32:11,168 [ERROR] ConfigurationRetriever:142 - IOException on connection: Remote host terminated the handshake
2024-05-22 17:32:11,181 [ERROR] ConfigurationRetriever:142 - IOException on connection: Remote host terminated the handshake
2024-05-22 17:32:31,482 [ERROR] ConfigurationRetriever:142 - IOException on connection: Remote host terminated the handshake
2024-05-22 17:32:31,488 [ERROR] ConfigurationRetriever:142 - IOException on connection: Remote host terminated the handshake
2024-05-22 17:32:31,493 [ERROR] ConfigurationRetriever:142 - IOException on connection: Remote host terminated the handshake
2024-05-22 17:39:38,670 [ERROR] ConfigurationRetriever:142 - IOException on connection: Remote host terminated the handshake
2024-05-22 17:39:38,677 [ERROR] ConfigurationRetriever:142 - IOException on connection: Remote host terminated the handshake
2024-05-22 17:39:38,687 [ERROR] ConfigurationRetriever:142 - IOException on connection: Remote host terminated the handshake
2024-05-22 17:39:38,887 [ERROR] ConfigurationRetriever:142 - IOException on connection: Remote host terminated the handshake
2024-05-22 17:39:38,900 [ERROR] ConfigurationRetriever:142 - IOException on connection: Remote host terminated the handshake
2024-05-22 17:39:38,905 [ERROR] ConfigurationRetriever:142 - IOException on connection: Remote host terminated the handshake
2024-05-22 17:41:11,104 [ERROR] ConfigurationRetriever:142 - IOException on connection: Remote host terminated the handshake
2024-05-22 17:41:11,113 [ERROR] ConfigurationRetriever:142 - IOException on connection: Remote host terminated the handshake
2024-05-22 17:41:11,129 [ERROR] ConfigurationRetriever:142 - IOException on connection: Remote host terminated the handshake
2024-05-22 17:41:11,296 [ERROR] ConfigurationRetriever:142 - IOException on connection: Remote host terminated the handshake
2024-05-22 17:41:11,304 [ERROR] ConfigurationRetriever:142 - IOException on connection: Remote host terminated the handshake
2024-05-22 17:41:11,320 [ERROR] ConfigurationRetriever:142 - IOException on connection: Remote host terminated the handshake
2024-05-22 17:43:26,132 [ERROR] ConfigurationRetriever:142 - IOException on connection: Remote host terminated the handshake
2024-05-22 17:43:26,156 [ERROR] ConfigurationRetriever:142 - IOException on connection: Remote host terminated the handshake
2024-05-22 17:43:26,179 [ERROR] ConfigurationRetriever:142 - IOException on connection: Remote host terminated the handshake
2024-05-22 17:43:26,319 [ERROR] ConfigurationRetriever:142 - IOException on connection: Remote host terminated the handshake
2024-05-22 17:43:26,339 [ERROR] ConfigurationRetriever:142 - IOException on connection: Remote host terminated the handshake
2024-05-22 17:43:26,349 [ERROR] ConfigurationRetriever:142 - IOException on connection: Remote host terminated the handshake
2024-05-22 18:20:20,934 [ERROR] ConfigurationRetriever:142 - IOException on connection: Remote host terminated the handshake
2024-05-22 18:20:20,940 [ERROR] ConfigurationRetriever:142 - IOException on connection: Remote host terminated the handshake
2024-05-22 18:20:20,965 [ERROR] ConfigurationRetriever:142 - IOException on connection: Remote host terminated the handshake
2024-05-22 18:20:21,171 [ERROR] ConfigurationRetriever:142 - IOException on connection: Remote host terminated the handshake
2024-05-22 18:20:21,178 [ERROR] ConfigurationRetriever:142 - IOException on connection: Remote host terminated the handshake
2024-05-22 18:20:21,186 [ERROR] ConfigurationRetriever:142 - IOException on connection: Remote host terminated the handshake
2024-05-22 18:22:21,415 [ERROR] ConfigurationRetriever:142 - IOException on connection: Remote host terminated the handshake
2024-05-22 18:22:21,472 [ERROR] ConfigurationRetriever:142 - IOException on connection: Remote host terminated the handshake
2024-05-22 18:22:21,500 [ERROR] ConfigurationRetriever:142 - IOException on connection: Remote host terminated the handshake
2024-05-22 18:22:55,780 [ERROR] ConfigurationRetriever:142 - IOException on connection: Remote host terminated the handshake
2024-05-22 18:22:55,789 [ERROR] ConfigurationRetriever:142 - IOException on connection: Remote host terminated the handshake
2024-05-22 18:22:55,796 [ERROR] ConfigurationRetriever:142 - IOException on connection: Remote host terminated the handshake
