2024-05-26 10:59:23,461 [INFO] Activator:176 - 


2024-05-26 10:59:23,467 [INFO] Activator:177 - !SESSION log4j initialized
2024-05-26 10:59:31,067 [INFO] LogOutputStream:77 - [STDOUT_REDIRECT] 
2024-05-26 10:59:36,907 [INFO] ApplicationProperties:184 - Using Application install path: C:\ST\STM32CubeIDE_1.14.1\STM32CubeIDE\plugins\com.st.stm32cube.common.mx_6.10.0.202311202037
2024-05-26 10:59:36,929 [INFO] DbMcusXml:78 - Set database path to: C:\ST\STM32CubeIDE_1.14.1\STM32CubeIDE\plugins\com.st.stm32cube.common.mx_6.10.0.202311202037\\db\/mcu/
2024-05-26 10:59:36,929 [INFO] ApiDb:274 - Set plugin database path to: C:\ST\STM32CubeIDE_1.14.1\STM32CubeIDE\plugins\com.st.stm32cube.common.mx_6.10.0.202311202037\\db\/plugins/boardmanager/
2024-05-26 10:59:36,929 [WARN] ApiDb:259 - Overriding images path with different value:  => C:\ST\STM32CubeIDE_1.14.1\STM32CubeIDE\plugins\com.st.stm32cube.common.mx_6.10.0.202311202037\\db\/plugins/mcufinder/images/
2024-05-26 10:59:36,946 [INFO] ApiDb:250 - Set database path to: C:\Users\nguye\.stmcufinder\plugins\mcufinder//mcu/
2024-05-26 10:59:36,948 [INFO] DbMcusAds:125 - Set database path to: C:\Users\nguye\.stmcufinder\plugins\mcufinder//mcu/
2024-05-26 10:59:36,951 [INFO] CrossReferenceDbSqlite:203 - Set database path to: C:\Users\nguye\.stmcufinder\plugins\mcufinder//mcu/cs/
2024-05-26 10:59:37,088 [INFO] RulesReader:64 - Compatibility file has been processed (297 Rules)
2024-05-26 10:59:37,196 [INFO] DbMcusXml:78 - Set database path to: C:\ST\STM32CubeIDE_1.14.1\STM32CubeIDE\plugins\com.st.stm32cube.common.mx_6.10.0.202311202037\\db\/mcu/
2024-05-26 10:59:37,196 [INFO] ApiDb:274 - Set plugin database path to: C:\ST\STM32CubeIDE_1.14.1\STM32CubeIDE\plugins\com.st.stm32cube.common.mx_6.10.0.202311202037\\db\/plugins/boardmanager/
2024-05-26 10:59:37,197 [INFO] ApiDb:261 - Set plugin images path to: C:\ST\STM32CubeIDE_1.14.1\STM32CubeIDE\plugins\com.st.stm32cube.common.mx_6.10.0.202311202037\\db\/plugins/mcufinder/images/
2024-05-26 10:59:37,197 [WARN] DbFile:41 - Overriding database path with different value: C:\Users\nguye\.stmcufinder\plugins\mcufinder/ => C:\Users\nguye\.stmcufinder\plugins\mcufinder
2024-05-26 10:59:37,197 [INFO] ApiDb:250 - Set database path to: C:\Users\nguye\.stmcufinder\plugins\mcufinder//mcu/
2024-05-26 10:59:37,197 [WARN] DbFile:41 - Overriding database path with different value: C:\Users\nguye\.stmcufinder\plugins\mcufinder/ => C:\Users\nguye\.stmcufinder\plugins\mcufinder
2024-05-26 10:59:37,197 [INFO] DbMcusAds:125 - Set database path to: C:\Users\nguye\.stmcufinder\plugins\mcufinder//mcu/
2024-05-26 10:59:37,197 [WARN] DbFile:41 - Overriding database path with different value: C:\Users\nguye\.stmcufinder\plugins\mcufinder/ => C:\Users\nguye\.stmcufinder\plugins\mcufinder
2024-05-26 10:59:37,198 [WARN] DbFile:41 - Overriding database path with different value: C:\Users\nguye\.stmcufinder\plugins\mcufinder/ => C:\Users\nguye\.stmcufinder\plugins\mcufinder
2024-05-26 10:59:37,198 [INFO] CrossReferenceDbSqlite:203 - Set database path to: C:\Users\nguye\.stmcufinder\plugins\mcufinder//mcu/cs/
2024-05-26 10:59:37,300 [INFO] MainPanel:264 - HeapMemory: 268435456
2024-05-26 10:59:37,411 [INFO] DbMcusXml:78 - Set database path to: C:\ST\STM32CubeIDE_1.14.1\STM32CubeIDE\plugins\com.st.stm32cube.common.mx_6.10.0.202311202037\\db\/mcu/
2024-05-26 10:59:37,411 [INFO] ApiDb:274 - Set plugin database path to: C:\ST\STM32CubeIDE_1.14.1\STM32CubeIDE\plugins\com.st.stm32cube.common.mx_6.10.0.202311202037\\db\/plugins/boardmanager/
2024-05-26 10:59:37,411 [INFO] ApiDb:261 - Set plugin images path to: C:\ST\STM32CubeIDE_1.14.1\STM32CubeIDE\plugins\com.st.stm32cube.common.mx_6.10.0.202311202037\\db\/plugins/mcufinder/images/
2024-05-26 10:59:37,412 [WARN] DbFile:41 - Overriding database path with different value: C:\Users\nguye\.stmcufinder\plugins\mcufinder/ => C:\Users\nguye\.stmcufinder\plugins\mcufinder
2024-05-26 10:59:37,412 [INFO] ApiDb:250 - Set database path to: C:\Users\nguye\.stmcufinder\plugins\mcufinder//mcu/
2024-05-26 10:59:37,412 [WARN] DbFile:41 - Overriding database path with different value: C:\Users\nguye\.stmcufinder\plugins\mcufinder/ => C:\Users\nguye\.stmcufinder\plugins\mcufinder
2024-05-26 10:59:37,412 [INFO] DbMcusAds:125 - Set database path to: C:\Users\nguye\.stmcufinder\plugins\mcufinder//mcu/
2024-05-26 10:59:37,412 [WARN] DbFile:41 - Overriding database path with different value: C:\Users\nguye\.stmcufinder\plugins\mcufinder/ => C:\Users\nguye\.stmcufinder\plugins\mcufinder
2024-05-26 10:59:37,413 [WARN] DbFile:41 - Overriding database path with different value: C:\Users\nguye\.stmcufinder\plugins\mcufinder/ => C:\Users\nguye\.stmcufinder\plugins\mcufinder
2024-05-26 10:59:37,413 [INFO] CrossReferenceDbSqlite:203 - Set database path to: C:\Users\nguye\.stmcufinder\plugins\mcufinder//mcu/cs/
2024-05-26 10:59:37,436 [INFO] ApplicationProperties:184 - Using Application install path: C:\ST\STM32CubeIDE_1.14.1\STM32CubeIDE\plugins\com.st.stm32cube.common.mx_6.10.0.202311202037
2024-05-26 10:59:37,438 [INFO] PluginManage:196 - Search for loadable plugins [exclusion list=, ]
2024-05-26 10:59:37,440 [INFO] PluginManage:310 - Check plugin analytics
2024-05-26 10:59:37,624 [INFO] AnalyticsPlugin:253 - Accepted Software Licenses: STM32CubeMX.6.10.0
2024-05-26 10:59:37,624 [INFO] AnalyticsPlugin:255 - Accepted CMSIS Pack Licenses: 
2024-05-26 10:59:37,624 [INFO] AnalyticsPlugin:257 - Accepted Firmware Licenses: FW.F4.1.27.0,FW.F4.1.28.0
2024-05-26 10:59:37,628 [INFO] PluginManage:359 - Loaded plugin analytics (category:tool,tabindex:-1)
2024-05-26 10:59:37,628 [INFO] PluginManage:310 - Check plugin cadmodel
2024-05-26 10:59:37,646 [INFO] CADModel:105 - Init CAD model plugin
2024-05-26 10:59:37,647 [INFO] PluginManage:359 - Loaded plugin cadmodel (category:power,tabindex:5)
2024-05-26 10:59:37,647 [INFO] PluginManage:310 - Check plugin clock
2024-05-26 10:59:37,671 [INFO] PluginManage:359 - Loaded plugin clock (category:base,tabindex:2)
2024-05-26 10:59:37,671 [INFO] PluginManage:310 - Check plugin ddr
2024-05-26 10:59:37,673 [INFO] PluginManage:359 - Loaded plugin ddr (category:tool,tabindex:6)
2024-05-26 10:59:37,674 [INFO] PluginManage:310 - Check plugin filemanager
2024-05-26 10:59:37,832 [INFO] PluginManage:359 - Loaded plugin filemanager (category:base,tabindex:10)
2024-05-26 10:59:37,832 [INFO] PluginManage:310 - Check plugin ipmanager
2024-05-26 10:59:37,841 [INFO] PluginManage:359 - Loaded plugin ipmanager (category:base,tabindex:5)
2024-05-26 10:59:37,841 [INFO] PluginManage:310 - Check plugin lpbam
2024-05-26 10:59:37,863 [INFO] PluginManage:359 - Loaded plugin lpbam (category:base,tabindex:0)
2024-05-26 10:59:37,863 [INFO] PluginManage:310 - Check plugin memorymap
2024-05-26 10:59:37,893 [INFO] PluginManage:359 - Loaded plugin memorymap (category:base,tabindex:4)
2024-05-26 10:59:37,893 [INFO] PluginManage:310 - Check plugin pinoutandconfiguration
2024-05-26 10:59:37,915 [INFO] PluginManage:359 - Loaded plugin pinoutandconfiguration (category:base,tabindex:1)
2024-05-26 10:59:37,915 [INFO] PluginManage:310 - Check plugin pinoutconfig
2024-05-26 10:59:38,029 [WARN] SupportedApi:132 - Cannot load RTOS API schema: s4s-elt-must-match.1: The content of 'definitions' must match (annotation?, (simpleType | complexType)?, (unique | key | keyref)*)). A problem was found starting at: attribute.
2024-05-26 10:59:38,183 [INFO] PluginManage:359 - Loaded plugin pinoutconfig (category:base,tabindex:0)
2024-05-26 10:59:38,183 [INFO] PluginManage:310 - Check plugin power
2024-05-26 10:59:38,206 [INFO] PluginManage:359 - Loaded plugin power (category:power,tabindex:4)
2024-05-26 10:59:38,206 [INFO] PluginManage:310 - Check plugin projectmanager
2024-05-26 10:59:38,226 [INFO] PluginManage:359 - Loaded plugin projectmanager (category:projectmanager,tabindex:3)
2024-05-26 10:59:38,226 [INFO] PluginManage:310 - Check plugin thirdparty
2024-05-26 10:59:38,563 [INFO] PluginManage:359 - Loaded plugin thirdparty (category:base,tabindex:-1)
2024-05-26 10:59:38,563 [WARN] IntegrityCheckThread:84 - waiting for thirdparty lock release [integrity check]
2024-05-26 10:59:38,563 [INFO] PluginManage:310 - Check plugin tools
2024-05-26 10:59:38,563 [INFO] IntegrityCheckThread:86 - entering critical section [integrity check]
2024-05-26 10:59:38,564 [INFO] ThirdPartyUpdaterWithRetryManager:70 - Updater plugin not ready yet. [1/15]
2024-05-26 10:59:38,604 [INFO] PluginManage:359 - Loaded plugin tools (category:base,tabindex:7)
2024-05-26 10:59:38,605 [INFO] PluginManage:310 - Check plugin tutovideos
2024-05-26 10:59:38,877 [INFO] PluginManage:359 - Loaded plugin tutovideos (category:base,tabindex:-1)
2024-05-26 10:59:38,877 [INFO] PluginManage:310 - Check plugin updater
2024-05-26 10:59:38,890 [INFO] PluginManage:359 - Loaded plugin updater (category:base,tabindex:12)
2024-05-26 10:59:38,890 [INFO] PluginManage:310 - Check plugin userauth
2024-05-26 10:59:38,896 [INFO] UserAuth:114 - Init User Auth plugin
2024-05-26 10:59:38,896 [INFO] PluginManage:359 - Loaded plugin userauth (category:base,tabindex:14)
2024-05-26 10:59:38,897 [INFO] PluginManage:283 - PluginManage : Loaded plugins [17]
2024-05-26 10:59:39,143 [INFO] PinOutPanel:1499 - setPackage(No Configuration,No Configuration)
2024-05-26 10:59:39,235 [INFO] CADModel:165 - CPN selected for project level
2024-05-26 10:59:39,235 [INFO] CADModel:114 - Register for checkConnection events
2024-05-26 10:59:39,267 [INFO] IPUIPlugin:80 - create IPUIPlugin
2024-05-26 10:59:39,268 [INFO] PluginManager:220 - loadIPPluginJar : add adc
2024-05-26 10:59:39,311 [INFO] IPUIPlugin:80 - create IPUIPlugin
2024-05-26 10:59:39,312 [INFO] PluginManager:220 - loadIPPluginJar : add aes
2024-05-26 10:59:39,360 [INFO] IPUIPlugin:80 - create IPUIPlugin
2024-05-26 10:59:39,360 [INFO] PluginManager:220 - loadIPPluginJar : add can
2024-05-26 10:59:39,389 [INFO] IPUIPlugin:80 - create IPUIPlugin
2024-05-26 10:59:39,390 [INFO] PluginManager:220 - loadIPPluginJar : add comp
2024-05-26 10:59:39,429 [INFO] IPUIPlugin:80 - create IPUIPlugin
2024-05-26 10:59:39,430 [INFO] PluginManager:220 - loadIPPluginJar : add cryp
2024-05-26 10:59:39,464 [INFO] IPUIPlugin:80 - create IPUIPlugin
2024-05-26 10:59:39,465 [INFO] PluginManager:220 - loadIPPluginJar : add dfsdm
2024-05-26 10:59:39,484 [INFO] IPUIPlugin:80 - create IPUIPlugin
2024-05-26 10:59:39,484 [INFO] PluginManager:220 - loadIPPluginJar : add dma
2024-05-26 10:59:39,537 [INFO] IPUIPlugin:80 - create IPUIPlugin
2024-05-26 10:59:39,537 [INFO] PluginManager:220 - loadIPPluginJar : add dma3
2024-05-26 10:59:39,565 [INFO] IPUIPlugin:80 - create IPUIPlugin
2024-05-26 10:59:39,565 [INFO] PluginManager:220 - loadIPPluginJar : add fatfs
2024-05-26 10:59:39,622 [INFO] IPUIPlugin:80 - create IPUIPlugin
2024-05-26 10:59:39,622 [INFO] PluginManager:220 - loadIPPluginJar : add fmc
2024-05-26 10:59:39,644 [INFO] IPUIPlugin:80 - create IPUIPlugin
2024-05-26 10:59:39,644 [INFO] PluginManager:220 - loadIPPluginJar : add freertos
2024-05-26 10:59:39,670 [INFO] IPUIPlugin:80 - create IPUIPlugin
2024-05-26 10:59:39,670 [INFO] PluginManager:220 - loadIPPluginJar : add genericplugin
2024-05-26 10:59:39,781 [INFO] IPUIPlugin:80 - create IPUIPlugin
2024-05-26 10:59:39,781 [INFO] PluginManager:220 - loadIPPluginJar : add gfxmmu
2024-05-26 10:59:39,939 [INFO] IPUIPlugin:80 - create IPUIPlugin
2024-05-26 10:59:39,939 [INFO] PluginManager:220 - loadIPPluginJar : add gic
2024-05-26 10:59:39,962 [INFO] IPUIPlugin:80 - create IPUIPlugin
2024-05-26 10:59:39,962 [INFO] PluginManager:220 - loadIPPluginJar : add gpio
2024-05-26 10:59:40,085 [INFO] IPUIPlugin:80 - create IPUIPlugin
2024-05-26 10:59:40,085 [INFO] PluginManager:220 - loadIPPluginJar : add gtzc
2024-05-26 10:59:40,134 [INFO] IPUIPlugin:80 - create IPUIPlugin
2024-05-26 10:59:40,134 [INFO] PluginManager:220 - loadIPPluginJar : add hash
2024-05-26 10:59:40,213 [INFO] IPUIPlugin:80 - create IPUIPlugin
2024-05-26 10:59:40,213 [INFO] PluginManager:220 - loadIPPluginJar : add i2c
2024-05-26 10:59:40,268 [INFO] IPUIPlugin:80 - create IPUIPlugin
2024-05-26 10:59:40,268 [INFO] PluginManager:220 - loadIPPluginJar : add i2s
2024-05-26 10:59:40,331 [INFO] IPUIPlugin:80 - create IPUIPlugin
2024-05-26 10:59:40,332 [INFO] PluginManager:220 - loadIPPluginJar : add i3c
2024-05-26 10:59:40,481 [INFO] IPUIPlugin:80 - create IPUIPlugin
2024-05-26 10:59:40,481 [INFO] PluginManager:220 - loadIPPluginJar : add ipddr
2024-05-26 10:59:40,617 [INFO] IPUIPlugin:80 - create IPUIPlugin
2024-05-26 10:59:40,618 [INFO] PluginManager:220 - loadIPPluginJar : add linkedlist
2024-05-26 10:59:40,661 [INFO] IPUIPlugin:80 - create IPUIPlugin
2024-05-26 10:59:40,661 [INFO] PluginManager:220 - loadIPPluginJar : add lorawan
2024-05-26 10:59:40,709 [INFO] IPUIPlugin:80 - create IPUIPlugin
2024-05-26 10:59:40,710 [INFO] PluginManager:220 - loadIPPluginJar : add ltdc
2024-05-26 10:59:40,727 [INFO] IPUIPlugin:80 - create IPUIPlugin
2024-05-26 10:59:40,727 [INFO] PluginManager:220 - loadIPPluginJar : add mdma
2024-05-26 10:59:40,743 [INFO] IPUIPlugin:80 - create IPUIPlugin
2024-05-26 10:59:40,744 [INFO] PluginManager:220 - loadIPPluginJar : add nvic
2024-05-26 10:59:40,794 [INFO] IPUIPlugin:80 - create IPUIPlugin
2024-05-26 10:59:40,794 [INFO] PluginManager:220 - loadIPPluginJar : add opamp
2024-05-26 10:59:40,879 [INFO] IPUIPlugin:80 - create IPUIPlugin
2024-05-26 10:59:40,880 [INFO] PluginManager:220 - loadIPPluginJar : add openamp
2024-05-26 10:59:40,943 [INFO] IPUIPlugin:80 - create IPUIPlugin
2024-05-26 10:59:40,943 [INFO] PluginManager:220 - loadIPPluginJar : add pdm2pcm
2024-05-26 10:59:40,962 [INFO] IPUIPlugin:80 - create IPUIPlugin
2024-05-26 10:59:40,964 [INFO] PluginManager:220 - loadIPPluginJar : add plateformsettings
2024-05-26 10:59:40,995 [INFO] IPUIPlugin:80 - create IPUIPlugin
2024-05-26 10:59:40,995 [INFO] PluginManager:220 - loadIPPluginJar : add quadspi
2024-05-26 10:59:41,012 [INFO] IPUIPlugin:80 - create IPUIPlugin
2024-05-26 10:59:41,012 [INFO] PluginManager:220 - loadIPPluginJar : add resmgrutility
2024-05-26 10:59:41,079 [INFO] IPUIPlugin:80 - create IPUIPlugin
2024-05-26 10:59:41,079 [INFO] PluginManager:220 - loadIPPluginJar : add sai
2024-05-26 10:59:41,125 [INFO] IPUIPlugin:80 - create IPUIPlugin
2024-05-26 10:59:41,125 [INFO] PluginManager:220 - loadIPPluginJar : add spi
2024-05-26 10:59:41,209 [INFO] IPUIPlugin:80 - create IPUIPlugin
2024-05-26 10:59:41,209 [INFO] PluginManager:220 - loadIPPluginJar : add stm32_wpan
2024-05-26 10:59:41,238 [INFO] IPUIPlugin:80 - create IPUIPlugin
2024-05-26 10:59:41,238 [INFO] PluginManager:220 - loadIPPluginJar : add tim
2024-05-26 10:59:41,312 [INFO] IPUIPlugin:80 - create IPUIPlugin
2024-05-26 10:59:41,312 [INFO] PluginManager:220 - loadIPPluginJar : add touchsensing
2024-05-26 10:59:41,341 [INFO] IPUIPlugin:80 - create IPUIPlugin
2024-05-26 10:59:41,341 [INFO] PluginManager:220 - loadIPPluginJar : add tracer_emb
2024-05-26 10:59:41,369 [INFO] IPUIPlugin:80 - create IPUIPlugin
2024-05-26 10:59:41,369 [INFO] PluginManager:220 - loadIPPluginJar : add ts
2024-05-26 10:59:41,394 [INFO] IPUIPlugin:80 - create IPUIPlugin
2024-05-26 10:59:41,394 [INFO] PluginManager:220 - loadIPPluginJar : add tsc
2024-05-26 10:59:41,420 [INFO] IPUIPlugin:80 - create IPUIPlugin
2024-05-26 10:59:41,421 [INFO] PluginManager:220 - loadIPPluginJar : add ucpd
2024-05-26 10:59:41,472 [INFO] IPUIPlugin:80 - create IPUIPlugin
2024-05-26 10:59:41,472 [INFO] PluginManager:220 - loadIPPluginJar : add usart
2024-05-26 10:59:41,526 [INFO] IPUIPlugin:80 - create IPUIPlugin
2024-05-26 10:59:41,526 [INFO] PluginManager:220 - loadIPPluginJar : add usbx
2024-05-26 10:59:41,565 [INFO] ThirdPartyUpdaterWithRetryManager:70 - Updater plugin not ready yet. [2/15]
2024-05-26 10:59:41,668 [INFO] CADModel:165 - CPN selected for project level
2024-05-26 10:59:41,669 [INFO] CADModel:114 - Register for checkConnection events
2024-05-26 10:59:41,669 [FATAL] Updater:308 - Updater called before beeing initialized
2024-05-26 10:59:41,669 [ERROR] CADModel:125 - Updater not yet initialized, retry later 
2024-05-26 10:59:41,839 [INFO] CADModel:165 - CPN selected for project level
2024-05-26 10:59:41,840 [INFO] CADModel:114 - Register for checkConnection events
2024-05-26 10:59:41,840 [FATAL] Updater:308 - Updater called before beeing initialized
2024-05-26 10:59:41,840 [ERROR] CADModel:125 - Updater not yet initialized, retry later 
2024-05-26 10:59:41,844 [FATAL] Updater:308 - Updater called before beeing initialized
2024-05-26 10:59:41,991 [FATAL] Updater:308 - Updater called before beeing initialized
2024-05-26 10:59:42,006 [INFO] DbMcusAds:53 - JSON generation date=Thu May 16 16:22:00 ICT 2024 (1715851320852)
2024-05-26 10:59:42,007 [FATAL] Updater:308 - Updater called before beeing initialized
2024-05-26 10:59:42,111 [WARN] DetailPanel:346 - Failed to get advertising image, set to default
2024-05-26 10:59:42,246 [FATAL] Updater:308 - Updater called before beeing initialized
2024-05-26 10:59:42,248 [FATAL] Updater:308 - Updater called before beeing initialized
2024-05-26 10:59:42,249 [FATAL] Updater:308 - Updater called before beeing initialized
2024-05-26 10:59:42,249 [WARN] DetailPanel:346 - Failed to get advertising image, set to default
2024-05-26 10:59:42,250 [FATAL] Updater:308 - Updater called before beeing initialized
2024-05-26 10:59:42,331 [ERROR] Updater:1120 - MainUpdater not yet initialized. External WinMGr cannot be set.
2024-05-26 10:59:42,345 [INFO] Updater:1056 - Updater Version found : 6.10.0
2024-05-26 10:59:42,368 [INFO] ApplicationProperties:184 - Using Application install path: C:\ST\STM32CubeIDE_1.14.1\STM32CubeIDE\plugins\com.st.stm32cube.common.mx_6.10.0.202311202037
2024-05-26 10:59:43,157 [INFO] MainUpdater:2873 - connection check result : 10
2024-05-26 10:59:43,158 [INFO] MainUpdater:290 - Updater Check For Update Now.
2024-05-26 10:59:43,158 [INFO] MicroXplorer:498 - Change Database Version : DB.6.0.100
2024-05-26 10:59:43,183 [INFO] McuFinderGlobals:63 - Set McuFinder mode to 2 (CubeIDE integrated)
2024-05-26 10:59:43,415 [INFO] CheckServerUpdateThread:120 - End of CheckServer Thread
2024-05-26 10:59:43,513 [INFO] UserAuth:404 - Internet connection configuration mode: 1
2024-05-26 10:59:43,543 [INFO] JxBrowserEngine:152 - Initiate JxBrowser Engine with user profile folder
2024-05-26 10:59:44,845 [WARN] PackLoader:240 - Cannot read IP mode file for STMicroelectronics.FP-SNS-MOTENVWB1.1.4.0
2024-05-26 10:59:44,866 [WARN] PackLoader:240 - Cannot read IP mode file for STMicroelectronics.X-CUBE-SMBUS.2.1.0
2024-05-26 10:59:44,882 [WARN] PackLoader:240 - Cannot read IP mode file for STMicroelectronics.X-CUBE-TOUCHGFX.4.23.1
2024-05-26 10:59:44,893 [WARN] PackLoader:240 - Cannot read IP mode file for STMicroelectronics.X-CUBE-TOUCHGFX.4.23.0
2024-05-26 10:59:44,907 [WARN] PackLoader:240 - Cannot read IP mode file for STMicroelectronics.X-CUBE-TOUCHGFX.4.23.2
2024-05-26 10:59:44,972 [WARN] PackLoader:240 - Cannot read IP mode file for STMicroelectronics.X-CUBE-AZRTOS-F7.1.1.0
2024-05-26 10:59:44,999 [WARN] PackLoader:240 - Cannot read IP mode file for STMicroelectronics.FP-SNS-MOTENV1.4.3.2
2024-05-26 10:59:45,022 [WARN] PackLoader:240 - Cannot read IP mode file for STMicroelectronics.FP-SNS-FLIGHT1.5.0.2
2024-05-26 10:59:45,043 [WARN] PackLoader:240 - Cannot read IP mode file for STMicroelectronics.X-CUBE-DISPLAY.3.0.0
2024-05-26 10:59:45,076 [WARN] PackLoader:240 - Cannot read IP mode file for STMicroelectronics.X-CUBE-BLE1.7.0.0
2024-05-26 10:59:45,093 [WARN] PackLoader:240 - Cannot read IP mode file for emotas.I-CUBE-CANOPEN.1.3.0
2024-05-26 10:59:45,117 [WARN] PackLoader:240 - Cannot read IP mode file for STMicroelectronics.X-CUBE-BLEMGR.3.1.0
2024-05-26 10:59:45,136 [WARN] PackLoader:240 - Cannot read IP mode file for STMicroelectronics.FP-SNS-SMARTAG2.1.2.0
2024-05-26 10:59:45,160 [INFO] LogOutputStream:77 - [STDOUT_REDIRECT] 1 : Invalid condition id : UX_CORESTACK_Condition cause : null
2024-05-26 10:59:45,161 [INFO] LogOutputStream:77 - [STDOUT_REDIRECT] 1 : Invalid condition id : UX_CORESTACK_Condition cause : null
2024-05-26 10:59:45,162 [INFO] LogOutputStream:77 - [STDOUT_REDIRECT] 1 : Invalid condition id : UX_CORESTACK_Condition cause : null
2024-05-26 10:59:45,164 [INFO] LogOutputStream:77 - [STDOUT_REDIRECT] 1 : Invalid condition id : UX_CORESTACK_Condition cause : null
2024-05-26 10:59:45,165 [INFO] LogOutputStream:77 - [STDOUT_REDIRECT] 1 : Invalid condition id : UX_CORESTACK_Condition cause : null
2024-05-26 10:59:45,168 [WARN] PackLoader:240 - Cannot read IP mode file for STMicroelectronics.X-CUBE-AZRTOS-WL.2.0.0
2024-05-26 10:59:45,183 [WARN] PackLoader:240 - Cannot read IP mode file for STMicroelectronics.FP-SNS-MOTENV1.5.0.0
2024-05-26 10:59:45,204 [WARN] PackLoader:240 - Cannot read IP mode file for WES.I-CUBE-Cesium.1.3.0
2024-05-26 10:59:45,219 [WARN] PackLoader:240 - Cannot read IP mode file for STMicroelectronics.X-CUBE-BLE2.3.3.0
2024-05-26 10:59:45,236 [WARN] PackLoader:240 - Cannot read IP mode file for STMicroelectronics.X-CUBE-TCPP.4.1.0
2024-05-26 10:59:45,253 [WARN] PackLoader:240 - Cannot read IP mode file for STMicroelectronics.X-CUBE-ALGOBUILD.1.3.0
2024-05-26 10:59:45,294 [WARN] PackLoader:240 - Cannot read IP mode file for STMicroelectronics.X-CUBE-AZRTOS-G0.1.1.0
2024-05-26 10:59:45,317 [WARN] PackLoader:240 - Cannot read IP mode file for STMicroelectronics.X-CUBE-SAFEA1.1.2.2
2024-05-26 10:59:45,334 [WARN] PackLoader:240 - Cannot read IP mode file for STMicroelectronics.X-CUBE-NFC4.3.0.0
2024-05-26 10:59:45,352 [WARN] PackLoader:240 - Cannot read IP mode file for STMicroelectronics.FP-ATR-SIGFOX1.3.2.0
2024-05-26 10:59:45,368 [WARN] PackLoader:240 - Cannot read IP mode file for STMicroelectronics.X-CUBE-EEPRMA1.5.1.0
2024-05-26 10:59:45,422 [WARN] PackLoader:240 - Cannot read IP mode file for SEGGER.I-CUBE-embOS.1.3.1
2024-05-26 10:59:45,494 [WARN] PackLoader:240 - Cannot read IP mode file for STMicroelectronics.X-CUBE-ALGOBUILD.1.4.0
2024-05-26 10:59:45,516 [WARN] PackLoader:240 - Cannot read IP mode file for STMicroelectronics.X-CUBE-GNSS1.6.0.0
2024-05-26 10:59:45,559 [WARN] PackLoader:240 - Cannot read IP mode file for STMicroelectronics.X-CUBE-AZRTOS-F4.1.1.0
2024-05-26 10:59:45,584 [WARN] PackLoader:240 - Cannot read IP mode file for STMicroelectronics.X-CUBE-FREERTOS.1.2.0
2024-05-26 10:59:45,606 [WARN] PackLoader:240 - Cannot read IP mode file for wolfSSL.I-CUBE-wolfSSL.5.6.6
2024-05-26 10:59:45,649 [WARN] PackLoader:240 - Cannot read IP mode file for STMicroelectronics.X-CUBE-AZRTOS-L5.2.0.0
2024-05-26 10:59:45,674 [WARN] PackLoader:240 - Cannot read IP mode file for STMicroelectronics.X-CUBE-NFC6.3.1.0
2024-05-26 10:59:45,696 [WARN] PackLoader:240 - Cannot read IP mode file for ITTIA_DB.I-CUBE-ITTIADB.8.8.0
2024-05-26 10:59:45,728 [WARN] PackLoader:240 - Cannot read IP mode file for STMicroelectronics.X-CUBE-AI.9.0.0
2024-05-26 10:59:45,755 [WARN] PackLoader:240 - Cannot read IP mode file for STMicroelectronics.X-CUBE-NFC7.1.0.1
2024-05-26 10:59:45,799 [WARN] PackLoader:240 - Cannot read IP mode file for STMicroelectronics.X-CUBE-NFC6.3.0.0
2024-05-26 10:59:45,823 [WARN] PackLoader:240 - Cannot read IP mode file for STMicroelectronics.X-CUBE-AI.8.1.0
2024-05-26 10:59:45,868 [WARN] ConditionMgr:438 - getConditionDescription Invalid condition id : LAN8742 Phy interface Condition cause : null
2024-05-26 10:59:45,869 [WARN] PackLoader:240 - Cannot read IP mode file for STMicroelectronics.X-CUBE-AZRTOS-L4.2.0.0
2024-05-26 10:59:45,871 [WARN] ConditionMgr:1039 - genDependencies : Invalid condition id : LAN8742 Phy interface Condition cause : null
2024-05-26 10:59:45,872 [WARN] ConditionMgr:1039 - genDependencies : Invalid condition id : LAN8742 Phy interface Condition cause : null
2024-05-26 10:59:45,872 [WARN] ConditionMgr:1039 - genDependencies : Invalid condition id : LAN8742 Phy interface Condition cause : null
2024-05-26 10:59:45,897 [WARN] PackLoader:240 - Cannot read IP mode file for STMicroelectronics.X-CUBE-SFXS2LP1.4.0.0
2024-05-26 10:59:45,934 [WARN] ConditionMgr:438 - getConditionDescription Invalid condition id : UX DEVICE CLASS RTOS Condition cause : null
2024-05-26 10:59:45,934 [WARN] ConditionMgr:438 - getConditionDescription Invalid condition id : UX DEVICE CLASS RTOS Condition cause : null
2024-05-26 10:59:45,937 [WARN] PackLoader:240 - Cannot read IP mode file for STMicroelectronics.X-CUBE-AZRTOS-WB.2.0.0
2024-05-26 10:59:45,938 [WARN] ConditionMgr:1039 - genDependencies : Invalid condition id : UX DEVICE CLASS RTOS Condition cause : null
2024-05-26 10:59:45,938 [WARN] ConditionMgr:1039 - genDependencies : Invalid condition id : UX DEVICE CLASS RTOS Condition cause : null
2024-05-26 10:59:45,939 [WARN] ConditionMgr:1039 - genDependencies : Invalid condition id : UX DEVICE CLASS RTOS Condition cause : null
2024-05-26 10:59:45,939 [WARN] ConditionMgr:1039 - genDependencies : Invalid condition id : UX DEVICE CLASS RTOS Condition cause : null
2024-05-26 10:59:45,939 [WARN] ConditionMgr:1039 - genDependencies : Invalid condition id : UX DEVICE CLASS RTOS Condition cause : null
2024-05-26 10:59:45,968 [WARN] PackLoader:240 - Cannot read IP mode file for STMicroelectronics.X-CUBE-SUBG2.5.0.0
2024-05-26 10:59:46,010 [WARN] PackLoader:240 - Cannot read IP mode file for STMicroelectronics.X-CUBE-AZRTOS-G4.2.0.0
2024-05-26 10:59:46,045 [WARN] PackLoader:240 - Cannot read IP mode file for Infineon.AIROC-Wi-Fi-Bluetooth-STM32.1.5.1
2024-05-26 10:59:46,073 [WARN] PackLoader:240 - Cannot read IP mode file for STMicroelectronics.FP-SNS-MOTENVWB1.1.3.1
2024-05-26 10:59:46,102 [WARN] PackLoader:240 - Cannot read IP mode file for STMicroelectronics.X-CUBE-ISPU.2.0.0
2024-05-26 10:59:46,122 [WARN] PackLoader:240 - Cannot read IP mode file for STMicroelectronics.X-CUBE-ALS.1.0.2
2024-05-26 10:59:46,201 [WARN] PackLoader:240 - Cannot read IP mode file for STMicroelectronics.X-CUBE-MEMS1.10.0.0
2024-05-26 10:59:46,449 [WARN] PackLoader:240 - Cannot read IP mode file for STMicroelectronics.X-CUBE-FREERTOS.1.1.0
2024-05-26 10:59:46,472 [WARN] PackLoader:240 - Cannot read IP mode file for portGmbH.I-Cube-SoM-uGOAL.1.1.0
2024-05-26 10:59:46,490 [WARN] PackLoader:240 - Cannot read IP mode file for STMicroelectronics.X-CUBE-ALS.1.0.1
2024-05-26 10:59:46,536 [WARN] PackLoader:240 - Cannot read IP mode file for STMicroelectronics.X-CUBE-AZRTOS-H7RS.1.0.0
2024-05-26 10:59:46,558 [WARN] PackLoader:240 - Cannot read IP mode file for STMicroelectronics.FP-ATR-ASTRA1.2.0.0
2024-05-26 10:59:46,589 [WARN] PackLoader:240 - Cannot read IP mode file for STMicroelectronics.X-CUBE-TOF1.3.4.1
2024-05-26 10:59:46,642 [WARN] PackLoader:240 - Cannot read IP mode file for STMicroelectronics.X-CUBE-AZRTOS-H7.3.2.0
2024-05-26 10:59:46,647 [INFO] ThirdParty:978 - Integrity check success = true
2024-05-26 10:59:46,647 [INFO] IntegrityCheckThread:100 - exiting critical section [integrity check]
2024-05-26 10:59:46,647 [INFO] IntegrityCheckThread:103 - End integrity checks thread
2024-05-26 10:59:47,140 [INFO] WebApp:161 - Instantiating new browser for Auth
2024-05-26 10:59:47,783 [INFO] WebApp:780 - Register for checkConnection events
2024-05-26 10:59:47,783 [INFO] WebApp:414 - Apply proxy settings
2024-05-26 10:59:47,784 [INFO] WebApp:499 - Chromium requires no authentication
2024-05-26 10:59:47,793 [INFO] WebApp:442 - Direct internet connection detected
2024-05-26 10:59:47,977 [INFO] WebApp:192 - Starting web application
2024-05-26 10:59:47,978 [INFO] WebApp:544 - Web application path used C:\ST\STM32CubeIDE_1.14.1\STM32CubeIDE\plugins\com.st.stm32cube.common.mx_6.10.0.202311202037\db\plugins\mcufinder\reactClient1\index.html
2024-05-26 11:00:09,089 [ERROR] LogOutputStream:75 - [STDERR_REDIRECT] SLF4J: Failed to load class "org.slf4j.impl.StaticLoggerBinder".
2024-05-26 11:00:09,089 [ERROR] LogOutputStream:75 - [STDERR_REDIRECT] SLF4J: Defaulting to no-operation (NOP) logger implementation
2024-05-26 11:00:09,091 [ERROR] LogOutputStream:75 - [STDERR_REDIRECT] SLF4J: See http://www.slf4j.org/codes.html#StaticLoggerBinder for further details.
2024-05-26 11:20:40,687 [ERROR] LogOutputStream:75 - [STDERR_REDIRECT] 
