2024-06-01 18:56:58,453 [INFO] Activator:176 - 


2024-06-01 18:56:58,459 [INFO] Activator:177 - !SESSION log4j initialized
2024-06-01 18:57:03,723 [INFO] LogOutputStream:77 - [STDOUT_REDIRECT] 
2024-06-01 18:57:04,199 [ERROR] ConfigurationRetriever:142 - IOException on connection: Remote host terminated the handshake
2024-06-01 18:57:04,207 [ERROR] ConfigurationRetriever:142 - IOException on connection: Remote host terminated the handshake
2024-06-01 18:57:04,215 [ERROR] ConfigurationRetriever:142 - IOException on connection: Remote host terminated the handshake
2024-06-01 18:57:04,983 [ERROR] ConfigurationRetriever:142 - IOException on connection: Remote host terminated the handshake
2024-06-01 18:57:04,990 [ERROR] ConfigurationRetriever:142 - IOException on connection: Remote host terminated the handshake
2024-06-01 18:57:04,997 [ERROR] ConfigurationRetriever:142 - IOException on connection: Remote host terminated the handshake
2024-06-01 18:57:07,501 [INFO] ApplicationProperties:184 - Using Application install path: C:\ST\STM32CubeIDE_1.14.1\STM32CubeIDE\plugins\com.st.stm32cube.common.mx_6.10.0.202311202037
2024-06-01 18:57:07,519 [INFO] DbMcusXml:78 - Set database path to: C:\ST\STM32CubeIDE_1.14.1\STM32CubeIDE\plugins\com.st.stm32cube.common.mx_6.10.0.202311202037\\db\/mcu/
2024-06-01 18:57:07,520 [INFO] ApiDb:274 - Set plugin database path to: C:\ST\STM32CubeIDE_1.14.1\STM32CubeIDE\plugins\com.st.stm32cube.common.mx_6.10.0.202311202037\\db\/plugins/boardmanager/
2024-06-01 18:57:07,520 [WARN] ApiDb:259 - Overriding images path with different value:  => C:\ST\STM32CubeIDE_1.14.1\STM32CubeIDE\plugins\com.st.stm32cube.common.mx_6.10.0.202311202037\\db\/plugins/mcufinder/images/
2024-06-01 18:57:07,533 [INFO] ApiDb:250 - Set database path to: C:\Users\nguye\.stmcufinder\plugins\mcufinder//mcu/
2024-06-01 18:57:07,535 [INFO] DbMcusAds:125 - Set database path to: C:\Users\nguye\.stmcufinder\plugins\mcufinder//mcu/
2024-06-01 18:57:07,536 [INFO] CrossReferenceDbSqlite:203 - Set database path to: C:\Users\nguye\.stmcufinder\plugins\mcufinder//mcu/cs/
2024-06-01 18:57:07,638 [INFO] RulesReader:64 - Compatibility file has been processed (297 Rules)
2024-06-01 18:57:07,717 [INFO] DbMcusXml:78 - Set database path to: C:\ST\STM32CubeIDE_1.14.1\STM32CubeIDE\plugins\com.st.stm32cube.common.mx_6.10.0.202311202037\\db\/mcu/
2024-06-01 18:57:07,717 [INFO] ApiDb:274 - Set plugin database path to: C:\ST\STM32CubeIDE_1.14.1\STM32CubeIDE\plugins\com.st.stm32cube.common.mx_6.10.0.202311202037\\db\/plugins/boardmanager/
2024-06-01 18:57:07,717 [INFO] ApiDb:261 - Set plugin images path to: C:\ST\STM32CubeIDE_1.14.1\STM32CubeIDE\plugins\com.st.stm32cube.common.mx_6.10.0.202311202037\\db\/plugins/mcufinder/images/
2024-06-01 18:57:07,718 [WARN] DbFile:41 - Overriding database path with different value: C:\Users\nguye\.stmcufinder\plugins\mcufinder/ => C:\Users\nguye\.stmcufinder\plugins\mcufinder
2024-06-01 18:57:07,718 [INFO] ApiDb:250 - Set database path to: C:\Users\nguye\.stmcufinder\plugins\mcufinder//mcu/
2024-06-01 18:57:07,718 [WARN] DbFile:41 - Overriding database path with different value: C:\Users\nguye\.stmcufinder\plugins\mcufinder/ => C:\Users\nguye\.stmcufinder\plugins\mcufinder
2024-06-01 18:57:07,718 [INFO] DbMcusAds:125 - Set database path to: C:\Users\nguye\.stmcufinder\plugins\mcufinder//mcu/
2024-06-01 18:57:07,718 [WARN] DbFile:41 - Overriding database path with different value: C:\Users\nguye\.stmcufinder\plugins\mcufinder/ => C:\Users\nguye\.stmcufinder\plugins\mcufinder
2024-06-01 18:57:07,718 [WARN] DbFile:41 - Overriding database path with different value: C:\Users\nguye\.stmcufinder\plugins\mcufinder/ => C:\Users\nguye\.stmcufinder\plugins\mcufinder
2024-06-01 18:57:07,718 [INFO] CrossReferenceDbSqlite:203 - Set database path to: C:\Users\nguye\.stmcufinder\plugins\mcufinder//mcu/cs/
2024-06-01 18:57:07,791 [INFO] MainPanel:264 - HeapMemory: 268435456
2024-06-01 18:57:07,879 [INFO] DbMcusXml:78 - Set database path to: C:\ST\STM32CubeIDE_1.14.1\STM32CubeIDE\plugins\com.st.stm32cube.common.mx_6.10.0.202311202037\\db\/mcu/
2024-06-01 18:57:07,879 [INFO] ApiDb:274 - Set plugin database path to: C:\ST\STM32CubeIDE_1.14.1\STM32CubeIDE\plugins\com.st.stm32cube.common.mx_6.10.0.202311202037\\db\/plugins/boardmanager/
2024-06-01 18:57:07,879 [INFO] ApiDb:261 - Set plugin images path to: C:\ST\STM32CubeIDE_1.14.1\STM32CubeIDE\plugins\com.st.stm32cube.common.mx_6.10.0.202311202037\\db\/plugins/mcufinder/images/
2024-06-01 18:57:07,880 [WARN] DbFile:41 - Overriding database path with different value: C:\Users\nguye\.stmcufinder\plugins\mcufinder/ => C:\Users\nguye\.stmcufinder\plugins\mcufinder
2024-06-01 18:57:07,880 [INFO] ApiDb:250 - Set database path to: C:\Users\nguye\.stmcufinder\plugins\mcufinder//mcu/
2024-06-01 18:57:07,880 [WARN] DbFile:41 - Overriding database path with different value: C:\Users\nguye\.stmcufinder\plugins\mcufinder/ => C:\Users\nguye\.stmcufinder\plugins\mcufinder
2024-06-01 18:57:07,880 [INFO] DbMcusAds:125 - Set database path to: C:\Users\nguye\.stmcufinder\plugins\mcufinder//mcu/
2024-06-01 18:57:07,880 [WARN] DbFile:41 - Overriding database path with different value: C:\Users\nguye\.stmcufinder\plugins\mcufinder/ => C:\Users\nguye\.stmcufinder\plugins\mcufinder
2024-06-01 18:57:07,880 [WARN] DbFile:41 - Overriding database path with different value: C:\Users\nguye\.stmcufinder\plugins\mcufinder/ => C:\Users\nguye\.stmcufinder\plugins\mcufinder
2024-06-01 18:57:07,880 [INFO] CrossReferenceDbSqlite:203 - Set database path to: C:\Users\nguye\.stmcufinder\plugins\mcufinder//mcu/cs/
2024-06-01 18:57:07,899 [INFO] ApplicationProperties:184 - Using Application install path: C:\ST\STM32CubeIDE_1.14.1\STM32CubeIDE\plugins\com.st.stm32cube.common.mx_6.10.0.202311202037
2024-06-01 18:57:07,900 [INFO] PluginManage:196 - Search for loadable plugins [exclusion list=, ]
2024-06-01 18:57:07,902 [INFO] PluginManage:310 - Check plugin analytics
2024-06-01 18:57:08,039 [INFO] AnalyticsPlugin:253 - Accepted Software Licenses: STM32CubeMX.6.10.0
2024-06-01 18:57:08,039 [INFO] AnalyticsPlugin:255 - Accepted CMSIS Pack Licenses: 
2024-06-01 18:57:08,039 [INFO] AnalyticsPlugin:257 - Accepted Firmware Licenses: FW.F4.1.27.0,FW.F4.1.28.0
2024-06-01 18:57:08,041 [INFO] PluginManage:359 - Loaded plugin analytics (category:tool,tabindex:-1)
2024-06-01 18:57:08,042 [INFO] PluginManage:310 - Check plugin cadmodel
2024-06-01 18:57:08,054 [ERROR] ConfigurationRetriever:142 - IOException on connection: Remote host terminated the handshake
2024-06-01 18:57:08,056 [INFO] CADModel:105 - Init CAD model plugin
2024-06-01 18:57:08,056 [INFO] PluginManage:359 - Loaded plugin cadmodel (category:power,tabindex:5)
2024-06-01 18:57:08,056 [INFO] PluginManage:310 - Check plugin clock
2024-06-01 18:57:08,059 [ERROR] ConfigurationRetriever:142 - IOException on connection: Remote host terminated the handshake
2024-06-01 18:57:08,064 [ERROR] ConfigurationRetriever:142 - IOException on connection: Remote host terminated the handshake
2024-06-01 18:57:08,075 [INFO] PluginManage:359 - Loaded plugin clock (category:base,tabindex:2)
2024-06-01 18:57:08,075 [INFO] PluginManage:310 - Check plugin ddr
2024-06-01 18:57:08,077 [INFO] PluginManage:359 - Loaded plugin ddr (category:tool,tabindex:6)
2024-06-01 18:57:08,077 [INFO] PluginManage:310 - Check plugin filemanager
2024-06-01 18:57:08,200 [INFO] PluginManage:359 - Loaded plugin filemanager (category:base,tabindex:10)
2024-06-01 18:57:08,201 [INFO] PluginManage:310 - Check plugin ipmanager
2024-06-01 18:57:08,207 [INFO] PluginManage:359 - Loaded plugin ipmanager (category:base,tabindex:5)
2024-06-01 18:57:08,207 [INFO] PluginManage:310 - Check plugin lpbam
2024-06-01 18:57:08,224 [INFO] PluginManage:359 - Loaded plugin lpbam (category:base,tabindex:0)
2024-06-01 18:57:08,224 [INFO] PluginManage:310 - Check plugin memorymap
2024-06-01 18:57:08,246 [INFO] PluginManage:359 - Loaded plugin memorymap (category:base,tabindex:4)
2024-06-01 18:57:08,246 [INFO] PluginManage:310 - Check plugin pinoutandconfiguration
2024-06-01 18:57:08,262 [INFO] PluginManage:359 - Loaded plugin pinoutandconfiguration (category:base,tabindex:1)
2024-06-01 18:57:08,262 [INFO] PluginManage:310 - Check plugin pinoutconfig
2024-06-01 18:57:08,350 [WARN] SupportedApi:132 - Cannot load RTOS API schema: s4s-elt-must-match.1: The content of 'definitions' must match (annotation?, (simpleType | complexType)?, (unique | key | keyref)*)). A problem was found starting at: attribute.
2024-06-01 18:57:08,473 [INFO] PluginManage:359 - Loaded plugin pinoutconfig (category:base,tabindex:0)
2024-06-01 18:57:08,473 [INFO] PluginManage:310 - Check plugin power
2024-06-01 18:57:08,490 [INFO] PluginManage:359 - Loaded plugin power (category:power,tabindex:4)
2024-06-01 18:57:08,490 [INFO] PluginManage:310 - Check plugin projectmanager
2024-06-01 18:57:08,504 [INFO] PluginManage:359 - Loaded plugin projectmanager (category:projectmanager,tabindex:3)
2024-06-01 18:57:08,504 [INFO] PluginManage:310 - Check plugin thirdparty
2024-06-01 18:57:08,748 [INFO] PluginManage:359 - Loaded plugin thirdparty (category:base,tabindex:-1)
2024-06-01 18:57:08,748 [WARN] IntegrityCheckThread:84 - waiting for thirdparty lock release [integrity check]
2024-06-01 18:57:08,748 [INFO] PluginManage:310 - Check plugin tools
2024-06-01 18:57:08,748 [INFO] IntegrityCheckThread:86 - entering critical section [integrity check]
2024-06-01 18:57:08,748 [INFO] ThirdPartyUpdaterWithRetryManager:70 - Updater plugin not ready yet. [1/15]
2024-06-01 18:57:08,781 [INFO] PluginManage:359 - Loaded plugin tools (category:base,tabindex:7)
2024-06-01 18:57:08,781 [INFO] PluginManage:310 - Check plugin tutovideos
2024-06-01 18:57:08,992 [INFO] PluginManage:359 - Loaded plugin tutovideos (category:base,tabindex:-1)
2024-06-01 18:57:08,992 [INFO] PluginManage:310 - Check plugin updater
2024-06-01 18:57:09,002 [INFO] PluginManage:359 - Loaded plugin updater (category:base,tabindex:12)
2024-06-01 18:57:09,003 [INFO] PluginManage:310 - Check plugin userauth
2024-06-01 18:57:09,008 [INFO] UserAuth:114 - Init User Auth plugin
2024-06-01 18:57:09,008 [INFO] PluginManage:359 - Loaded plugin userauth (category:base,tabindex:14)
2024-06-01 18:57:09,008 [INFO] PluginManage:283 - PluginManage : Loaded plugins [17]
2024-06-01 18:57:09,209 [INFO] PinOutPanel:1499 - setPackage(No Configuration,No Configuration)
2024-06-01 18:57:09,279 [INFO] CADModel:165 - CPN selected for project level
2024-06-01 18:57:09,279 [INFO] CADModel:114 - Register for checkConnection events
2024-06-01 18:57:09,304 [INFO] IPUIPlugin:80 - create IPUIPlugin
2024-06-01 18:57:09,304 [INFO] PluginManager:220 - loadIPPluginJar : add adc
2024-06-01 18:57:09,339 [INFO] IPUIPlugin:80 - create IPUIPlugin
2024-06-01 18:57:09,339 [INFO] PluginManager:220 - loadIPPluginJar : add aes
2024-06-01 18:57:09,382 [INFO] IPUIPlugin:80 - create IPUIPlugin
2024-06-01 18:57:09,382 [INFO] PluginManager:220 - loadIPPluginJar : add can
2024-06-01 18:57:09,404 [INFO] IPUIPlugin:80 - create IPUIPlugin
2024-06-01 18:57:09,404 [INFO] PluginManager:220 - loadIPPluginJar : add comp
2024-06-01 18:57:09,438 [INFO] IPUIPlugin:80 - create IPUIPlugin
2024-06-01 18:57:09,438 [INFO] PluginManager:220 - loadIPPluginJar : add cryp
2024-06-01 18:57:09,469 [INFO] IPUIPlugin:80 - create IPUIPlugin
2024-06-01 18:57:09,469 [INFO] PluginManager:220 - loadIPPluginJar : add dfsdm
2024-06-01 18:57:09,484 [INFO] IPUIPlugin:80 - create IPUIPlugin
2024-06-01 18:57:09,484 [INFO] PluginManager:220 - loadIPPluginJar : add dma
2024-06-01 18:57:09,529 [INFO] IPUIPlugin:80 - create IPUIPlugin
2024-06-01 18:57:09,529 [INFO] PluginManager:220 - loadIPPluginJar : add dma3
2024-06-01 18:57:09,552 [INFO] IPUIPlugin:80 - create IPUIPlugin
2024-06-01 18:57:09,552 [INFO] PluginManager:220 - loadIPPluginJar : add fatfs
2024-06-01 18:57:09,596 [INFO] IPUIPlugin:80 - create IPUIPlugin
2024-06-01 18:57:09,596 [INFO] PluginManager:220 - loadIPPluginJar : add fmc
2024-06-01 18:57:09,611 [INFO] IPUIPlugin:80 - create IPUIPlugin
2024-06-01 18:57:09,611 [INFO] PluginManager:220 - loadIPPluginJar : add freertos
2024-06-01 18:57:09,630 [INFO] IPUIPlugin:80 - create IPUIPlugin
2024-06-01 18:57:09,630 [INFO] PluginManager:220 - loadIPPluginJar : add genericplugin
2024-06-01 18:57:09,726 [INFO] IPUIPlugin:80 - create IPUIPlugin
2024-06-01 18:57:09,726 [INFO] PluginManager:220 - loadIPPluginJar : add gfxmmu
2024-06-01 18:57:09,847 [INFO] IPUIPlugin:80 - create IPUIPlugin
2024-06-01 18:57:09,848 [INFO] PluginManager:220 - loadIPPluginJar : add gic
2024-06-01 18:57:09,860 [INFO] IPUIPlugin:80 - create IPUIPlugin
2024-06-01 18:57:09,860 [INFO] PluginManager:220 - loadIPPluginJar : add gpio
2024-06-01 18:57:09,950 [INFO] IPUIPlugin:80 - create IPUIPlugin
2024-06-01 18:57:09,950 [INFO] PluginManager:220 - loadIPPluginJar : add gtzc
2024-06-01 18:57:09,981 [INFO] IPUIPlugin:80 - create IPUIPlugin
2024-06-01 18:57:09,981 [INFO] PluginManager:220 - loadIPPluginJar : add hash
2024-06-01 18:57:10,029 [INFO] IPUIPlugin:80 - create IPUIPlugin
2024-06-01 18:57:10,029 [INFO] PluginManager:220 - loadIPPluginJar : add i2c
2024-06-01 18:57:10,067 [INFO] IPUIPlugin:80 - create IPUIPlugin
2024-06-01 18:57:10,067 [INFO] PluginManager:220 - loadIPPluginJar : add i2s
2024-06-01 18:57:10,109 [INFO] IPUIPlugin:80 - create IPUIPlugin
2024-06-01 18:57:10,109 [INFO] PluginManager:220 - loadIPPluginJar : add i3c
2024-06-01 18:57:10,214 [INFO] IPUIPlugin:80 - create IPUIPlugin
2024-06-01 18:57:10,214 [INFO] PluginManager:220 - loadIPPluginJar : add ipddr
2024-06-01 18:57:10,306 [INFO] IPUIPlugin:80 - create IPUIPlugin
2024-06-01 18:57:10,306 [INFO] PluginManager:220 - loadIPPluginJar : add linkedlist
2024-06-01 18:57:10,340 [INFO] IPUIPlugin:80 - create IPUIPlugin
2024-06-01 18:57:10,340 [INFO] PluginManager:220 - loadIPPluginJar : add lorawan
2024-06-01 18:57:10,377 [INFO] IPUIPlugin:80 - create IPUIPlugin
2024-06-01 18:57:10,377 [INFO] PluginManager:220 - loadIPPluginJar : add ltdc
2024-06-01 18:57:10,391 [INFO] IPUIPlugin:80 - create IPUIPlugin
2024-06-01 18:57:10,391 [INFO] PluginManager:220 - loadIPPluginJar : add mdma
2024-06-01 18:57:10,403 [INFO] IPUIPlugin:80 - create IPUIPlugin
2024-06-01 18:57:10,403 [INFO] PluginManager:220 - loadIPPluginJar : add nvic
2024-06-01 18:57:10,440 [INFO] IPUIPlugin:80 - create IPUIPlugin
2024-06-01 18:57:10,441 [INFO] PluginManager:220 - loadIPPluginJar : add opamp
2024-06-01 18:57:10,503 [INFO] IPUIPlugin:80 - create IPUIPlugin
2024-06-01 18:57:10,503 [INFO] PluginManager:220 - loadIPPluginJar : add openamp
2024-06-01 18:57:10,545 [INFO] IPUIPlugin:80 - create IPUIPlugin
2024-06-01 18:57:10,545 [INFO] PluginManager:220 - loadIPPluginJar : add pdm2pcm
2024-06-01 18:57:10,559 [INFO] IPUIPlugin:80 - create IPUIPlugin
2024-06-01 18:57:10,561 [INFO] PluginManager:220 - loadIPPluginJar : add plateformsettings
2024-06-01 18:57:10,582 [INFO] IPUIPlugin:80 - create IPUIPlugin
2024-06-01 18:57:10,582 [INFO] PluginManager:220 - loadIPPluginJar : add quadspi
2024-06-01 18:57:10,595 [INFO] IPUIPlugin:80 - create IPUIPlugin
2024-06-01 18:57:10,595 [INFO] PluginManager:220 - loadIPPluginJar : add resmgrutility
2024-06-01 18:57:10,643 [INFO] IPUIPlugin:80 - create IPUIPlugin
2024-06-01 18:57:10,643 [INFO] PluginManager:220 - loadIPPluginJar : add sai
2024-06-01 18:57:10,680 [INFO] IPUIPlugin:80 - create IPUIPlugin
2024-06-01 18:57:10,680 [INFO] PluginManager:220 - loadIPPluginJar : add spi
2024-06-01 18:57:10,752 [INFO] IPUIPlugin:80 - create IPUIPlugin
2024-06-01 18:57:10,752 [INFO] PluginManager:220 - loadIPPluginJar : add stm32_wpan
2024-06-01 18:57:10,779 [INFO] IPUIPlugin:80 - create IPUIPlugin
2024-06-01 18:57:10,779 [INFO] PluginManager:220 - loadIPPluginJar : add tim
2024-06-01 18:57:10,839 [INFO] IPUIPlugin:80 - create IPUIPlugin
2024-06-01 18:57:10,839 [INFO] PluginManager:220 - loadIPPluginJar : add touchsensing
2024-06-01 18:57:10,862 [INFO] IPUIPlugin:80 - create IPUIPlugin
2024-06-01 18:57:10,862 [INFO] PluginManager:220 - loadIPPluginJar : add tracer_emb
2024-06-01 18:57:10,884 [INFO] IPUIPlugin:80 - create IPUIPlugin
2024-06-01 18:57:10,884 [INFO] PluginManager:220 - loadIPPluginJar : add ts
2024-06-01 18:57:10,905 [INFO] IPUIPlugin:80 - create IPUIPlugin
2024-06-01 18:57:10,905 [INFO] PluginManager:220 - loadIPPluginJar : add tsc
2024-06-01 18:57:10,926 [INFO] IPUIPlugin:80 - create IPUIPlugin
2024-06-01 18:57:10,926 [INFO] PluginManager:220 - loadIPPluginJar : add ucpd
2024-06-01 18:57:10,967 [INFO] IPUIPlugin:80 - create IPUIPlugin
2024-06-01 18:57:10,967 [INFO] PluginManager:220 - loadIPPluginJar : add usart
2024-06-01 18:57:11,008 [INFO] IPUIPlugin:80 - create IPUIPlugin
2024-06-01 18:57:11,009 [INFO] PluginManager:220 - loadIPPluginJar : add usbx
2024-06-01 18:57:11,131 [INFO] CADModel:165 - CPN selected for project level
2024-06-01 18:57:11,131 [INFO] CADModel:114 - Register for checkConnection events
2024-06-01 18:57:11,131 [FATAL] Updater:308 - Updater called before beeing initialized
2024-06-01 18:57:11,131 [ERROR] CADModel:125 - Updater not yet initialized, retry later 
2024-06-01 18:57:11,247 [INFO] CADModel:165 - CPN selected for project level
2024-06-01 18:57:11,247 [INFO] CADModel:114 - Register for checkConnection events
2024-06-01 18:57:11,247 [FATAL] Updater:308 - Updater called before beeing initialized
2024-06-01 18:57:11,247 [ERROR] CADModel:125 - Updater not yet initialized, retry later 
2024-06-01 18:57:11,250 [FATAL] Updater:308 - Updater called before beeing initialized
2024-06-01 18:57:11,344 [FATAL] Updater:308 - Updater called before beeing initialized
2024-06-01 18:57:11,353 [INFO] DbMcusAds:53 - JSON generation date=Thu May 16 16:22:00 ICT 2024 (1715851320852)
2024-06-01 18:57:11,354 [FATAL] Updater:308 - Updater called before beeing initialized
2024-06-01 18:57:11,427 [WARN] DetailPanel:346 - Failed to get advertising image, set to default
2024-06-01 18:57:11,528 [FATAL] Updater:308 - Updater called before beeing initialized
2024-06-01 18:57:11,530 [FATAL] Updater:308 - Updater called before beeing initialized
2024-06-01 18:57:11,530 [FATAL] Updater:308 - Updater called before beeing initialized
2024-06-01 18:57:11,530 [WARN] DetailPanel:346 - Failed to get advertising image, set to default
2024-06-01 18:57:11,530 [FATAL] Updater:308 - Updater called before beeing initialized
2024-06-01 18:57:11,582 [ERROR] Updater:1120 - MainUpdater not yet initialized. External WinMGr cannot be set.
2024-06-01 18:57:11,593 [INFO] Updater:1056 - Updater Version found : 6.10.0
2024-06-01 18:57:11,612 [INFO] ApplicationProperties:184 - Using Application install path: C:\ST\STM32CubeIDE_1.14.1\STM32CubeIDE\plugins\com.st.stm32cube.common.mx_6.10.0.202311202037
2024-06-01 18:57:11,749 [INFO] ThirdPartyUpdaterWithRetryManager:70 - Updater plugin not ready yet. [2/15]
2024-06-01 18:57:11,877 [INFO] MainUpdater:2873 - connection check result : 22
2024-06-01 18:57:11,878 [INFO] MainUpdater:290 - Updater Check For Update Now.
2024-06-01 18:57:11,878 [INFO] MicroXplorer:498 - Change Database Version : DB.6.0.100
2024-06-01 18:57:11,895 [INFO] McuFinderGlobals:63 - Set McuFinder mode to 2 (CubeIDE integrated)
2024-06-01 18:57:11,951 [INFO] UserAuth:404 - Internet connection configuration mode: 2
2024-06-01 18:57:12,066 [INFO] CheckServerUpdateThread:120 - End of CheckServer Thread
2024-06-01 18:57:14,912 [WARN] PackLoader:240 - Cannot read IP mode file for STMicroelectronics.FP-SNS-MOTENVWB1.1.4.0
2024-06-01 18:57:14,929 [WARN] PackLoader:240 - Cannot read IP mode file for STMicroelectronics.X-CUBE-SMBUS.2.1.0
2024-06-01 18:57:14,942 [WARN] PackLoader:240 - Cannot read IP mode file for STMicroelectronics.X-CUBE-TOUCHGFX.4.23.1
2024-06-01 18:57:14,952 [WARN] PackLoader:240 - Cannot read IP mode file for STMicroelectronics.X-CUBE-TOUCHGFX.4.23.0
2024-06-01 18:57:14,962 [WARN] PackLoader:240 - Cannot read IP mode file for STMicroelectronics.X-CUBE-TOUCHGFX.4.23.2
2024-06-01 18:57:14,999 [WARN] PackLoader:240 - Cannot read IP mode file for STMicroelectronics.X-CUBE-AZRTOS-F7.1.1.0
2024-06-01 18:57:15,018 [WARN] PackLoader:240 - Cannot read IP mode file for STMicroelectronics.FP-SNS-MOTENV1.4.3.2
2024-06-01 18:57:15,034 [WARN] PackLoader:240 - Cannot read IP mode file for STMicroelectronics.FP-SNS-FLIGHT1.5.0.2
2024-06-01 18:57:15,051 [WARN] PackLoader:240 - Cannot read IP mode file for STMicroelectronics.X-CUBE-DISPLAY.3.0.0
2024-06-01 18:57:15,070 [WARN] PackLoader:240 - Cannot read IP mode file for STMicroelectronics.X-CUBE-BLE1.7.0.0
2024-06-01 18:57:15,083 [WARN] PackLoader:240 - Cannot read IP mode file for emotas.I-CUBE-CANOPEN.1.3.0
2024-06-01 18:57:15,101 [WARN] PackLoader:240 - Cannot read IP mode file for STMicroelectronics.X-CUBE-BLEMGR.3.1.0
2024-06-01 18:57:15,116 [WARN] PackLoader:240 - Cannot read IP mode file for STMicroelectronics.FP-SNS-SMARTAG2.1.2.0
2024-06-01 18:57:15,142 [INFO] LogOutputStream:77 - [STDOUT_REDIRECT] 1 : Invalid condition id : UX_CORESTACK_Condition cause : null
2024-06-01 18:57:15,142 [INFO] LogOutputStream:77 - [STDOUT_REDIRECT] 1 : Invalid condition id : UX_CORESTACK_Condition cause : null
2024-06-01 18:57:15,143 [INFO] LogOutputStream:77 - [STDOUT_REDIRECT] 1 : Invalid condition id : UX_CORESTACK_Condition cause : null
2024-06-01 18:57:15,144 [INFO] LogOutputStream:77 - [STDOUT_REDIRECT] 1 : Invalid condition id : UX_CORESTACK_Condition cause : null
2024-06-01 18:57:15,145 [INFO] LogOutputStream:77 - [STDOUT_REDIRECT] 1 : Invalid condition id : UX_CORESTACK_Condition cause : null
2024-06-01 18:57:15,147 [WARN] PackLoader:240 - Cannot read IP mode file for STMicroelectronics.X-CUBE-AZRTOS-WL.2.0.0
2024-06-01 18:57:15,158 [WARN] PackLoader:240 - Cannot read IP mode file for STMicroelectronics.FP-SNS-MOTENV1.5.0.0
2024-06-01 18:57:15,173 [WARN] PackLoader:240 - Cannot read IP mode file for WES.I-CUBE-Cesium.1.3.0
2024-06-01 18:57:15,185 [WARN] PackLoader:240 - Cannot read IP mode file for STMicroelectronics.X-CUBE-BLE2.3.3.0
2024-06-01 18:57:15,198 [WARN] PackLoader:240 - Cannot read IP mode file for STMicroelectronics.X-CUBE-TCPP.4.1.0
2024-06-01 18:57:15,213 [WARN] PackLoader:240 - Cannot read IP mode file for STMicroelectronics.X-CUBE-ALGOBUILD.1.3.0
2024-06-01 18:57:15,239 [WARN] PackLoader:240 - Cannot read IP mode file for STMicroelectronics.X-CUBE-AZRTOS-G0.1.1.0
2024-06-01 18:57:15,253 [WARN] PackLoader:240 - Cannot read IP mode file for STMicroelectronics.X-CUBE-SAFEA1.1.2.2
2024-06-01 18:57:15,267 [WARN] PackLoader:240 - Cannot read IP mode file for STMicroelectronics.X-CUBE-NFC4.3.0.0
2024-06-01 18:57:15,280 [WARN] PackLoader:240 - Cannot read IP mode file for STMicroelectronics.FP-ATR-SIGFOX1.3.2.0
2024-06-01 18:57:15,293 [WARN] PackLoader:240 - Cannot read IP mode file for STMicroelectronics.X-CUBE-EEPRMA1.5.1.0
2024-06-01 18:57:15,326 [WARN] PackLoader:240 - Cannot read IP mode file for SEGGER.I-CUBE-embOS.1.3.1
2024-06-01 18:57:15,369 [WARN] PackLoader:240 - Cannot read IP mode file for STMicroelectronics.X-CUBE-ALGOBUILD.1.4.0
2024-06-01 18:57:15,384 [WARN] PackLoader:240 - Cannot read IP mode file for STMicroelectronics.X-CUBE-GNSS1.6.0.0
2024-06-01 18:57:15,416 [WARN] PackLoader:240 - Cannot read IP mode file for STMicroelectronics.X-CUBE-AZRTOS-F4.1.1.0
2024-06-01 18:57:15,434 [WARN] PackLoader:240 - Cannot read IP mode file for STMicroelectronics.X-CUBE-FREERTOS.1.2.0
2024-06-01 18:57:15,447 [WARN] PackLoader:240 - Cannot read IP mode file for wolfSSL.I-CUBE-wolfSSL.5.6.6
2024-06-01 18:57:15,475 [WARN] PackLoader:240 - Cannot read IP mode file for STMicroelectronics.X-CUBE-AZRTOS-L5.2.0.0
2024-06-01 18:57:15,492 [WARN] PackLoader:240 - Cannot read IP mode file for STMicroelectronics.X-CUBE-NFC6.3.1.0
2024-06-01 18:57:15,512 [WARN] PackLoader:240 - Cannot read IP mode file for ITTIA_DB.I-CUBE-ITTIADB.8.8.0
2024-06-01 18:57:15,526 [WARN] PackLoader:240 - Cannot read IP mode file for STMicroelectronics.X-CUBE-AI.9.0.0
2024-06-01 18:57:15,541 [WARN] PackLoader:240 - Cannot read IP mode file for STMicroelectronics.X-CUBE-NFC7.1.0.1
2024-06-01 18:57:15,557 [WARN] PackLoader:240 - Cannot read IP mode file for STMicroelectronics.X-CUBE-NFC6.3.0.0
2024-06-01 18:57:15,570 [WARN] PackLoader:240 - Cannot read IP mode file for STMicroelectronics.X-CUBE-AI.8.1.0
2024-06-01 18:57:15,601 [WARN] ConditionMgr:438 - getConditionDescription Invalid condition id : LAN8742 Phy interface Condition cause : null
2024-06-01 18:57:15,601 [WARN] PackLoader:240 - Cannot read IP mode file for STMicroelectronics.X-CUBE-AZRTOS-L4.2.0.0
2024-06-01 18:57:15,603 [WARN] ConditionMgr:1039 - genDependencies : Invalid condition id : LAN8742 Phy interface Condition cause : null
2024-06-01 18:57:15,603 [WARN] ConditionMgr:1039 - genDependencies : Invalid condition id : LAN8742 Phy interface Condition cause : null
2024-06-01 18:57:15,604 [WARN] ConditionMgr:1039 - genDependencies : Invalid condition id : LAN8742 Phy interface Condition cause : null
2024-06-01 18:57:15,621 [WARN] PackLoader:240 - Cannot read IP mode file for STMicroelectronics.X-CUBE-SFXS2LP1.4.0.0
2024-06-01 18:57:15,647 [WARN] ConditionMgr:438 - getConditionDescription Invalid condition id : UX DEVICE CLASS RTOS Condition cause : null
2024-06-01 18:57:15,648 [WARN] ConditionMgr:438 - getConditionDescription Invalid condition id : UX DEVICE CLASS RTOS Condition cause : null
2024-06-01 18:57:15,649 [WARN] PackLoader:240 - Cannot read IP mode file for STMicroelectronics.X-CUBE-AZRTOS-WB.2.0.0
2024-06-01 18:57:15,650 [WARN] ConditionMgr:1039 - genDependencies : Invalid condition id : UX DEVICE CLASS RTOS Condition cause : null
2024-06-01 18:57:15,650 [WARN] ConditionMgr:1039 - genDependencies : Invalid condition id : UX DEVICE CLASS RTOS Condition cause : null
2024-06-01 18:57:15,651 [WARN] ConditionMgr:1039 - genDependencies : Invalid condition id : UX DEVICE CLASS RTOS Condition cause : null
2024-06-01 18:57:15,651 [WARN] ConditionMgr:1039 - genDependencies : Invalid condition id : UX DEVICE CLASS RTOS Condition cause : null
2024-06-01 18:57:15,651 [WARN] ConditionMgr:1039 - genDependencies : Invalid condition id : UX DEVICE CLASS RTOS Condition cause : null
2024-06-01 18:57:15,672 [WARN] PackLoader:240 - Cannot read IP mode file for STMicroelectronics.X-CUBE-SUBG2.5.0.0
2024-06-01 18:57:15,709 [WARN] PackLoader:240 - Cannot read IP mode file for STMicroelectronics.X-CUBE-AZRTOS-G4.2.0.0
2024-06-01 18:57:15,738 [WARN] PackLoader:240 - Cannot read IP mode file for Infineon.AIROC-Wi-Fi-Bluetooth-STM32.1.5.1
2024-06-01 18:57:15,756 [WARN] PackLoader:240 - Cannot read IP mode file for STMicroelectronics.FP-SNS-MOTENVWB1.1.3.1
2024-06-01 18:57:15,771 [WARN] PackLoader:240 - Cannot read IP mode file for STMicroelectronics.X-CUBE-ISPU.2.0.0
2024-06-01 18:57:15,789 [WARN] PackLoader:240 - Cannot read IP mode file for STMicroelectronics.X-CUBE-ALS.1.0.2
2024-06-01 18:57:15,839 [WARN] PackLoader:240 - Cannot read IP mode file for STMicroelectronics.X-CUBE-MEMS1.10.0.0
2024-06-01 18:57:15,961 [WARN] PackLoader:240 - Cannot read IP mode file for STMicroelectronics.X-CUBE-FREERTOS.1.1.0
2024-06-01 18:57:15,985 [WARN] PackLoader:240 - Cannot read IP mode file for portGmbH.I-Cube-SoM-uGOAL.1.1.0
2024-06-01 18:57:16,002 [WARN] PackLoader:240 - Cannot read IP mode file for STMicroelectronics.X-CUBE-ALS.1.0.1
2024-06-01 18:57:16,039 [WARN] PackLoader:240 - Cannot read IP mode file for STMicroelectronics.X-CUBE-AZRTOS-H7RS.1.0.0
2024-06-01 18:57:16,058 [WARN] PackLoader:240 - Cannot read IP mode file for STMicroelectronics.FP-ATR-ASTRA1.2.0.0
2024-06-01 18:57:16,082 [WARN] PackLoader:240 - Cannot read IP mode file for STMicroelectronics.X-CUBE-TOF1.3.4.1
2024-06-01 18:57:16,131 [WARN] PackLoader:240 - Cannot read IP mode file for STMicroelectronics.X-CUBE-AZRTOS-H7.3.2.0
2024-06-01 18:57:16,135 [INFO] ThirdParty:978 - Integrity check success = true
2024-06-01 18:57:16,135 [INFO] IntegrityCheckThread:100 - exiting critical section [integrity check]
2024-06-01 18:57:16,135 [INFO] IntegrityCheckThread:103 - End integrity checks thread
2024-06-01 18:57:32,946 [ERROR] LogOutputStream:75 - [STDERR_REDIRECT] SLF4J: Failed to load class "org.slf4j.impl.StaticLoggerBinder".
2024-06-01 18:57:32,947 [ERROR] LogOutputStream:75 - [STDERR_REDIRECT] SLF4J: Defaulting to no-operation (NOP) logger implementation
2024-06-01 18:57:32,948 [ERROR] LogOutputStream:75 - [STDERR_REDIRECT] SLF4J: See http://www.slf4j.org/codes.html#StaticLoggerBinder for further details.
2024-06-01 19:01:58,416 [ERROR] ConfigurationRetriever:142 - IOException on connection: Remote host terminated the handshake
2024-06-01 19:01:58,422 [ERROR] ConfigurationRetriever:142 - IOException on connection: Remote host terminated the handshake
2024-06-01 19:01:58,428 [ERROR] ConfigurationRetriever:142 - IOException on connection: Remote host terminated the handshake
2024-06-01 19:02:03,741 [ERROR] ConfigurationRetriever:142 - IOException on connection: Remote host terminated the handshake
2024-06-01 19:02:03,763 [ERROR] ConfigurationRetriever:142 - IOException on connection: Remote host terminated the handshake
2024-06-01 19:02:03,771 [ERROR] ConfigurationRetriever:142 - IOException on connection: Remote host terminated the handshake
2024-06-01 19:07:53,725 [ERROR] ConfigurationRetriever:142 - IOException on connection: Remote host terminated the handshake
2024-06-01 19:07:53,730 [ERROR] ConfigurationRetriever:142 - IOException on connection: Remote host terminated the handshake
2024-06-01 19:07:53,736 [ERROR] ConfigurationRetriever:142 - IOException on connection: Remote host terminated the handshake
2024-06-01 19:07:53,806 [ERROR] ConfigurationRetriever:142 - IOException on connection: Remote host terminated the handshake
2024-06-01 19:07:53,813 [ERROR] ConfigurationRetriever:142 - IOException on connection: Remote host terminated the handshake
2024-06-01 19:07:53,821 [ERROR] ConfigurationRetriever:142 - IOException on connection: Remote host terminated the handshake
2024-06-01 19:08:55,575 [ERROR] ConfigurationRetriever:142 - IOException on connection: Remote host terminated the handshake
2024-06-01 19:08:55,581 [ERROR] ConfigurationRetriever:142 - IOException on connection: Remote host terminated the handshake
2024-06-01 19:08:55,588 [ERROR] ConfigurationRetriever:142 - IOException on connection: Remote host terminated the handshake
2024-06-01 19:08:55,662 [ERROR] ConfigurationRetriever:142 - IOException on connection: Remote host terminated the handshake
2024-06-01 19:08:55,670 [ERROR] ConfigurationRetriever:142 - IOException on connection: Remote host terminated the handshake
2024-06-01 19:08:55,680 [ERROR] ConfigurationRetriever:142 - IOException on connection: Remote host terminated the handshake
2024-06-01 19:18:49,146 [ERROR] ConfigurationRetriever:142 - IOException on connection: Remote host terminated the handshake
2024-06-01 19:18:49,152 [ERROR] ConfigurationRetriever:142 - IOException on connection: Remote host terminated the handshake
2024-06-01 19:18:49,157 [ERROR] ConfigurationRetriever:142 - IOException on connection: Remote host terminated the handshake
2024-06-01 19:18:49,228 [ERROR] ConfigurationRetriever:142 - IOException on connection: Remote host terminated the handshake
2024-06-01 19:18:49,233 [ERROR] ConfigurationRetriever:142 - IOException on connection: Remote host terminated the handshake
2024-06-01 19:18:49,242 [ERROR] ConfigurationRetriever:142 - IOException on connection: Remote host terminated the handshake
2024-06-01 19:27:47,075 [ERROR] ConfigurationRetriever:142 - IOException on connection: Remote host terminated the handshake
2024-06-01 19:27:47,079 [ERROR] ConfigurationRetriever:142 - IOException on connection: Remote host terminated the handshake
2024-06-01 19:27:47,084 [ERROR] ConfigurationRetriever:142 - IOException on connection: Remote host terminated the handshake
2024-06-01 22:41:19,879 [INFO] Activator:176 - 


2024-06-01 22:41:19,882 [INFO] Activator:177 - !SESSION log4j initialized
2024-06-01 22:41:25,107 [INFO] LogOutputStream:77 - [STDOUT_REDIRECT] 
2024-06-01 22:41:28,545 [ERROR] ConfigurationRetriever:142 - IOException on connection: Read timed out
2024-06-01 22:41:29,161 [INFO] ApplicationProperties:184 - Using Application install path: C:\ST\STM32CubeIDE_1.14.1\STM32CubeIDE\plugins\com.st.stm32cube.common.mx_6.10.0.202311202037
2024-06-01 22:41:29,176 [INFO] DbMcusXml:78 - Set database path to: C:\ST\STM32CubeIDE_1.14.1\STM32CubeIDE\plugins\com.st.stm32cube.common.mx_6.10.0.202311202037\\db\/mcu/
2024-06-01 22:41:29,177 [INFO] ApiDb:274 - Set plugin database path to: C:\ST\STM32CubeIDE_1.14.1\STM32CubeIDE\plugins\com.st.stm32cube.common.mx_6.10.0.202311202037\\db\/plugins/boardmanager/
2024-06-01 22:41:29,177 [WARN] ApiDb:259 - Overriding images path with different value:  => C:\ST\STM32CubeIDE_1.14.1\STM32CubeIDE\plugins\com.st.stm32cube.common.mx_6.10.0.202311202037\\db\/plugins/mcufinder/images/
2024-06-01 22:41:29,191 [INFO] ApiDb:250 - Set database path to: C:\Users\nguye\.stmcufinder\plugins\mcufinder//mcu/
2024-06-01 22:41:29,192 [INFO] DbMcusAds:125 - Set database path to: C:\Users\nguye\.stmcufinder\plugins\mcufinder//mcu/
2024-06-01 22:41:29,193 [INFO] CrossReferenceDbSqlite:203 - Set database path to: C:\Users\nguye\.stmcufinder\plugins\mcufinder//mcu/cs/
2024-06-01 22:41:29,283 [INFO] RulesReader:64 - Compatibility file has been processed (297 Rules)
2024-06-01 22:41:29,354 [INFO] DbMcusXml:78 - Set database path to: C:\ST\STM32CubeIDE_1.14.1\STM32CubeIDE\plugins\com.st.stm32cube.common.mx_6.10.0.202311202037\\db\/mcu/
2024-06-01 22:41:29,354 [INFO] ApiDb:274 - Set plugin database path to: C:\ST\STM32CubeIDE_1.14.1\STM32CubeIDE\plugins\com.st.stm32cube.common.mx_6.10.0.202311202037\\db\/plugins/boardmanager/
2024-06-01 22:41:29,355 [INFO] ApiDb:261 - Set plugin images path to: C:\ST\STM32CubeIDE_1.14.1\STM32CubeIDE\plugins\com.st.stm32cube.common.mx_6.10.0.202311202037\\db\/plugins/mcufinder/images/
2024-06-01 22:41:29,355 [WARN] DbFile:41 - Overriding database path with different value: C:\Users\nguye\.stmcufinder\plugins\mcufinder/ => C:\Users\nguye\.stmcufinder\plugins\mcufinder
2024-06-01 22:41:29,355 [INFO] ApiDb:250 - Set database path to: C:\Users\nguye\.stmcufinder\plugins\mcufinder//mcu/
2024-06-01 22:41:29,355 [WARN] DbFile:41 - Overriding database path with different value: C:\Users\nguye\.stmcufinder\plugins\mcufinder/ => C:\Users\nguye\.stmcufinder\plugins\mcufinder
2024-06-01 22:41:29,355 [INFO] DbMcusAds:125 - Set database path to: C:\Users\nguye\.stmcufinder\plugins\mcufinder//mcu/
2024-06-01 22:41:29,355 [WARN] DbFile:41 - Overriding database path with different value: C:\Users\nguye\.stmcufinder\plugins\mcufinder/ => C:\Users\nguye\.stmcufinder\plugins\mcufinder
2024-06-01 22:41:29,355 [WARN] DbFile:41 - Overriding database path with different value: C:\Users\nguye\.stmcufinder\plugins\mcufinder/ => C:\Users\nguye\.stmcufinder\plugins\mcufinder
2024-06-01 22:41:29,355 [INFO] CrossReferenceDbSqlite:203 - Set database path to: C:\Users\nguye\.stmcufinder\plugins\mcufinder//mcu/cs/
2024-06-01 22:41:29,421 [INFO] MainPanel:264 - HeapMemory: 268435456
2024-06-01 22:41:29,503 [INFO] DbMcusXml:78 - Set database path to: C:\ST\STM32CubeIDE_1.14.1\STM32CubeIDE\plugins\com.st.stm32cube.common.mx_6.10.0.202311202037\\db\/mcu/
2024-06-01 22:41:29,503 [INFO] ApiDb:274 - Set plugin database path to: C:\ST\STM32CubeIDE_1.14.1\STM32CubeIDE\plugins\com.st.stm32cube.common.mx_6.10.0.202311202037\\db\/plugins/boardmanager/
2024-06-01 22:41:29,503 [INFO] ApiDb:261 - Set plugin images path to: C:\ST\STM32CubeIDE_1.14.1\STM32CubeIDE\plugins\com.st.stm32cube.common.mx_6.10.0.202311202037\\db\/plugins/mcufinder/images/
2024-06-01 22:41:29,504 [WARN] DbFile:41 - Overriding database path with different value: C:\Users\nguye\.stmcufinder\plugins\mcufinder/ => C:\Users\nguye\.stmcufinder\plugins\mcufinder
2024-06-01 22:41:29,504 [INFO] ApiDb:250 - Set database path to: C:\Users\nguye\.stmcufinder\plugins\mcufinder//mcu/
2024-06-01 22:41:29,504 [WARN] DbFile:41 - Overriding database path with different value: C:\Users\nguye\.stmcufinder\plugins\mcufinder/ => C:\Users\nguye\.stmcufinder\plugins\mcufinder
2024-06-01 22:41:29,504 [INFO] DbMcusAds:125 - Set database path to: C:\Users\nguye\.stmcufinder\plugins\mcufinder//mcu/
2024-06-01 22:41:29,504 [WARN] DbFile:41 - Overriding database path with different value: C:\Users\nguye\.stmcufinder\plugins\mcufinder/ => C:\Users\nguye\.stmcufinder\plugins\mcufinder
2024-06-01 22:41:29,504 [WARN] DbFile:41 - Overriding database path with different value: C:\Users\nguye\.stmcufinder\plugins\mcufinder/ => C:\Users\nguye\.stmcufinder\plugins\mcufinder
2024-06-01 22:41:29,505 [INFO] CrossReferenceDbSqlite:203 - Set database path to: C:\Users\nguye\.stmcufinder\plugins\mcufinder//mcu/cs/
2024-06-01 22:41:29,521 [INFO] ApplicationProperties:184 - Using Application install path: C:\ST\STM32CubeIDE_1.14.1\STM32CubeIDE\plugins\com.st.stm32cube.common.mx_6.10.0.202311202037
2024-06-01 22:41:29,522 [INFO] PluginManage:196 - Search for loadable plugins [exclusion list=, ]
2024-06-01 22:41:29,524 [INFO] PluginManage:310 - Check plugin analytics
2024-06-01 22:41:29,639 [INFO] AnalyticsPlugin:253 - Accepted Software Licenses: STM32CubeMX.6.10.0
2024-06-01 22:41:29,639 [INFO] AnalyticsPlugin:255 - Accepted CMSIS Pack Licenses: 
2024-06-01 22:41:29,639 [INFO] AnalyticsPlugin:257 - Accepted Firmware Licenses: FW.F4.1.27.0,FW.F4.1.28.0
2024-06-01 22:41:29,640 [INFO] PluginManage:359 - Loaded plugin analytics (category:tool,tabindex:-1)
2024-06-01 22:41:29,641 [INFO] PluginManage:310 - Check plugin cadmodel
2024-06-01 22:41:29,654 [INFO] CADModel:105 - Init CAD model plugin
2024-06-01 22:41:29,655 [INFO] PluginManage:359 - Loaded plugin cadmodel (category:power,tabindex:5)
2024-06-01 22:41:29,655 [INFO] PluginManage:310 - Check plugin clock
2024-06-01 22:41:29,675 [INFO] PluginManage:359 - Loaded plugin clock (category:base,tabindex:2)
2024-06-01 22:41:29,675 [INFO] PluginManage:310 - Check plugin ddr
2024-06-01 22:41:29,677 [INFO] PluginManage:359 - Loaded plugin ddr (category:tool,tabindex:6)
2024-06-01 22:41:29,677 [INFO] PluginManage:310 - Check plugin filemanager
2024-06-01 22:41:29,792 [INFO] PluginManage:359 - Loaded plugin filemanager (category:base,tabindex:10)
2024-06-01 22:41:29,793 [INFO] PluginManage:310 - Check plugin ipmanager
2024-06-01 22:41:29,799 [INFO] PluginManage:359 - Loaded plugin ipmanager (category:base,tabindex:5)
2024-06-01 22:41:29,799 [INFO] PluginManage:310 - Check plugin lpbam
2024-06-01 22:41:29,818 [INFO] PluginManage:359 - Loaded plugin lpbam (category:base,tabindex:0)
2024-06-01 22:41:29,818 [INFO] PluginManage:310 - Check plugin memorymap
2024-06-01 22:41:29,845 [INFO] PluginManage:359 - Loaded plugin memorymap (category:base,tabindex:4)
2024-06-01 22:41:29,845 [INFO] PluginManage:310 - Check plugin pinoutandconfiguration
2024-06-01 22:41:29,862 [INFO] PluginManage:359 - Loaded plugin pinoutandconfiguration (category:base,tabindex:1)
2024-06-01 22:41:29,862 [INFO] PluginManage:310 - Check plugin pinoutconfig
2024-06-01 22:41:29,941 [WARN] SupportedApi:132 - Cannot load RTOS API schema: s4s-elt-must-match.1: The content of 'definitions' must match (annotation?, (simpleType | complexType)?, (unique | key | keyref)*)). A problem was found starting at: attribute.
2024-06-01 22:41:30,059 [INFO] PluginManage:359 - Loaded plugin pinoutconfig (category:base,tabindex:0)
2024-06-01 22:41:30,059 [INFO] PluginManage:310 - Check plugin power
2024-06-01 22:41:30,079 [INFO] PluginManage:359 - Loaded plugin power (category:power,tabindex:4)
2024-06-01 22:41:30,079 [INFO] PluginManage:310 - Check plugin projectmanager
2024-06-01 22:41:30,092 [INFO] PluginManage:359 - Loaded plugin projectmanager (category:projectmanager,tabindex:3)
2024-06-01 22:41:30,092 [INFO] PluginManage:310 - Check plugin thirdparty
2024-06-01 22:41:30,352 [INFO] PluginManage:359 - Loaded plugin thirdparty (category:base,tabindex:-1)
2024-06-01 22:41:30,352 [INFO] PluginManage:310 - Check plugin tools
2024-06-01 22:41:30,352 [WARN] IntegrityCheckThread:84 - waiting for thirdparty lock release [integrity check]
2024-06-01 22:41:30,353 [INFO] IntegrityCheckThread:86 - entering critical section [integrity check]
2024-06-01 22:41:30,353 [INFO] ThirdPartyUpdaterWithRetryManager:70 - Updater plugin not ready yet. [1/15]
2024-06-01 22:41:30,393 [INFO] PluginManage:359 - Loaded plugin tools (category:base,tabindex:7)
2024-06-01 22:41:30,394 [INFO] PluginManage:310 - Check plugin tutovideos
2024-06-01 22:41:30,569 [INFO] PluginManage:359 - Loaded plugin tutovideos (category:base,tabindex:-1)
2024-06-01 22:41:30,569 [INFO] PluginManage:310 - Check plugin updater
2024-06-01 22:41:30,579 [INFO] PluginManage:359 - Loaded plugin updater (category:base,tabindex:12)
2024-06-01 22:41:30,579 [INFO] PluginManage:310 - Check plugin userauth
2024-06-01 22:41:30,585 [INFO] UserAuth:114 - Init User Auth plugin
2024-06-01 22:41:30,585 [INFO] PluginManage:359 - Loaded plugin userauth (category:base,tabindex:14)
2024-06-01 22:41:30,585 [INFO] PluginManage:283 - PluginManage : Loaded plugins [17]
2024-06-01 22:41:30,775 [INFO] PinOutPanel:1499 - setPackage(No Configuration,No Configuration)
2024-06-01 22:41:30,846 [INFO] CADModel:165 - CPN selected for project level
2024-06-01 22:41:30,847 [INFO] CADModel:114 - Register for checkConnection events
2024-06-01 22:41:30,873 [INFO] IPUIPlugin:80 - create IPUIPlugin
2024-06-01 22:41:30,874 [INFO] PluginManager:220 - loadIPPluginJar : add adc
2024-06-01 22:41:30,914 [INFO] IPUIPlugin:80 - create IPUIPlugin
2024-06-01 22:41:30,915 [INFO] PluginManager:220 - loadIPPluginJar : add aes
2024-06-01 22:41:30,964 [INFO] IPUIPlugin:80 - create IPUIPlugin
2024-06-01 22:41:30,965 [INFO] PluginManager:220 - loadIPPluginJar : add can
2024-06-01 22:41:30,991 [INFO] IPUIPlugin:80 - create IPUIPlugin
2024-06-01 22:41:30,992 [INFO] PluginManager:220 - loadIPPluginJar : add comp
2024-06-01 22:41:31,034 [INFO] IPUIPlugin:80 - create IPUIPlugin
2024-06-01 22:41:31,034 [INFO] PluginManager:220 - loadIPPluginJar : add cryp
2024-06-01 22:41:31,075 [INFO] IPUIPlugin:80 - create IPUIPlugin
2024-06-01 22:41:31,075 [INFO] PluginManager:220 - loadIPPluginJar : add dfsdm
2024-06-01 22:41:31,096 [INFO] IPUIPlugin:80 - create IPUIPlugin
2024-06-01 22:41:31,096 [INFO] PluginManager:220 - loadIPPluginJar : add dma
2024-06-01 22:41:31,182 [INFO] IPUIPlugin:80 - create IPUIPlugin
2024-06-01 22:41:31,182 [INFO] PluginManager:220 - loadIPPluginJar : add dma3
2024-06-01 22:41:31,212 [INFO] IPUIPlugin:80 - create IPUIPlugin
2024-06-01 22:41:31,212 [INFO] PluginManager:220 - loadIPPluginJar : add fatfs
2024-06-01 22:41:31,281 [INFO] IPUIPlugin:80 - create IPUIPlugin
2024-06-01 22:41:31,281 [INFO] PluginManager:220 - loadIPPluginJar : add fmc
2024-06-01 22:41:31,301 [INFO] IPUIPlugin:80 - create IPUIPlugin
2024-06-01 22:41:31,301 [INFO] PluginManager:220 - loadIPPluginJar : add freertos
2024-06-01 22:41:31,324 [INFO] IPUIPlugin:80 - create IPUIPlugin
2024-06-01 22:41:31,325 [INFO] PluginManager:220 - loadIPPluginJar : add genericplugin
2024-06-01 22:41:31,449 [INFO] IPUIPlugin:80 - create IPUIPlugin
2024-06-01 22:41:31,449 [INFO] PluginManager:220 - loadIPPluginJar : add gfxmmu
2024-06-01 22:41:31,624 [INFO] IPUIPlugin:80 - create IPUIPlugin
2024-06-01 22:41:31,624 [INFO] PluginManager:220 - loadIPPluginJar : add gic
2024-06-01 22:41:31,643 [INFO] IPUIPlugin:80 - create IPUIPlugin
2024-06-01 22:41:31,643 [INFO] PluginManager:220 - loadIPPluginJar : add gpio
2024-06-01 22:41:31,800 [INFO] IPUIPlugin:80 - create IPUIPlugin
2024-06-01 22:41:31,801 [INFO] PluginManager:220 - loadIPPluginJar : add gtzc
2024-06-01 22:41:31,849 [INFO] IPUIPlugin:80 - create IPUIPlugin
2024-06-01 22:41:31,850 [INFO] PluginManager:220 - loadIPPluginJar : add hash
2024-06-01 22:41:31,922 [INFO] IPUIPlugin:80 - create IPUIPlugin
2024-06-01 22:41:31,923 [INFO] PluginManager:220 - loadIPPluginJar : add i2c
2024-06-01 22:41:31,975 [INFO] IPUIPlugin:80 - create IPUIPlugin
2024-06-01 22:41:31,975 [INFO] PluginManager:220 - loadIPPluginJar : add i2s
2024-06-01 22:41:32,025 [INFO] IPUIPlugin:80 - create IPUIPlugin
2024-06-01 22:41:32,025 [INFO] PluginManager:220 - loadIPPluginJar : add i3c
2024-06-01 22:41:32,188 [INFO] IPUIPlugin:80 - create IPUIPlugin
2024-06-01 22:41:32,188 [INFO] PluginManager:220 - loadIPPluginJar : add ipddr
2024-06-01 22:41:32,305 [INFO] IPUIPlugin:80 - create IPUIPlugin
2024-06-01 22:41:32,306 [INFO] PluginManager:220 - loadIPPluginJar : add linkedlist
2024-06-01 22:41:32,360 [INFO] IPUIPlugin:80 - create IPUIPlugin
2024-06-01 22:41:32,360 [INFO] PluginManager:220 - loadIPPluginJar : add lorawan
2024-06-01 22:41:32,410 [INFO] IPUIPlugin:80 - create IPUIPlugin
2024-06-01 22:41:32,410 [INFO] PluginManager:220 - loadIPPluginJar : add ltdc
2024-06-01 22:41:32,430 [INFO] IPUIPlugin:80 - create IPUIPlugin
2024-06-01 22:41:32,431 [INFO] PluginManager:220 - loadIPPluginJar : add mdma
2024-06-01 22:41:32,447 [INFO] IPUIPlugin:80 - create IPUIPlugin
2024-06-01 22:41:32,448 [INFO] PluginManager:220 - loadIPPluginJar : add nvic
2024-06-01 22:41:32,497 [INFO] IPUIPlugin:80 - create IPUIPlugin
2024-06-01 22:41:32,497 [INFO] PluginManager:220 - loadIPPluginJar : add opamp
2024-06-01 22:41:32,584 [INFO] IPUIPlugin:80 - create IPUIPlugin
2024-06-01 22:41:32,584 [INFO] PluginManager:220 - loadIPPluginJar : add openamp
2024-06-01 22:41:32,647 [INFO] IPUIPlugin:80 - create IPUIPlugin
2024-06-01 22:41:32,647 [INFO] PluginManager:220 - loadIPPluginJar : add pdm2pcm
2024-06-01 22:41:32,663 [INFO] IPUIPlugin:80 - create IPUIPlugin
2024-06-01 22:41:32,666 [INFO] PluginManager:220 - loadIPPluginJar : add plateformsettings
2024-06-01 22:41:32,695 [INFO] IPUIPlugin:80 - create IPUIPlugin
2024-06-01 22:41:32,695 [INFO] PluginManager:220 - loadIPPluginJar : add quadspi
2024-06-01 22:41:32,709 [INFO] IPUIPlugin:80 - create IPUIPlugin
2024-06-01 22:41:32,709 [INFO] PluginManager:220 - loadIPPluginJar : add resmgrutility
2024-06-01 22:41:32,774 [INFO] IPUIPlugin:80 - create IPUIPlugin
2024-06-01 22:41:32,775 [INFO] PluginManager:220 - loadIPPluginJar : add sai
2024-06-01 22:41:32,824 [INFO] IPUIPlugin:80 - create IPUIPlugin
2024-06-01 22:41:32,824 [INFO] PluginManager:220 - loadIPPluginJar : add spi
2024-06-01 22:41:32,918 [INFO] IPUIPlugin:80 - create IPUIPlugin
2024-06-01 22:41:32,919 [INFO] PluginManager:220 - loadIPPluginJar : add stm32_wpan
2024-06-01 22:41:32,949 [INFO] IPUIPlugin:80 - create IPUIPlugin
2024-06-01 22:41:32,949 [INFO] PluginManager:220 - loadIPPluginJar : add tim
2024-06-01 22:41:33,024 [INFO] IPUIPlugin:80 - create IPUIPlugin
2024-06-01 22:41:33,024 [INFO] PluginManager:220 - loadIPPluginJar : add touchsensing
2024-06-01 22:41:33,055 [INFO] IPUIPlugin:80 - create IPUIPlugin
2024-06-01 22:41:33,055 [INFO] PluginManager:220 - loadIPPluginJar : add tracer_emb
2024-06-01 22:41:33,087 [INFO] IPUIPlugin:80 - create IPUIPlugin
2024-06-01 22:41:33,087 [INFO] PluginManager:220 - loadIPPluginJar : add ts
2024-06-01 22:41:33,112 [INFO] IPUIPlugin:80 - create IPUIPlugin
2024-06-01 22:41:33,112 [INFO] PluginManager:220 - loadIPPluginJar : add tsc
2024-06-01 22:41:33,139 [INFO] IPUIPlugin:80 - create IPUIPlugin
2024-06-01 22:41:33,139 [INFO] PluginManager:220 - loadIPPluginJar : add ucpd
2024-06-01 22:41:33,193 [INFO] IPUIPlugin:80 - create IPUIPlugin
2024-06-01 22:41:33,193 [INFO] PluginManager:220 - loadIPPluginJar : add usart
2024-06-01 22:41:33,249 [INFO] IPUIPlugin:80 - create IPUIPlugin
2024-06-01 22:41:33,249 [INFO] PluginManager:220 - loadIPPluginJar : add usbx
2024-06-01 22:41:33,354 [INFO] ThirdPartyUpdaterWithRetryManager:70 - Updater plugin not ready yet. [2/15]
2024-06-01 22:41:33,397 [INFO] CADModel:165 - CPN selected for project level
2024-06-01 22:41:33,397 [INFO] CADModel:114 - Register for checkConnection events
2024-06-01 22:41:33,397 [FATAL] Updater:308 - Updater called before beeing initialized
2024-06-01 22:41:33,397 [ERROR] CADModel:125 - Updater not yet initialized, retry later 
2024-06-01 22:41:33,571 [INFO] CADModel:165 - CPN selected for project level
2024-06-01 22:41:33,571 [INFO] CADModel:114 - Register for checkConnection events
2024-06-01 22:41:33,571 [FATAL] Updater:308 - Updater called before beeing initialized
2024-06-01 22:41:33,571 [ERROR] CADModel:125 - Updater not yet initialized, retry later 
2024-06-01 22:41:33,574 [FATAL] Updater:308 - Updater called before beeing initialized
2024-06-01 22:41:33,727 [FATAL] Updater:308 - Updater called before beeing initialized
2024-06-01 22:41:33,741 [INFO] DbMcusAds:53 - JSON generation date=Thu May 16 16:22:00 ICT 2024 (1715851320852)
2024-06-01 22:41:33,741 [FATAL] Updater:308 - Updater called before beeing initialized
2024-06-01 22:41:33,857 [WARN] DetailPanel:346 - Failed to get advertising image, set to default
2024-06-01 22:41:34,001 [FATAL] Updater:308 - Updater called before beeing initialized
2024-06-01 22:41:34,004 [FATAL] Updater:308 - Updater called before beeing initialized
2024-06-01 22:41:34,004 [FATAL] Updater:308 - Updater called before beeing initialized
2024-06-01 22:41:34,004 [WARN] DetailPanel:346 - Failed to get advertising image, set to default
2024-06-01 22:41:34,005 [FATAL] Updater:308 - Updater called before beeing initialized
2024-06-01 22:41:34,089 [ERROR] Updater:1120 - MainUpdater not yet initialized. External WinMGr cannot be set.
2024-06-01 22:41:34,101 [INFO] Updater:1056 - Updater Version found : 6.10.0
2024-06-01 22:41:34,125 [INFO] ApplicationProperties:184 - Using Application install path: C:\ST\STM32CubeIDE_1.14.1\STM32CubeIDE\plugins\com.st.stm32cube.common.mx_6.10.0.202311202037
2024-06-01 22:41:34,544 [INFO] MainUpdater:2873 - connection check result : 10
2024-06-01 22:41:34,545 [INFO] MainUpdater:3567 - Updater definition file requires update
2024-06-01 22:41:34,546 [INFO] MainUpdater:290 - Updater Check For Update Now.
2024-06-01 22:41:34,547 [INFO] MicroXplorer:498 - Change Database Version : DB.6.0.100
2024-06-01 22:41:34,566 [INFO] McuFinderGlobals:63 - Set McuFinder mode to 2 (CubeIDE integrated)
2024-06-01 22:41:34,684 [INFO] ServerAccessManage:473 - Download File updaters.zip
2024-06-01 22:41:34,782 [INFO] FileExtend:240 - Unzip File : updaters.zip
2024-06-01 22:41:34,783 [INFO] FileExtend:255 - Standard Zip Deflate
2024-06-01 22:41:35,049 [INFO] UserAuth:404 - Internet connection configuration mode: 1
2024-06-01 22:41:35,095 [INFO] JxBrowserEngine:152 - Initiate JxBrowser Engine with user profile folder
2024-06-01 22:41:35,911 [INFO] ServerAccessManage:473 - Download File PacksControlFlags.xml
2024-06-01 22:41:36,158 [INFO] ServerAccessManage:473 - Download File cubemx.pidx
2024-06-01 22:41:36,354 [WARN] MainUpdater:1194 - Updater busy. Cannot search thirdparties
2024-06-01 22:41:36,355 [INFO] ThirdPartyUpdaterWithRetryManager:96 - Updater plugin is busy. [1/15]
2024-06-01 22:41:39,355 [WARN] MainUpdater:1194 - Updater busy. Cannot search thirdparties
2024-06-01 22:41:39,355 [INFO] ThirdPartyUpdaterWithRetryManager:96 - Updater plugin is busy. [2/15]
2024-06-01 22:41:39,578 [INFO] ServerAccessManage:473 - Download File wolfSSL.I-CUBE-wolfMQTT.pdsc
2024-06-01 22:41:40,904 [ERROR] ServerAccessManage:1089 - Problem, file not found on Server
2024-06-01 22:41:41,068 [INFO] WebApp:161 - Instantiating new browser for Auth
2024-06-01 22:41:41,270 [WARN] PackLoader:240 - Cannot read IP mode file for wolfSSL.I-CUBE-wolfMQTT.1.18.0
2024-06-01 22:41:41,271 [INFO] PopulateThirdPartyThread:66 - Ending populate Thread
2024-06-01 22:41:41,273 [INFO] ThirdParty:1030 - CMSIS Pack Vendor :wolfSSL I-CUBE-wolfMQTT 1.18.0
2024-06-01 22:41:41,273 [INFO] LoadServerUpdatesThread:375 - End of LoadServerUpdate Thread
2024-06-01 22:41:41,404 [INFO] CheckServerUpdateThread:120 - End of CheckServer Thread
2024-06-01 22:41:42,633 [WARN] PackLoader:240 - Cannot read IP mode file for STMicroelectronics.FP-SNS-MOTENVWB1.1.4.0
2024-06-01 22:41:42,662 [WARN] PackLoader:240 - Cannot read IP mode file for STMicroelectronics.X-CUBE-SMBUS.2.1.0
2024-06-01 22:41:42,680 [WARN] PackLoader:240 - Cannot read IP mode file for STMicroelectronics.X-CUBE-TOUCHGFX.4.23.1
2024-06-01 22:41:42,694 [WARN] PackLoader:240 - Cannot read IP mode file for STMicroelectronics.X-CUBE-TOUCHGFX.4.23.0
2024-06-01 22:41:42,709 [WARN] PackLoader:240 - Cannot read IP mode file for STMicroelectronics.X-CUBE-TOUCHGFX.4.23.2
2024-06-01 22:41:42,738 [INFO] WebApp:780 - Register for checkConnection events
2024-06-01 22:41:42,738 [INFO] WebApp:414 - Apply proxy settings
2024-06-01 22:41:42,738 [INFO] WebApp:499 - Chromium requires no authentication
2024-06-01 22:41:42,752 [INFO] WebApp:442 - Direct internet connection detected
2024-06-01 22:41:42,756 [WARN] PackLoader:240 - Cannot read IP mode file for STMicroelectronics.X-CUBE-AZRTOS-F7.1.1.0
2024-06-01 22:41:42,778 [WARN] PackLoader:240 - Cannot read IP mode file for STMicroelectronics.FP-SNS-MOTENV1.4.3.2
2024-06-01 22:41:42,789 [WARN] PackLoader:240 - Cannot read IP mode file for STMicroelectronics.FP-SNS-FLIGHT1.5.0.2
2024-06-01 22:41:42,812 [WARN] PackLoader:240 - Cannot read IP mode file for STMicroelectronics.X-CUBE-DISPLAY.3.0.0
2024-06-01 22:41:42,838 [WARN] PackLoader:240 - Cannot read IP mode file for STMicroelectronics.X-CUBE-BLE1.7.0.0
2024-06-01 22:41:42,855 [WARN] PackLoader:240 - Cannot read IP mode file for emotas.I-CUBE-CANOPEN.1.3.0
2024-06-01 22:41:42,882 [WARN] PackLoader:240 - Cannot read IP mode file for STMicroelectronics.X-CUBE-BLEMGR.3.1.0
2024-06-01 22:41:42,901 [WARN] PackLoader:240 - Cannot read IP mode file for STMicroelectronics.FP-SNS-SMARTAG2.1.2.0
2024-06-01 22:41:42,924 [INFO] LogOutputStream:77 - [STDOUT_REDIRECT] 1 : Invalid condition id : UX_CORESTACK_Condition cause : null
2024-06-01 22:41:42,925 [INFO] LogOutputStream:77 - [STDOUT_REDIRECT] 1 : Invalid condition id : UX_CORESTACK_Condition cause : null
2024-06-01 22:41:42,926 [INFO] LogOutputStream:77 - [STDOUT_REDIRECT] 1 : Invalid condition id : UX_CORESTACK_Condition cause : null
2024-06-01 22:41:42,927 [INFO] LogOutputStream:77 - [STDOUT_REDIRECT] 1 : Invalid condition id : UX_CORESTACK_Condition cause : null
2024-06-01 22:41:42,929 [INFO] LogOutputStream:77 - [STDOUT_REDIRECT] 1 : Invalid condition id : UX_CORESTACK_Condition cause : null
2024-06-01 22:41:42,936 [WARN] PackLoader:240 - Cannot read IP mode file for STMicroelectronics.X-CUBE-AZRTOS-WL.2.0.0
2024-06-01 22:41:42,956 [WARN] PackLoader:240 - Cannot read IP mode file for STMicroelectronics.FP-SNS-MOTENV1.5.0.0
2024-06-01 22:41:42,982 [WARN] PackLoader:240 - Cannot read IP mode file for WES.I-CUBE-Cesium.1.3.0
2024-06-01 22:41:42,998 [WARN] PackLoader:240 - Cannot read IP mode file for STMicroelectronics.X-CUBE-BLE2.3.3.0
2024-06-01 22:41:43,021 [WARN] PackLoader:240 - Cannot read IP mode file for STMicroelectronics.X-CUBE-TCPP.4.1.0
2024-06-01 22:41:43,043 [WARN] PackLoader:240 - Cannot read IP mode file for STMicroelectronics.X-CUBE-ALGOBUILD.1.3.0
2024-06-01 22:41:43,053 [INFO] WebApp:192 - Starting web application
2024-06-01 22:41:43,053 [INFO] WebApp:544 - Web application path used C:\ST\STM32CubeIDE_1.14.1\STM32CubeIDE\plugins\com.st.stm32cube.common.mx_6.10.0.202311202037\db\plugins\mcufinder\reactClient1\index.html
2024-06-01 22:41:43,077 [WARN] PackLoader:240 - Cannot read IP mode file for STMicroelectronics.X-CUBE-AZRTOS-G0.1.1.0
2024-06-01 22:41:43,106 [WARN] PackLoader:240 - Cannot read IP mode file for STMicroelectronics.X-CUBE-SAFEA1.1.2.2
2024-06-01 22:41:43,123 [WARN] PackLoader:240 - Cannot read IP mode file for STMicroelectronics.X-CUBE-NFC4.3.0.0
2024-06-01 22:41:43,129 [WARN] PackLoader:240 - Cannot read IP mode file for wolfSSL.I-CUBE-wolfMQTT.1.18.0
2024-06-01 22:41:43,135 [WARN] PackLoader:240 - Cannot read IP mode file for STMicroelectronics.FP-ATR-SIGFOX1.3.2.0
2024-06-01 22:41:43,154 [WARN] PackLoader:240 - Cannot read IP mode file for STMicroelectronics.X-CUBE-EEPRMA1.5.1.0
2024-06-01 22:41:43,199 [WARN] PackLoader:240 - Cannot read IP mode file for SEGGER.I-CUBE-embOS.1.3.1
2024-06-01 22:41:43,249 [WARN] PackLoader:240 - Cannot read IP mode file for STMicroelectronics.X-CUBE-ALGOBUILD.1.4.0
2024-06-01 22:41:43,265 [WARN] PackLoader:240 - Cannot read IP mode file for STMicroelectronics.X-CUBE-GNSS1.6.0.0
2024-06-01 22:41:43,291 [WARN] PackLoader:240 - Cannot read IP mode file for STMicroelectronics.X-CUBE-AZRTOS-F4.1.1.0
2024-06-01 22:41:43,310 [WARN] PackLoader:240 - Cannot read IP mode file for STMicroelectronics.X-CUBE-FREERTOS.1.2.0
2024-06-01 22:41:43,327 [WARN] PackLoader:240 - Cannot read IP mode file for wolfSSL.I-CUBE-wolfSSL.5.6.6
2024-06-01 22:41:43,355 [WARN] PackLoader:240 - Cannot read IP mode file for STMicroelectronics.X-CUBE-AZRTOS-L5.2.0.0
2024-06-01 22:41:43,374 [WARN] PackLoader:240 - Cannot read IP mode file for STMicroelectronics.X-CUBE-NFC6.3.1.0
2024-06-01 22:41:43,388 [WARN] PackLoader:240 - Cannot read IP mode file for ITTIA_DB.I-CUBE-ITTIADB.8.8.0
2024-06-01 22:41:43,403 [WARN] PackLoader:240 - Cannot read IP mode file for STMicroelectronics.X-CUBE-AI.9.0.0
2024-06-01 22:41:43,416 [WARN] PackLoader:240 - Cannot read IP mode file for STMicroelectronics.X-CUBE-NFC7.1.0.1
2024-06-01 22:41:43,429 [WARN] PackLoader:240 - Cannot read IP mode file for STMicroelectronics.X-CUBE-NFC6.3.0.0
2024-06-01 22:41:43,444 [WARN] PackLoader:240 - Cannot read IP mode file for STMicroelectronics.X-CUBE-AI.8.1.0
2024-06-01 22:41:43,513 [WARN] ConditionMgr:438 - getConditionDescription Invalid condition id : LAN8742 Phy interface Condition cause : null
2024-06-01 22:41:43,514 [WARN] PackLoader:240 - Cannot read IP mode file for STMicroelectronics.X-CUBE-AZRTOS-L4.2.0.0
2024-06-01 22:41:43,516 [WARN] ConditionMgr:1039 - genDependencies : Invalid condition id : LAN8742 Phy interface Condition cause : null
2024-06-01 22:41:43,516 [WARN] ConditionMgr:1039 - genDependencies : Invalid condition id : LAN8742 Phy interface Condition cause : null
2024-06-01 22:41:43,517 [WARN] ConditionMgr:1039 - genDependencies : Invalid condition id : LAN8742 Phy interface Condition cause : null
2024-06-01 22:41:43,534 [WARN] PackLoader:240 - Cannot read IP mode file for STMicroelectronics.X-CUBE-SFXS2LP1.4.0.0
2024-06-01 22:41:43,557 [WARN] ConditionMgr:438 - getConditionDescription Invalid condition id : UX DEVICE CLASS RTOS Condition cause : null
2024-06-01 22:41:43,558 [WARN] ConditionMgr:438 - getConditionDescription Invalid condition id : UX DEVICE CLASS RTOS Condition cause : null
2024-06-01 22:41:43,560 [WARN] PackLoader:240 - Cannot read IP mode file for STMicroelectronics.X-CUBE-AZRTOS-WB.2.0.0
2024-06-01 22:41:43,560 [WARN] ConditionMgr:1039 - genDependencies : Invalid condition id : UX DEVICE CLASS RTOS Condition cause : null
2024-06-01 22:41:43,561 [WARN] ConditionMgr:1039 - genDependencies : Invalid condition id : UX DEVICE CLASS RTOS Condition cause : null
2024-06-01 22:41:43,561 [WARN] ConditionMgr:1039 - genDependencies : Invalid condition id : UX DEVICE CLASS RTOS Condition cause : null
2024-06-01 22:41:43,561 [WARN] ConditionMgr:1039 - genDependencies : Invalid condition id : UX DEVICE CLASS RTOS Condition cause : null
2024-06-01 22:41:43,561 [WARN] ConditionMgr:1039 - genDependencies : Invalid condition id : UX DEVICE CLASS RTOS Condition cause : null
2024-06-01 22:41:43,580 [WARN] PackLoader:240 - Cannot read IP mode file for STMicroelectronics.X-CUBE-SUBG2.5.0.0
2024-06-01 22:41:43,610 [WARN] PackLoader:240 - Cannot read IP mode file for STMicroelectronics.X-CUBE-AZRTOS-G4.2.0.0
2024-06-01 22:41:43,639 [WARN] PackLoader:240 - Cannot read IP mode file for Infineon.AIROC-Wi-Fi-Bluetooth-STM32.1.5.1
2024-06-01 22:41:43,655 [WARN] PackLoader:240 - Cannot read IP mode file for STMicroelectronics.FP-SNS-MOTENVWB1.1.3.1
2024-06-01 22:41:43,668 [WARN] PackLoader:240 - Cannot read IP mode file for STMicroelectronics.X-CUBE-ISPU.2.0.0
2024-06-01 22:41:43,680 [WARN] PackLoader:240 - Cannot read IP mode file for STMicroelectronics.X-CUBE-ALS.1.0.2
2024-06-01 22:41:43,738 [WARN] PackLoader:240 - Cannot read IP mode file for STMicroelectronics.X-CUBE-MEMS1.10.0.0
2024-06-01 22:41:43,861 [WARN] PackLoader:240 - Cannot read IP mode file for STMicroelectronics.X-CUBE-FREERTOS.1.1.0
2024-06-01 22:41:43,875 [WARN] PackLoader:240 - Cannot read IP mode file for portGmbH.I-Cube-SoM-uGOAL.1.1.0
2024-06-01 22:41:43,889 [WARN] PackLoader:240 - Cannot read IP mode file for STMicroelectronics.X-CUBE-ALS.1.0.1
2024-06-01 22:41:43,924 [WARN] PackLoader:240 - Cannot read IP mode file for STMicroelectronics.X-CUBE-AZRTOS-H7RS.1.0.0
2024-06-01 22:41:43,930 [WARN] PackLoader:240 - Cannot read IP mode file for STMicroelectronics.FP-ATR-ASTRA1.2.0.0
2024-06-01 22:41:43,948 [WARN] PackLoader:240 - Cannot read IP mode file for STMicroelectronics.X-CUBE-TOF1.3.4.1
2024-06-01 22:41:43,986 [WARN] PackLoader:240 - Cannot read IP mode file for STMicroelectronics.X-CUBE-AZRTOS-H7.3.2.0
2024-06-01 22:41:43,992 [INFO] ThirdParty:978 - Integrity check success = true
2024-06-01 22:41:43,992 [INFO] IntegrityCheckThread:100 - exiting critical section [integrity check]
2024-06-01 22:41:43,992 [INFO] IntegrityCheckThread:103 - End integrity checks thread
2024-06-01 22:42:04,321 [ERROR] LogOutputStream:75 - [STDERR_REDIRECT] SLF4J: Failed to load class "org.slf4j.impl.StaticLoggerBinder".
2024-06-01 22:42:04,321 [ERROR] LogOutputStream:75 - [STDERR_REDIRECT] SLF4J: Defaulting to no-operation (NOP) logger implementation
2024-06-01 22:42:04,323 [ERROR] LogOutputStream:75 - [STDERR_REDIRECT] SLF4J: See http://www.slf4j.org/codes.html#StaticLoggerBinder for further details.
2024-06-01 23:12:22,164 [ERROR] LogOutputStream:75 - [STDERR_REDIRECT] 
