2024-06-09 16:58:32,658 [INFO] Activator:176 - 


2024-06-09 16:58:32,663 [INFO] Activator:177 - !SESSION log4j initialized
2024-06-09 16:58:38,051 [INFO] LogOutputStream:77 - [STDOUT_REDIRECT] 
2024-06-09 16:58:42,101 [INFO] ApplicationProperties:184 - Using Application install path: C:\ST\STM32CubeIDE_1.14.1\STM32CubeIDE\plugins\com.st.stm32cube.common.mx_6.10.0.202311202037
2024-06-09 16:58:42,139 [INFO] DbMcusXml:78 - Set database path to: C:\ST\STM32CubeIDE_1.14.1\STM32CubeIDE\plugins\com.st.stm32cube.common.mx_6.10.0.202311202037\\db\/mcu/
2024-06-09 16:58:42,139 [INFO] ApiDb:274 - Set plugin database path to: C:\ST\STM32CubeIDE_1.14.1\STM32CubeIDE\plugins\com.st.stm32cube.common.mx_6.10.0.202311202037\\db\/plugins/boardmanager/
2024-06-09 16:58:42,140 [WARN] ApiDb:259 - Overriding images path with different value:  => C:\ST\STM32CubeIDE_1.14.1\STM32CubeIDE\plugins\com.st.stm32cube.common.mx_6.10.0.202311202037\\db\/plugins/mcufinder/images/
2024-06-09 16:58:42,164 [INFO] ApiDb:250 - Set database path to: C:\Users\nguye\.stmcufinder\plugins\mcufinder//mcu/
2024-06-09 16:58:42,165 [INFO] DbMcusAds:125 - Set database path to: C:\Users\nguye\.stmcufinder\plugins\mcufinder//mcu/
2024-06-09 16:58:42,169 [INFO] CrossReferenceDbSqlite:203 - Set database path to: C:\Users\nguye\.stmcufinder\plugins\mcufinder//mcu/cs/
2024-06-09 16:58:42,378 [INFO] RulesReader:64 - Compatibility file has been processed (297 Rules)
2024-06-09 16:58:42,570 [INFO] DbMcusXml:78 - Set database path to: C:\ST\STM32CubeIDE_1.14.1\STM32CubeIDE\plugins\com.st.stm32cube.common.mx_6.10.0.202311202037\\db\/mcu/
2024-06-09 16:58:42,571 [INFO] ApiDb:274 - Set plugin database path to: C:\ST\STM32CubeIDE_1.14.1\STM32CubeIDE\plugins\com.st.stm32cube.common.mx_6.10.0.202311202037\\db\/plugins/boardmanager/
2024-06-09 16:58:42,571 [INFO] ApiDb:261 - Set plugin images path to: C:\ST\STM32CubeIDE_1.14.1\STM32CubeIDE\plugins\com.st.stm32cube.common.mx_6.10.0.202311202037\\db\/plugins/mcufinder/images/
2024-06-09 16:58:42,571 [WARN] DbFile:41 - Overriding database path with different value: C:\Users\nguye\.stmcufinder\plugins\mcufinder/ => C:\Users\nguye\.stmcufinder\plugins\mcufinder
2024-06-09 16:58:42,571 [INFO] ApiDb:250 - Set database path to: C:\Users\nguye\.stmcufinder\plugins\mcufinder//mcu/
2024-06-09 16:58:42,571 [WARN] DbFile:41 - Overriding database path with different value: C:\Users\nguye\.stmcufinder\plugins\mcufinder/ => C:\Users\nguye\.stmcufinder\plugins\mcufinder
2024-06-09 16:58:42,571 [INFO] DbMcusAds:125 - Set database path to: C:\Users\nguye\.stmcufinder\plugins\mcufinder//mcu/
2024-06-09 16:58:42,572 [WARN] DbFile:41 - Overriding database path with different value: C:\Users\nguye\.stmcufinder\plugins\mcufinder/ => C:\Users\nguye\.stmcufinder\plugins\mcufinder
2024-06-09 16:58:42,572 [WARN] DbFile:41 - Overriding database path with different value: C:\Users\nguye\.stmcufinder\plugins\mcufinder/ => C:\Users\nguye\.stmcufinder\plugins\mcufinder
2024-06-09 16:58:42,572 [INFO] CrossReferenceDbSqlite:203 - Set database path to: C:\Users\nguye\.stmcufinder\plugins\mcufinder//mcu/cs/
2024-06-09 16:58:42,721 [INFO] MainPanel:264 - HeapMemory: 288358400
2024-06-09 16:58:42,874 [INFO] DbMcusXml:78 - Set database path to: C:\ST\STM32CubeIDE_1.14.1\STM32CubeIDE\plugins\com.st.stm32cube.common.mx_6.10.0.202311202037\\db\/mcu/
2024-06-09 16:58:42,874 [INFO] ApiDb:274 - Set plugin database path to: C:\ST\STM32CubeIDE_1.14.1\STM32CubeIDE\plugins\com.st.stm32cube.common.mx_6.10.0.202311202037\\db\/plugins/boardmanager/
2024-06-09 16:58:42,874 [INFO] ApiDb:261 - Set plugin images path to: C:\ST\STM32CubeIDE_1.14.1\STM32CubeIDE\plugins\com.st.stm32cube.common.mx_6.10.0.202311202037\\db\/plugins/mcufinder/images/
2024-06-09 16:58:42,875 [WARN] DbFile:41 - Overriding database path with different value: C:\Users\nguye\.stmcufinder\plugins\mcufinder/ => C:\Users\nguye\.stmcufinder\plugins\mcufinder
2024-06-09 16:58:42,875 [INFO] ApiDb:250 - Set database path to: C:\Users\nguye\.stmcufinder\plugins\mcufinder//mcu/
2024-06-09 16:58:42,875 [WARN] DbFile:41 - Overriding database path with different value: C:\Users\nguye\.stmcufinder\plugins\mcufinder/ => C:\Users\nguye\.stmcufinder\plugins\mcufinder
2024-06-09 16:58:42,875 [INFO] DbMcusAds:125 - Set database path to: C:\Users\nguye\.stmcufinder\plugins\mcufinder//mcu/
2024-06-09 16:58:42,875 [WARN] DbFile:41 - Overriding database path with different value: C:\Users\nguye\.stmcufinder\plugins\mcufinder/ => C:\Users\nguye\.stmcufinder\plugins\mcufinder
2024-06-09 16:58:42,875 [WARN] DbFile:41 - Overriding database path with different value: C:\Users\nguye\.stmcufinder\plugins\mcufinder/ => C:\Users\nguye\.stmcufinder\plugins\mcufinder
2024-06-09 16:58:42,875 [INFO] CrossReferenceDbSqlite:203 - Set database path to: C:\Users\nguye\.stmcufinder\plugins\mcufinder//mcu/cs/
2024-06-09 16:58:42,904 [INFO] ApplicationProperties:184 - Using Application install path: C:\ST\STM32CubeIDE_1.14.1\STM32CubeIDE\plugins\com.st.stm32cube.common.mx_6.10.0.202311202037
2024-06-09 16:58:42,906 [INFO] PluginManage:196 - Search for loadable plugins [exclusion list=, ]
2024-06-09 16:58:42,913 [INFO] PluginManage:310 - Check plugin analytics
2024-06-09 16:58:43,155 [INFO] AnalyticsPlugin:253 - Accepted Software Licenses: STM32CubeMX.6.10.0
2024-06-09 16:58:43,156 [INFO] AnalyticsPlugin:255 - Accepted CMSIS Pack Licenses: 
2024-06-09 16:58:43,156 [INFO] AnalyticsPlugin:257 - Accepted Firmware Licenses: FW.F4.1.27.0,FW.F4.1.28.0
2024-06-09 16:58:43,160 [INFO] PluginManage:359 - Loaded plugin analytics (category:tool,tabindex:-1)
2024-06-09 16:58:43,160 [INFO] PluginManage:310 - Check plugin cadmodel
2024-06-09 16:58:43,179 [INFO] CADModel:105 - Init CAD model plugin
2024-06-09 16:58:43,179 [INFO] PluginManage:359 - Loaded plugin cadmodel (category:power,tabindex:5)
2024-06-09 16:58:43,179 [INFO] PluginManage:310 - Check plugin clock
2024-06-09 16:58:43,207 [INFO] PluginManage:359 - Loaded plugin clock (category:base,tabindex:2)
2024-06-09 16:58:43,207 [INFO] PluginManage:310 - Check plugin ddr
2024-06-09 16:58:43,212 [INFO] PluginManage:359 - Loaded plugin ddr (category:tool,tabindex:6)
2024-06-09 16:58:43,212 [INFO] PluginManage:310 - Check plugin filemanager
2024-06-09 16:58:43,442 [INFO] PluginManage:359 - Loaded plugin filemanager (category:base,tabindex:10)
2024-06-09 16:58:43,442 [INFO] PluginManage:310 - Check plugin ipmanager
2024-06-09 16:58:43,455 [INFO] PluginManage:359 - Loaded plugin ipmanager (category:base,tabindex:5)
2024-06-09 16:58:43,456 [INFO] PluginManage:310 - Check plugin lpbam
2024-06-09 16:58:43,479 [INFO] PluginManage:359 - Loaded plugin lpbam (category:base,tabindex:0)
2024-06-09 16:58:43,479 [INFO] PluginManage:310 - Check plugin memorymap
2024-06-09 16:58:43,512 [INFO] PluginManage:359 - Loaded plugin memorymap (category:base,tabindex:4)
2024-06-09 16:58:43,512 [INFO] PluginManage:310 - Check plugin pinoutandconfiguration
2024-06-09 16:58:43,539 [INFO] PluginManage:359 - Loaded plugin pinoutandconfiguration (category:base,tabindex:1)
2024-06-09 16:58:43,539 [INFO] PluginManage:310 - Check plugin pinoutconfig
2024-06-09 16:58:43,695 [WARN] SupportedApi:132 - Cannot load RTOS API schema: s4s-elt-must-match.1: The content of 'definitions' must match (annotation?, (simpleType | complexType)?, (unique | key | keyref)*)). A problem was found starting at: attribute.
2024-06-09 16:58:43,912 [INFO] PluginManage:359 - Loaded plugin pinoutconfig (category:base,tabindex:0)
2024-06-09 16:58:43,912 [INFO] PluginManage:310 - Check plugin power
2024-06-09 16:58:43,935 [INFO] PluginManage:359 - Loaded plugin power (category:power,tabindex:4)
2024-06-09 16:58:43,935 [INFO] PluginManage:310 - Check plugin projectmanager
2024-06-09 16:58:43,959 [INFO] PluginManage:359 - Loaded plugin projectmanager (category:projectmanager,tabindex:3)
2024-06-09 16:58:43,959 [INFO] PluginManage:310 - Check plugin thirdparty
2024-06-09 16:58:44,255 [INFO] PluginManage:359 - Loaded plugin thirdparty (category:base,tabindex:-1)
2024-06-09 16:58:44,255 [WARN] IntegrityCheckThread:84 - waiting for thirdparty lock release [integrity check]
2024-06-09 16:58:44,255 [INFO] PluginManage:310 - Check plugin tools
2024-06-09 16:58:44,255 [INFO] IntegrityCheckThread:86 - entering critical section [integrity check]
2024-06-09 16:58:44,255 [INFO] ThirdPartyUpdaterWithRetryManager:70 - Updater plugin not ready yet. [1/15]
2024-06-09 16:58:44,296 [INFO] PluginManage:359 - Loaded plugin tools (category:base,tabindex:7)
2024-06-09 16:58:44,297 [INFO] PluginManage:310 - Check plugin tutovideos
2024-06-09 16:58:44,522 [INFO] PluginManage:359 - Loaded plugin tutovideos (category:base,tabindex:-1)
2024-06-09 16:58:44,522 [INFO] PluginManage:310 - Check plugin updater
2024-06-09 16:58:44,535 [INFO] PluginManage:359 - Loaded plugin updater (category:base,tabindex:12)
2024-06-09 16:58:44,535 [INFO] PluginManage:310 - Check plugin userauth
2024-06-09 16:58:44,541 [INFO] UserAuth:114 - Init User Auth plugin
2024-06-09 16:58:44,541 [INFO] PluginManage:359 - Loaded plugin userauth (category:base,tabindex:14)
2024-06-09 16:58:44,541 [INFO] PluginManage:283 - PluginManage : Loaded plugins [17]
2024-06-09 16:58:44,793 [INFO] PinOutPanel:1499 - setPackage(No Configuration,No Configuration)
2024-06-09 16:58:44,884 [INFO] CADModel:165 - CPN selected for project level
2024-06-09 16:58:44,884 [INFO] CADModel:114 - Register for checkConnection events
2024-06-09 16:58:44,913 [INFO] IPUIPlugin:80 - create IPUIPlugin
2024-06-09 16:58:44,913 [INFO] PluginManager:220 - loadIPPluginJar : add adc
2024-06-09 16:58:44,957 [INFO] IPUIPlugin:80 - create IPUIPlugin
2024-06-09 16:58:44,957 [INFO] PluginManager:220 - loadIPPluginJar : add aes
2024-06-09 16:58:45,006 [INFO] IPUIPlugin:80 - create IPUIPlugin
2024-06-09 16:58:45,006 [INFO] PluginManager:220 - loadIPPluginJar : add can
2024-06-09 16:58:45,032 [INFO] IPUIPlugin:80 - create IPUIPlugin
2024-06-09 16:58:45,032 [INFO] PluginManager:220 - loadIPPluginJar : add comp
2024-06-09 16:58:45,071 [INFO] IPUIPlugin:80 - create IPUIPlugin
2024-06-09 16:58:45,072 [INFO] PluginManager:220 - loadIPPluginJar : add cryp
2024-06-09 16:58:45,107 [INFO] IPUIPlugin:80 - create IPUIPlugin
2024-06-09 16:58:45,108 [INFO] PluginManager:220 - loadIPPluginJar : add dfsdm
2024-06-09 16:58:45,124 [INFO] IPUIPlugin:80 - create IPUIPlugin
2024-06-09 16:58:45,124 [INFO] PluginManager:220 - loadIPPluginJar : add dma
2024-06-09 16:58:45,175 [INFO] IPUIPlugin:80 - create IPUIPlugin
2024-06-09 16:58:45,175 [INFO] PluginManager:220 - loadIPPluginJar : add dma3
2024-06-09 16:58:45,199 [INFO] IPUIPlugin:80 - create IPUIPlugin
2024-06-09 16:58:45,199 [INFO] PluginManager:220 - loadIPPluginJar : add fatfs
2024-06-09 16:58:45,256 [INFO] IPUIPlugin:80 - create IPUIPlugin
2024-06-09 16:58:45,256 [INFO] PluginManager:220 - loadIPPluginJar : add fmc
2024-06-09 16:58:45,274 [INFO] IPUIPlugin:80 - create IPUIPlugin
2024-06-09 16:58:45,275 [INFO] PluginManager:220 - loadIPPluginJar : add freertos
2024-06-09 16:58:45,299 [INFO] IPUIPlugin:80 - create IPUIPlugin
2024-06-09 16:58:45,299 [INFO] PluginManager:220 - loadIPPluginJar : add genericplugin
2024-06-09 16:58:45,417 [INFO] IPUIPlugin:80 - create IPUIPlugin
2024-06-09 16:58:45,418 [INFO] PluginManager:220 - loadIPPluginJar : add gfxmmu
2024-06-09 16:58:45,601 [INFO] IPUIPlugin:80 - create IPUIPlugin
2024-06-09 16:58:45,601 [INFO] PluginManager:220 - loadIPPluginJar : add gic
2024-06-09 16:58:45,618 [INFO] IPUIPlugin:80 - create IPUIPlugin
2024-06-09 16:58:45,619 [INFO] PluginManager:220 - loadIPPluginJar : add gpio
2024-06-09 16:58:45,742 [INFO] IPUIPlugin:80 - create IPUIPlugin
2024-06-09 16:58:45,742 [INFO] PluginManager:220 - loadIPPluginJar : add gtzc
2024-06-09 16:58:45,791 [INFO] IPUIPlugin:80 - create IPUIPlugin
2024-06-09 16:58:45,791 [INFO] PluginManager:220 - loadIPPluginJar : add hash
2024-06-09 16:58:45,869 [INFO] IPUIPlugin:80 - create IPUIPlugin
2024-06-09 16:58:45,870 [INFO] PluginManager:220 - loadIPPluginJar : add i2c
2024-06-09 16:58:45,934 [INFO] IPUIPlugin:80 - create IPUIPlugin
2024-06-09 16:58:45,934 [INFO] PluginManager:220 - loadIPPluginJar : add i2s
2024-06-09 16:58:45,986 [INFO] IPUIPlugin:80 - create IPUIPlugin
2024-06-09 16:58:45,987 [INFO] PluginManager:220 - loadIPPluginJar : add i3c
2024-06-09 16:58:46,130 [INFO] IPUIPlugin:80 - create IPUIPlugin
2024-06-09 16:58:46,130 [INFO] PluginManager:220 - loadIPPluginJar : add ipddr
2024-06-09 16:58:46,253 [INFO] IPUIPlugin:80 - create IPUIPlugin
2024-06-09 16:58:46,254 [INFO] PluginManager:220 - loadIPPluginJar : add linkedlist
2024-06-09 16:58:46,307 [INFO] IPUIPlugin:80 - create IPUIPlugin
2024-06-09 16:58:46,307 [INFO] PluginManager:220 - loadIPPluginJar : add lorawan
2024-06-09 16:58:46,357 [INFO] IPUIPlugin:80 - create IPUIPlugin
2024-06-09 16:58:46,357 [INFO] PluginManager:220 - loadIPPluginJar : add ltdc
2024-06-09 16:58:46,376 [INFO] IPUIPlugin:80 - create IPUIPlugin
2024-06-09 16:58:46,376 [INFO] PluginManager:220 - loadIPPluginJar : add mdma
2024-06-09 16:58:46,390 [INFO] IPUIPlugin:80 - create IPUIPlugin
2024-06-09 16:58:46,391 [INFO] PluginManager:220 - loadIPPluginJar : add nvic
2024-06-09 16:58:46,438 [INFO] IPUIPlugin:80 - create IPUIPlugin
2024-06-09 16:58:46,438 [INFO] PluginManager:220 - loadIPPluginJar : add opamp
2024-06-09 16:58:46,514 [INFO] IPUIPlugin:80 - create IPUIPlugin
2024-06-09 16:58:46,514 [INFO] PluginManager:220 - loadIPPluginJar : add openamp
2024-06-09 16:58:46,573 [INFO] IPUIPlugin:80 - create IPUIPlugin
2024-06-09 16:58:46,574 [INFO] PluginManager:220 - loadIPPluginJar : add pdm2pcm
2024-06-09 16:58:46,589 [INFO] IPUIPlugin:80 - create IPUIPlugin
2024-06-09 16:58:46,591 [INFO] PluginManager:220 - loadIPPluginJar : add plateformsettings
2024-06-09 16:58:46,620 [INFO] IPUIPlugin:80 - create IPUIPlugin
2024-06-09 16:58:46,621 [INFO] PluginManager:220 - loadIPPluginJar : add quadspi
2024-06-09 16:58:46,634 [INFO] IPUIPlugin:80 - create IPUIPlugin
2024-06-09 16:58:46,634 [INFO] PluginManager:220 - loadIPPluginJar : add resmgrutility
2024-06-09 16:58:46,703 [INFO] IPUIPlugin:80 - create IPUIPlugin
2024-06-09 16:58:46,703 [INFO] PluginManager:220 - loadIPPluginJar : add sai
2024-06-09 16:58:46,761 [INFO] IPUIPlugin:80 - create IPUIPlugin
2024-06-09 16:58:46,761 [INFO] PluginManager:220 - loadIPPluginJar : add spi
2024-06-09 16:58:46,850 [INFO] IPUIPlugin:80 - create IPUIPlugin
2024-06-09 16:58:46,850 [INFO] PluginManager:220 - loadIPPluginJar : add stm32_wpan
2024-06-09 16:58:46,879 [INFO] IPUIPlugin:80 - create IPUIPlugin
2024-06-09 16:58:46,880 [INFO] PluginManager:220 - loadIPPluginJar : add tim
2024-06-09 16:58:46,949 [INFO] IPUIPlugin:80 - create IPUIPlugin
2024-06-09 16:58:46,949 [INFO] PluginManager:220 - loadIPPluginJar : add touchsensing
2024-06-09 16:58:46,979 [INFO] IPUIPlugin:80 - create IPUIPlugin
2024-06-09 16:58:46,979 [INFO] PluginManager:220 - loadIPPluginJar : add tracer_emb
2024-06-09 16:58:47,010 [INFO] IPUIPlugin:80 - create IPUIPlugin
2024-06-09 16:58:47,010 [INFO] PluginManager:220 - loadIPPluginJar : add ts
2024-06-09 16:58:47,036 [INFO] IPUIPlugin:80 - create IPUIPlugin
2024-06-09 16:58:47,036 [INFO] PluginManager:220 - loadIPPluginJar : add tsc
2024-06-09 16:58:47,062 [INFO] IPUIPlugin:80 - create IPUIPlugin
2024-06-09 16:58:47,062 [INFO] PluginManager:220 - loadIPPluginJar : add ucpd
2024-06-09 16:58:47,123 [INFO] IPUIPlugin:80 - create IPUIPlugin
2024-06-09 16:58:47,123 [INFO] PluginManager:220 - loadIPPluginJar : add usart
2024-06-09 16:58:47,187 [INFO] IPUIPlugin:80 - create IPUIPlugin
2024-06-09 16:58:47,188 [INFO] PluginManager:220 - loadIPPluginJar : add usbx
2024-06-09 16:58:47,257 [INFO] ThirdPartyUpdaterWithRetryManager:70 - Updater plugin not ready yet. [2/15]
2024-06-09 16:58:47,331 [INFO] CADModel:165 - CPN selected for project level
2024-06-09 16:58:47,332 [INFO] CADModel:114 - Register for checkConnection events
2024-06-09 16:58:47,332 [FATAL] Updater:308 - Updater called before beeing initialized
2024-06-09 16:58:47,332 [ERROR] CADModel:125 - Updater not yet initialized, retry later 
2024-06-09 16:58:47,498 [INFO] CADModel:165 - CPN selected for project level
2024-06-09 16:58:47,498 [INFO] CADModel:114 - Register for checkConnection events
2024-06-09 16:58:47,498 [FATAL] Updater:308 - Updater called before beeing initialized
2024-06-09 16:58:47,498 [ERROR] CADModel:125 - Updater not yet initialized, retry later 
2024-06-09 16:58:47,501 [FATAL] Updater:308 - Updater called before beeing initialized
2024-06-09 16:58:47,643 [FATAL] Updater:308 - Updater called before beeing initialized
2024-06-09 16:58:47,658 [INFO] DbMcusAds:53 - JSON generation date=Thu May 16 16:22:00 ICT 2024 (1715851320852)
2024-06-09 16:58:47,658 [FATAL] Updater:308 - Updater called before beeing initialized
2024-06-09 16:58:47,761 [WARN] DetailPanel:346 - Failed to get advertising image, set to default
2024-06-09 16:58:47,899 [FATAL] Updater:308 - Updater called before beeing initialized
2024-06-09 16:58:47,902 [FATAL] Updater:308 - Updater called before beeing initialized
2024-06-09 16:58:47,902 [FATAL] Updater:308 - Updater called before beeing initialized
2024-06-09 16:58:47,902 [WARN] DetailPanel:346 - Failed to get advertising image, set to default
2024-06-09 16:58:47,903 [FATAL] Updater:308 - Updater called before beeing initialized
2024-06-09 16:58:47,989 [ERROR] Updater:1120 - MainUpdater not yet initialized. External WinMGr cannot be set.
2024-06-09 16:58:48,003 [INFO] Updater:1056 - Updater Version found : 6.10.0
2024-06-09 16:58:48,027 [INFO] ApplicationProperties:184 - Using Application install path: C:\ST\STM32CubeIDE_1.14.1\STM32CubeIDE\plugins\com.st.stm32cube.common.mx_6.10.0.202311202037
2024-06-09 16:58:48,494 [INFO] MainUpdater:2873 - connection check result : 10
2024-06-09 16:58:48,495 [INFO] MainUpdater:3567 - Updater definition file requires update
2024-06-09 16:58:48,496 [INFO] MainUpdater:290 - Updater Check For Update Now.
2024-06-09 16:58:48,496 [INFO] MicroXplorer:498 - Change Database Version : DB.6.0.100
2024-06-09 16:58:48,515 [INFO] McuFinderGlobals:63 - Set McuFinder mode to 2 (CubeIDE integrated)
2024-06-09 16:58:48,579 [INFO] ServerAccessManage:473 - Download File updaters.zip
2024-06-09 16:58:48,690 [INFO] FileExtend:240 - Unzip File : updaters.zip
2024-06-09 16:58:48,690 [INFO] FileExtend:255 - Standard Zip Deflate
2024-06-09 16:58:48,825 [INFO] UserAuth:404 - Internet connection configuration mode: 1
2024-06-09 16:58:48,854 [INFO] JxBrowserEngine:152 - Initiate JxBrowser Engine with user profile folder
2024-06-09 16:58:49,119 [INFO] ServerAccessManage:473 - Download File PacksControlFlags.xml
2024-06-09 16:58:49,224 [INFO] ServerAccessManage:473 - Download File cubemx.pidx
2024-06-09 16:58:49,350 [INFO] LoadServerUpdatesThread:375 - End of LoadServerUpdate Thread
2024-06-09 16:58:49,546 [INFO] CheckServerUpdateThread:120 - End of CheckServer Thread
2024-06-09 16:58:50,548 [WARN] PackLoader:240 - Cannot read IP mode file for STMicroelectronics.FP-SNS-MOTENVWB1.1.4.0
2024-06-09 16:58:50,563 [WARN] PackLoader:240 - Cannot read IP mode file for STMicroelectronics.X-CUBE-SMBUS.2.1.0
2024-06-09 16:58:50,576 [WARN] PackLoader:240 - Cannot read IP mode file for STMicroelectronics.X-CUBE-TOUCHGFX.4.23.1
2024-06-09 16:58:50,586 [WARN] PackLoader:240 - Cannot read IP mode file for STMicroelectronics.X-CUBE-TOUCHGFX.4.23.0
2024-06-09 16:58:50,598 [WARN] PackLoader:240 - Cannot read IP mode file for STMicroelectronics.X-CUBE-TOUCHGFX.4.23.2
2024-06-09 16:58:50,647 [WARN] PackLoader:240 - Cannot read IP mode file for STMicroelectronics.X-CUBE-AZRTOS-F7.1.1.0
2024-06-09 16:58:50,668 [WARN] PackLoader:240 - Cannot read IP mode file for STMicroelectronics.FP-SNS-MOTENV1.4.3.2
2024-06-09 16:58:50,683 [WARN] PackLoader:240 - Cannot read IP mode file for STMicroelectronics.FP-SNS-FLIGHT1.5.0.2
2024-06-09 16:58:50,703 [WARN] PackLoader:240 - Cannot read IP mode file for STMicroelectronics.X-CUBE-DISPLAY.3.0.0
2024-06-09 16:58:50,729 [WARN] PackLoader:240 - Cannot read IP mode file for STMicroelectronics.X-CUBE-BLE1.7.0.0
2024-06-09 16:58:50,745 [WARN] PackLoader:240 - Cannot read IP mode file for emotas.I-CUBE-CANOPEN.1.3.0
2024-06-09 16:58:50,766 [WARN] PackLoader:240 - Cannot read IP mode file for STMicroelectronics.X-CUBE-BLEMGR.3.1.0
2024-06-09 16:58:50,783 [WARN] PackLoader:240 - Cannot read IP mode file for STMicroelectronics.FP-SNS-SMARTAG2.1.2.0
2024-06-09 16:58:50,806 [INFO] LogOutputStream:77 - [STDOUT_REDIRECT] 1 : Invalid condition id : UX_CORESTACK_Condition cause : null
2024-06-09 16:58:50,806 [INFO] LogOutputStream:77 - [STDOUT_REDIRECT] 1 : Invalid condition id : UX_CORESTACK_Condition cause : null
2024-06-09 16:58:50,808 [INFO] LogOutputStream:77 - [STDOUT_REDIRECT] 1 : Invalid condition id : UX_CORESTACK_Condition cause : null
2024-06-09 16:58:50,809 [INFO] LogOutputStream:77 - [STDOUT_REDIRECT] 1 : Invalid condition id : UX_CORESTACK_Condition cause : null
2024-06-09 16:58:50,811 [INFO] LogOutputStream:77 - [STDOUT_REDIRECT] 1 : Invalid condition id : UX_CORESTACK_Condition cause : null
2024-06-09 16:58:50,815 [WARN] PackLoader:240 - Cannot read IP mode file for STMicroelectronics.X-CUBE-AZRTOS-WL.2.0.0
2024-06-09 16:58:50,830 [WARN] PackLoader:240 - Cannot read IP mode file for STMicroelectronics.FP-SNS-MOTENV1.5.0.0
2024-06-09 16:58:50,853 [WARN] PackLoader:240 - Cannot read IP mode file for WES.I-CUBE-Cesium.1.3.0
2024-06-09 16:58:50,867 [WARN] PackLoader:240 - Cannot read IP mode file for STMicroelectronics.X-CUBE-BLE2.3.3.0
2024-06-09 16:58:50,883 [WARN] PackLoader:240 - Cannot read IP mode file for STMicroelectronics.X-CUBE-TCPP.4.1.0
2024-06-09 16:58:50,902 [WARN] PackLoader:240 - Cannot read IP mode file for STMicroelectronics.X-CUBE-ALGOBUILD.1.3.0
2024-06-09 16:58:50,943 [WARN] PackLoader:240 - Cannot read IP mode file for STMicroelectronics.X-CUBE-AZRTOS-G0.1.1.0
2024-06-09 16:58:50,968 [WARN] PackLoader:240 - Cannot read IP mode file for STMicroelectronics.X-CUBE-SAFEA1.1.2.2
2024-06-09 16:58:50,991 [WARN] PackLoader:240 - Cannot read IP mode file for STMicroelectronics.X-CUBE-NFC4.3.0.0
2024-06-09 16:58:51,009 [WARN] PackLoader:240 - Cannot read IP mode file for wolfSSL.I-CUBE-wolfMQTT.1.18.0
2024-06-09 16:58:51,024 [WARN] PackLoader:240 - Cannot read IP mode file for STMicroelectronics.FP-ATR-SIGFOX1.3.2.0
2024-06-09 16:58:51,040 [WARN] PackLoader:240 - Cannot read IP mode file for STMicroelectronics.X-CUBE-EEPRMA1.5.1.0
2024-06-09 16:58:51,102 [WARN] PackLoader:240 - Cannot read IP mode file for SEGGER.I-CUBE-embOS.1.3.1
2024-06-09 16:58:51,168 [WARN] PackLoader:240 - Cannot read IP mode file for STMicroelectronics.X-CUBE-ALGOBUILD.1.4.0
2024-06-09 16:58:51,189 [WARN] PackLoader:240 - Cannot read IP mode file for STMicroelectronics.X-CUBE-GNSS1.6.0.0
2024-06-09 16:58:51,229 [WARN] PackLoader:240 - Cannot read IP mode file for STMicroelectronics.X-CUBE-AZRTOS-F4.1.1.0
2024-06-09 16:58:51,250 [WARN] PackLoader:240 - Cannot read IP mode file for STMicroelectronics.X-CUBE-FREERTOS.1.2.0
2024-06-09 16:58:51,264 [WARN] PackLoader:240 - Cannot read IP mode file for wolfSSL.I-CUBE-wolfSSL.5.6.6
2024-06-09 16:58:51,297 [WARN] PackLoader:240 - Cannot read IP mode file for STMicroelectronics.X-CUBE-AZRTOS-L5.2.0.0
2024-06-09 16:58:51,322 [WARN] PackLoader:240 - Cannot read IP mode file for STMicroelectronics.X-CUBE-NFC6.3.1.0
2024-06-09 16:58:51,340 [WARN] PackLoader:240 - Cannot read IP mode file for ITTIA_DB.I-CUBE-ITTIADB.8.8.0
2024-06-09 16:58:51,354 [WARN] PackLoader:240 - Cannot read IP mode file for STMicroelectronics.X-CUBE-AI.9.0.0
2024-06-09 16:58:51,367 [WARN] PackLoader:240 - Cannot read IP mode file for STMicroelectronics.X-CUBE-NFC7.1.0.1
2024-06-09 16:58:51,384 [WARN] PackLoader:240 - Cannot read IP mode file for STMicroelectronics.X-CUBE-NFC6.3.0.0
2024-06-09 16:58:51,403 [WARN] PackLoader:240 - Cannot read IP mode file for STMicroelectronics.X-CUBE-AI.8.1.0
2024-06-09 16:58:51,442 [WARN] ConditionMgr:438 - getConditionDescription Invalid condition id : LAN8742 Phy interface Condition cause : null
2024-06-09 16:58:51,443 [WARN] PackLoader:240 - Cannot read IP mode file for STMicroelectronics.X-CUBE-AZRTOS-L4.2.0.0
2024-06-09 16:58:51,446 [WARN] ConditionMgr:1039 - genDependencies : Invalid condition id : LAN8742 Phy interface Condition cause : null
2024-06-09 16:58:51,446 [WARN] ConditionMgr:1039 - genDependencies : Invalid condition id : LAN8742 Phy interface Condition cause : null
2024-06-09 16:58:51,447 [WARN] ConditionMgr:1039 - genDependencies : Invalid condition id : LAN8742 Phy interface Condition cause : null
2024-06-09 16:58:51,465 [WARN] PackLoader:240 - Cannot read IP mode file for STMicroelectronics.X-CUBE-SFXS2LP1.4.0.0
2024-06-09 16:58:51,503 [WARN] ConditionMgr:438 - getConditionDescription Invalid condition id : UX DEVICE CLASS RTOS Condition cause : null
2024-06-09 16:58:51,504 [WARN] ConditionMgr:438 - getConditionDescription Invalid condition id : UX DEVICE CLASS RTOS Condition cause : null
2024-06-09 16:58:51,507 [WARN] PackLoader:240 - Cannot read IP mode file for STMicroelectronics.X-CUBE-AZRTOS-WB.2.0.0
2024-06-09 16:58:51,508 [WARN] ConditionMgr:1039 - genDependencies : Invalid condition id : UX DEVICE CLASS RTOS Condition cause : null
2024-06-09 16:58:51,508 [WARN] ConditionMgr:1039 - genDependencies : Invalid condition id : UX DEVICE CLASS RTOS Condition cause : null
2024-06-09 16:58:51,509 [WARN] ConditionMgr:1039 - genDependencies : Invalid condition id : UX DEVICE CLASS RTOS Condition cause : null
2024-06-09 16:58:51,509 [WARN] ConditionMgr:1039 - genDependencies : Invalid condition id : UX DEVICE CLASS RTOS Condition cause : null
2024-06-09 16:58:51,509 [WARN] ConditionMgr:1039 - genDependencies : Invalid condition id : UX DEVICE CLASS RTOS Condition cause : null
2024-06-09 16:58:51,531 [WARN] PackLoader:240 - Cannot read IP mode file for STMicroelectronics.X-CUBE-SUBG2.5.0.0
2024-06-09 16:58:51,575 [WARN] PackLoader:240 - Cannot read IP mode file for STMicroelectronics.X-CUBE-AZRTOS-G4.2.0.0
2024-06-09 16:58:51,609 [WARN] PackLoader:240 - Cannot read IP mode file for Infineon.AIROC-Wi-Fi-Bluetooth-STM32.1.5.1
2024-06-09 16:58:51,625 [WARN] PackLoader:240 - Cannot read IP mode file for STMicroelectronics.FP-SNS-MOTENVWB1.1.3.1
2024-06-09 16:58:51,638 [WARN] PackLoader:240 - Cannot read IP mode file for STMicroelectronics.X-CUBE-ISPU.2.0.0
2024-06-09 16:58:51,653 [WARN] PackLoader:240 - Cannot read IP mode file for STMicroelectronics.X-CUBE-ALS.1.0.2
2024-06-09 16:58:51,713 [WARN] PackLoader:240 - Cannot read IP mode file for STMicroelectronics.X-CUBE-MEMS1.10.0.0
2024-06-09 16:58:51,860 [WARN] PackLoader:240 - Cannot read IP mode file for STMicroelectronics.X-CUBE-FREERTOS.1.1.0
2024-06-09 16:58:51,880 [WARN] PackLoader:240 - Cannot read IP mode file for portGmbH.I-Cube-SoM-uGOAL.1.1.0
2024-06-09 16:58:51,894 [WARN] PackLoader:240 - Cannot read IP mode file for STMicroelectronics.X-CUBE-ALS.1.0.1
2024-06-09 16:58:51,923 [WARN] PackLoader:240 - Cannot read IP mode file for STMicroelectronics.X-CUBE-AZRTOS-H7RS.1.0.0
2024-06-09 16:58:51,940 [WARN] PackLoader:240 - Cannot read IP mode file for STMicroelectronics.FP-ATR-ASTRA1.2.0.0
2024-06-09 16:58:51,964 [WARN] PackLoader:240 - Cannot read IP mode file for STMicroelectronics.X-CUBE-TOF1.3.4.1
2024-06-09 16:58:52,073 [WARN] PackLoader:240 - Cannot read IP mode file for STMicroelectronics.X-CUBE-AZRTOS-H7.3.2.0
2024-06-09 16:58:52,079 [INFO] ThirdParty:978 - Integrity check success = true
2024-06-09 16:58:52,079 [INFO] IntegrityCheckThread:100 - exiting critical section [integrity check]
2024-06-09 16:58:52,079 [INFO] IntegrityCheckThread:103 - End integrity checks thread
2024-06-09 16:58:52,404 [INFO] WebApp:161 - Instantiating new browser for Auth
2024-06-09 16:58:53,081 [INFO] WebApp:780 - Register for checkConnection events
2024-06-09 16:58:53,081 [INFO] WebApp:414 - Apply proxy settings
2024-06-09 16:58:53,081 [INFO] WebApp:499 - Chromium requires no authentication
2024-06-09 16:58:53,092 [INFO] WebApp:442 - Direct internet connection detected
2024-06-09 16:58:53,320 [INFO] WebApp:192 - Starting web application
2024-06-09 16:58:53,321 [INFO] WebApp:544 - Web application path used C:\ST\STM32CubeIDE_1.14.1\STM32CubeIDE\plugins\com.st.stm32cube.common.mx_6.10.0.202311202037\db\plugins\mcufinder\reactClient1\index.html
2024-06-09 16:59:14,368 [ERROR] LogOutputStream:75 - [STDERR_REDIRECT] SLF4J: Failed to load class "org.slf4j.impl.StaticLoggerBinder".
2024-06-09 16:59:14,369 [ERROR] LogOutputStream:75 - [STDERR_REDIRECT] SLF4J: Defaulting to no-operation (NOP) logger implementation
2024-06-09 16:59:14,370 [ERROR] LogOutputStream:75 - [STDERR_REDIRECT] SLF4J: See http://www.slf4j.org/codes.html#StaticLoggerBinder for further details.
2024-06-09 17:11:36,462 [ERROR] LogOutputStream:75 - [STDERR_REDIRECT] 
