2024-05-25 13:19:44,188 [INFO] Activator:176 - 


2024-05-25 13:19:44,193 [INFO] Activator:177 - !SESSION log4j initialized
2024-05-25 13:19:49,506 [INFO] LogOutputStream:77 - [STDOUT_REDIRECT] 
2024-05-25 13:19:53,623 [INFO] ApplicationProperties:184 - Using Application install path: C:\ST\STM32CubeIDE_1.14.1\STM32CubeIDE\plugins\com.st.stm32cube.common.mx_6.10.0.202311202037
2024-05-25 13:19:53,640 [INFO] DbMcusXml:78 - Set database path to: C:\ST\STM32CubeIDE_1.14.1\STM32CubeIDE\plugins\com.st.stm32cube.common.mx_6.10.0.202311202037\\db\/mcu/
2024-05-25 13:19:53,640 [INFO] ApiDb:274 - Set plugin database path to: C:\ST\STM32CubeIDE_1.14.1\STM32CubeIDE\plugins\com.st.stm32cube.common.mx_6.10.0.202311202037\\db\/plugins/boardmanager/
2024-05-25 13:19:53,640 [WARN] ApiDb:259 - Overriding images path with different value:  => C:\ST\STM32CubeIDE_1.14.1\STM32CubeIDE\plugins\com.st.stm32cube.common.mx_6.10.0.202311202037\\db\/plugins/mcufinder/images/
2024-05-25 13:19:53,653 [INFO] ApiDb:250 - Set database path to: C:\Users\nguye\.stmcufinder\plugins\mcufinder//mcu/
2024-05-25 13:19:53,654 [INFO] DbMcusAds:125 - Set database path to: C:\Users\nguye\.stmcufinder\plugins\mcufinder//mcu/
2024-05-25 13:19:53,656 [INFO] CrossReferenceDbSqlite:203 - Set database path to: C:\Users\nguye\.stmcufinder\plugins\mcufinder//mcu/cs/
2024-05-25 13:19:53,749 [INFO] RulesReader:64 - Compatibility file has been processed (297 Rules)
2024-05-25 13:19:53,821 [INFO] DbMcusXml:78 - Set database path to: C:\ST\STM32CubeIDE_1.14.1\STM32CubeIDE\plugins\com.st.stm32cube.common.mx_6.10.0.202311202037\\db\/mcu/
2024-05-25 13:19:53,821 [INFO] ApiDb:274 - Set plugin database path to: C:\ST\STM32CubeIDE_1.14.1\STM32CubeIDE\plugins\com.st.stm32cube.common.mx_6.10.0.202311202037\\db\/plugins/boardmanager/
2024-05-25 13:19:53,821 [INFO] ApiDb:261 - Set plugin images path to: C:\ST\STM32CubeIDE_1.14.1\STM32CubeIDE\plugins\com.st.stm32cube.common.mx_6.10.0.202311202037\\db\/plugins/mcufinder/images/
2024-05-25 13:19:53,822 [WARN] DbFile:41 - Overriding database path with different value: C:\Users\nguye\.stmcufinder\plugins\mcufinder/ => C:\Users\nguye\.stmcufinder\plugins\mcufinder
2024-05-25 13:19:53,822 [INFO] ApiDb:250 - Set database path to: C:\Users\nguye\.stmcufinder\plugins\mcufinder//mcu/
2024-05-25 13:19:53,822 [WARN] DbFile:41 - Overriding database path with different value: C:\Users\nguye\.stmcufinder\plugins\mcufinder/ => C:\Users\nguye\.stmcufinder\plugins\mcufinder
2024-05-25 13:19:53,822 [INFO] DbMcusAds:125 - Set database path to: C:\Users\nguye\.stmcufinder\plugins\mcufinder//mcu/
2024-05-25 13:19:53,822 [WARN] DbFile:41 - Overriding database path with different value: C:\Users\nguye\.stmcufinder\plugins\mcufinder/ => C:\Users\nguye\.stmcufinder\plugins\mcufinder
2024-05-25 13:19:53,822 [WARN] DbFile:41 - Overriding database path with different value: C:\Users\nguye\.stmcufinder\plugins\mcufinder/ => C:\Users\nguye\.stmcufinder\plugins\mcufinder
2024-05-25 13:19:53,822 [INFO] CrossReferenceDbSqlite:203 - Set database path to: C:\Users\nguye\.stmcufinder\plugins\mcufinder//mcu/cs/
2024-05-25 13:19:53,886 [INFO] MainPanel:264 - HeapMemory: 268435456
2024-05-25 13:19:53,986 [INFO] DbMcusXml:78 - Set database path to: C:\ST\STM32CubeIDE_1.14.1\STM32CubeIDE\plugins\com.st.stm32cube.common.mx_6.10.0.202311202037\\db\/mcu/
2024-05-25 13:19:53,986 [INFO] ApiDb:274 - Set plugin database path to: C:\ST\STM32CubeIDE_1.14.1\STM32CubeIDE\plugins\com.st.stm32cube.common.mx_6.10.0.202311202037\\db\/plugins/boardmanager/
2024-05-25 13:19:53,986 [INFO] ApiDb:261 - Set plugin images path to: C:\ST\STM32CubeIDE_1.14.1\STM32CubeIDE\plugins\com.st.stm32cube.common.mx_6.10.0.202311202037\\db\/plugins/mcufinder/images/
2024-05-25 13:19:53,987 [WARN] DbFile:41 - Overriding database path with different value: C:\Users\nguye\.stmcufinder\plugins\mcufinder/ => C:\Users\nguye\.stmcufinder\plugins\mcufinder
2024-05-25 13:19:53,987 [INFO] ApiDb:250 - Set database path to: C:\Users\nguye\.stmcufinder\plugins\mcufinder//mcu/
2024-05-25 13:19:53,987 [WARN] DbFile:41 - Overriding database path with different value: C:\Users\nguye\.stmcufinder\plugins\mcufinder/ => C:\Users\nguye\.stmcufinder\plugins\mcufinder
2024-05-25 13:19:53,987 [INFO] DbMcusAds:125 - Set database path to: C:\Users\nguye\.stmcufinder\plugins\mcufinder//mcu/
2024-05-25 13:19:53,987 [WARN] DbFile:41 - Overriding database path with different value: C:\Users\nguye\.stmcufinder\plugins\mcufinder/ => C:\Users\nguye\.stmcufinder\plugins\mcufinder
2024-05-25 13:19:53,987 [WARN] DbFile:41 - Overriding database path with different value: C:\Users\nguye\.stmcufinder\plugins\mcufinder/ => C:\Users\nguye\.stmcufinder\plugins\mcufinder
2024-05-25 13:19:53,987 [INFO] CrossReferenceDbSqlite:203 - Set database path to: C:\Users\nguye\.stmcufinder\plugins\mcufinder//mcu/cs/
2024-05-25 13:19:54,006 [INFO] ApplicationProperties:184 - Using Application install path: C:\ST\STM32CubeIDE_1.14.1\STM32CubeIDE\plugins\com.st.stm32cube.common.mx_6.10.0.202311202037
2024-05-25 13:19:54,007 [INFO] PluginManage:196 - Search for loadable plugins [exclusion list=, ]
2024-05-25 13:19:54,009 [INFO] PluginManage:310 - Check plugin analytics
2024-05-25 13:19:54,120 [INFO] AnalyticsPlugin:253 - Accepted Software Licenses: STM32CubeMX.6.10.0
2024-05-25 13:19:54,120 [INFO] AnalyticsPlugin:255 - Accepted CMSIS Pack Licenses: 
2024-05-25 13:19:54,120 [INFO] AnalyticsPlugin:257 - Accepted Firmware Licenses: FW.F4.1.27.0,FW.F4.1.28.0
2024-05-25 13:19:54,122 [INFO] PluginManage:359 - Loaded plugin analytics (category:tool,tabindex:-1)
2024-05-25 13:19:54,122 [INFO] PluginManage:310 - Check plugin cadmodel
2024-05-25 13:19:54,136 [INFO] CADModel:105 - Init CAD model plugin
2024-05-25 13:19:54,137 [INFO] PluginManage:359 - Loaded plugin cadmodel (category:power,tabindex:5)
2024-05-25 13:19:54,137 [INFO] PluginManage:310 - Check plugin clock
2024-05-25 13:19:54,155 [INFO] PluginManage:359 - Loaded plugin clock (category:base,tabindex:2)
2024-05-25 13:19:54,155 [INFO] PluginManage:310 - Check plugin ddr
2024-05-25 13:19:54,157 [INFO] PluginManage:359 - Loaded plugin ddr (category:tool,tabindex:6)
2024-05-25 13:19:54,157 [INFO] PluginManage:310 - Check plugin filemanager
2024-05-25 13:19:54,265 [INFO] PluginManage:359 - Loaded plugin filemanager (category:base,tabindex:10)
2024-05-25 13:19:54,265 [INFO] PluginManage:310 - Check plugin ipmanager
2024-05-25 13:19:54,271 [INFO] PluginManage:359 - Loaded plugin ipmanager (category:base,tabindex:5)
2024-05-25 13:19:54,271 [INFO] PluginManage:310 - Check plugin lpbam
2024-05-25 13:19:54,288 [INFO] PluginManage:359 - Loaded plugin lpbam (category:base,tabindex:0)
2024-05-25 13:19:54,288 [INFO] PluginManage:310 - Check plugin memorymap
2024-05-25 13:19:54,310 [INFO] PluginManage:359 - Loaded plugin memorymap (category:base,tabindex:4)
2024-05-25 13:19:54,310 [INFO] PluginManage:310 - Check plugin pinoutandconfiguration
2024-05-25 13:19:54,325 [INFO] PluginManage:359 - Loaded plugin pinoutandconfiguration (category:base,tabindex:1)
2024-05-25 13:19:54,326 [INFO] PluginManage:310 - Check plugin pinoutconfig
2024-05-25 13:19:54,407 [WARN] SupportedApi:132 - Cannot load RTOS API schema: s4s-elt-must-match.1: The content of 'definitions' must match (annotation?, (simpleType | complexType)?, (unique | key | keyref)*)). A problem was found starting at: attribute.
2024-05-25 13:19:54,514 [INFO] PluginManage:359 - Loaded plugin pinoutconfig (category:base,tabindex:0)
2024-05-25 13:19:54,514 [INFO] PluginManage:310 - Check plugin power
2024-05-25 13:19:54,534 [INFO] PluginManage:359 - Loaded plugin power (category:power,tabindex:4)
2024-05-25 13:19:54,534 [INFO] PluginManage:310 - Check plugin projectmanager
2024-05-25 13:19:54,547 [INFO] PluginManage:359 - Loaded plugin projectmanager (category:projectmanager,tabindex:3)
2024-05-25 13:19:54,547 [INFO] PluginManage:310 - Check plugin thirdparty
2024-05-25 13:19:54,801 [INFO] PluginManage:359 - Loaded plugin thirdparty (category:base,tabindex:-1)
2024-05-25 13:19:54,801 [INFO] PluginManage:310 - Check plugin tools
2024-05-25 13:19:54,801 [WARN] IntegrityCheckThread:84 - waiting for thirdparty lock release [integrity check]
2024-05-25 13:19:54,801 [INFO] IntegrityCheckThread:86 - entering critical section [integrity check]
2024-05-25 13:19:54,801 [INFO] ThirdPartyUpdaterWithRetryManager:70 - Updater plugin not ready yet. [1/15]
2024-05-25 13:19:54,828 [INFO] PluginManage:359 - Loaded plugin tools (category:base,tabindex:7)
2024-05-25 13:19:54,828 [INFO] PluginManage:310 - Check plugin tutovideos
2024-05-25 13:19:54,995 [INFO] PluginManage:359 - Loaded plugin tutovideos (category:base,tabindex:-1)
2024-05-25 13:19:54,995 [INFO] PluginManage:310 - Check plugin updater
2024-05-25 13:19:55,006 [INFO] PluginManage:359 - Loaded plugin updater (category:base,tabindex:12)
2024-05-25 13:19:55,006 [INFO] PluginManage:310 - Check plugin userauth
2024-05-25 13:19:55,011 [INFO] UserAuth:114 - Init User Auth plugin
2024-05-25 13:19:55,011 [INFO] PluginManage:359 - Loaded plugin userauth (category:base,tabindex:14)
2024-05-25 13:19:55,011 [INFO] PluginManage:283 - PluginManage : Loaded plugins [17]
2024-05-25 13:19:55,194 [INFO] PinOutPanel:1499 - setPackage(No Configuration,No Configuration)
2024-05-25 13:19:55,258 [INFO] CADModel:165 - CPN selected for project level
2024-05-25 13:19:55,258 [INFO] CADModel:114 - Register for checkConnection events
2024-05-25 13:19:55,283 [INFO] IPUIPlugin:80 - create IPUIPlugin
2024-05-25 13:19:55,283 [INFO] PluginManager:220 - loadIPPluginJar : add adc
2024-05-25 13:19:55,311 [INFO] IPUIPlugin:80 - create IPUIPlugin
2024-05-25 13:19:55,311 [INFO] PluginManager:220 - loadIPPluginJar : add aes
2024-05-25 13:19:55,343 [INFO] IPUIPlugin:80 - create IPUIPlugin
2024-05-25 13:19:55,343 [INFO] PluginManager:220 - loadIPPluginJar : add can
2024-05-25 13:19:55,363 [INFO] IPUIPlugin:80 - create IPUIPlugin
2024-05-25 13:19:55,363 [INFO] PluginManager:220 - loadIPPluginJar : add comp
2024-05-25 13:19:55,390 [INFO] IPUIPlugin:80 - create IPUIPlugin
2024-05-25 13:19:55,390 [INFO] PluginManager:220 - loadIPPluginJar : add cryp
2024-05-25 13:19:55,414 [INFO] IPUIPlugin:80 - create IPUIPlugin
2024-05-25 13:19:55,414 [INFO] PluginManager:220 - loadIPPluginJar : add dfsdm
2024-05-25 13:19:55,428 [INFO] IPUIPlugin:80 - create IPUIPlugin
2024-05-25 13:19:55,429 [INFO] PluginManager:220 - loadIPPluginJar : add dma
2024-05-25 13:19:55,461 [INFO] IPUIPlugin:80 - create IPUIPlugin
2024-05-25 13:19:55,461 [INFO] PluginManager:220 - loadIPPluginJar : add dma3
2024-05-25 13:19:55,477 [INFO] IPUIPlugin:80 - create IPUIPlugin
2024-05-25 13:19:55,477 [INFO] PluginManager:220 - loadIPPluginJar : add fatfs
2024-05-25 13:19:55,513 [INFO] IPUIPlugin:80 - create IPUIPlugin
2024-05-25 13:19:55,513 [INFO] PluginManager:220 - loadIPPluginJar : add fmc
2024-05-25 13:19:55,527 [INFO] IPUIPlugin:80 - create IPUIPlugin
2024-05-25 13:19:55,527 [INFO] PluginManager:220 - loadIPPluginJar : add freertos
2024-05-25 13:19:55,545 [INFO] IPUIPlugin:80 - create IPUIPlugin
2024-05-25 13:19:55,545 [INFO] PluginManager:220 - loadIPPluginJar : add genericplugin
2024-05-25 13:19:55,614 [INFO] IPUIPlugin:80 - create IPUIPlugin
2024-05-25 13:19:55,615 [INFO] PluginManager:220 - loadIPPluginJar : add gfxmmu
2024-05-25 13:19:55,703 [INFO] IPUIPlugin:80 - create IPUIPlugin
2024-05-25 13:19:55,703 [INFO] PluginManager:220 - loadIPPluginJar : add gic
2024-05-25 13:19:55,717 [INFO] IPUIPlugin:80 - create IPUIPlugin
2024-05-25 13:19:55,717 [INFO] PluginManager:220 - loadIPPluginJar : add gpio
2024-05-25 13:19:55,782 [INFO] IPUIPlugin:80 - create IPUIPlugin
2024-05-25 13:19:55,782 [INFO] PluginManager:220 - loadIPPluginJar : add gtzc
2024-05-25 13:19:55,806 [INFO] IPUIPlugin:80 - create IPUIPlugin
2024-05-25 13:19:55,806 [INFO] PluginManager:220 - loadIPPluginJar : add hash
2024-05-25 13:19:55,845 [INFO] IPUIPlugin:80 - create IPUIPlugin
2024-05-25 13:19:55,846 [INFO] PluginManager:220 - loadIPPluginJar : add i2c
2024-05-25 13:19:55,876 [INFO] IPUIPlugin:80 - create IPUIPlugin
2024-05-25 13:19:55,876 [INFO] PluginManager:220 - loadIPPluginJar : add i2s
2024-05-25 13:19:55,908 [INFO] IPUIPlugin:80 - create IPUIPlugin
2024-05-25 13:19:55,908 [INFO] PluginManager:220 - loadIPPluginJar : add i3c
2024-05-25 13:19:55,991 [INFO] IPUIPlugin:80 - create IPUIPlugin
2024-05-25 13:19:55,991 [INFO] PluginManager:220 - loadIPPluginJar : add ipddr
2024-05-25 13:19:56,063 [INFO] IPUIPlugin:80 - create IPUIPlugin
2024-05-25 13:19:56,064 [INFO] PluginManager:220 - loadIPPluginJar : add linkedlist
2024-05-25 13:19:56,102 [INFO] IPUIPlugin:80 - create IPUIPlugin
2024-05-25 13:19:56,102 [INFO] PluginManager:220 - loadIPPluginJar : add lorawan
2024-05-25 13:19:56,130 [INFO] IPUIPlugin:80 - create IPUIPlugin
2024-05-25 13:19:56,130 [INFO] PluginManager:220 - loadIPPluginJar : add ltdc
2024-05-25 13:19:56,142 [INFO] IPUIPlugin:80 - create IPUIPlugin
2024-05-25 13:19:56,143 [INFO] PluginManager:220 - loadIPPluginJar : add mdma
2024-05-25 13:19:56,154 [INFO] IPUIPlugin:80 - create IPUIPlugin
2024-05-25 13:19:56,154 [INFO] PluginManager:220 - loadIPPluginJar : add nvic
2024-05-25 13:19:56,183 [INFO] IPUIPlugin:80 - create IPUIPlugin
2024-05-25 13:19:56,183 [INFO] PluginManager:220 - loadIPPluginJar : add opamp
2024-05-25 13:19:56,226 [INFO] IPUIPlugin:80 - create IPUIPlugin
2024-05-25 13:19:56,226 [INFO] PluginManager:220 - loadIPPluginJar : add openamp
2024-05-25 13:19:56,260 [INFO] IPUIPlugin:80 - create IPUIPlugin
2024-05-25 13:19:56,260 [INFO] PluginManager:220 - loadIPPluginJar : add pdm2pcm
2024-05-25 13:19:56,273 [INFO] IPUIPlugin:80 - create IPUIPlugin
2024-05-25 13:19:56,274 [INFO] PluginManager:220 - loadIPPluginJar : add plateformsettings
2024-05-25 13:19:56,292 [INFO] IPUIPlugin:80 - create IPUIPlugin
2024-05-25 13:19:56,292 [INFO] PluginManager:220 - loadIPPluginJar : add quadspi
2024-05-25 13:19:56,304 [INFO] IPUIPlugin:80 - create IPUIPlugin
2024-05-25 13:19:56,304 [INFO] PluginManager:220 - loadIPPluginJar : add resmgrutility
2024-05-25 13:19:56,339 [INFO] IPUIPlugin:80 - create IPUIPlugin
2024-05-25 13:19:56,339 [INFO] PluginManager:220 - loadIPPluginJar : add sai
2024-05-25 13:19:56,366 [INFO] IPUIPlugin:80 - create IPUIPlugin
2024-05-25 13:19:56,367 [INFO] PluginManager:220 - loadIPPluginJar : add spi
2024-05-25 13:19:56,417 [INFO] IPUIPlugin:80 - create IPUIPlugin
2024-05-25 13:19:56,417 [INFO] PluginManager:220 - loadIPPluginJar : add stm32_wpan
2024-05-25 13:19:56,436 [INFO] IPUIPlugin:80 - create IPUIPlugin
2024-05-25 13:19:56,436 [INFO] PluginManager:220 - loadIPPluginJar : add tim
2024-05-25 13:19:56,478 [INFO] IPUIPlugin:80 - create IPUIPlugin
2024-05-25 13:19:56,478 [INFO] PluginManager:220 - loadIPPluginJar : add touchsensing
2024-05-25 13:19:56,497 [INFO] IPUIPlugin:80 - create IPUIPlugin
2024-05-25 13:19:56,498 [INFO] PluginManager:220 - loadIPPluginJar : add tracer_emb
2024-05-25 13:19:56,519 [INFO] IPUIPlugin:80 - create IPUIPlugin
2024-05-25 13:19:56,519 [INFO] PluginManager:220 - loadIPPluginJar : add ts
2024-05-25 13:19:56,538 [INFO] IPUIPlugin:80 - create IPUIPlugin
2024-05-25 13:19:56,539 [INFO] PluginManager:220 - loadIPPluginJar : add tsc
2024-05-25 13:19:56,556 [INFO] IPUIPlugin:80 - create IPUIPlugin
2024-05-25 13:19:56,557 [INFO] PluginManager:220 - loadIPPluginJar : add ucpd
2024-05-25 13:19:56,589 [INFO] IPUIPlugin:80 - create IPUIPlugin
2024-05-25 13:19:56,589 [INFO] PluginManager:220 - loadIPPluginJar : add usart
2024-05-25 13:19:56,622 [INFO] IPUIPlugin:80 - create IPUIPlugin
2024-05-25 13:19:56,622 [INFO] PluginManager:220 - loadIPPluginJar : add usbx
2024-05-25 13:19:56,740 [INFO] CADModel:165 - CPN selected for project level
2024-05-25 13:19:56,740 [INFO] CADModel:114 - Register for checkConnection events
2024-05-25 13:19:56,740 [FATAL] Updater:308 - Updater called before beeing initialized
2024-05-25 13:19:56,740 [ERROR] CADModel:125 - Updater not yet initialized, retry later 
2024-05-25 13:19:56,862 [INFO] CADModel:165 - CPN selected for project level
2024-05-25 13:19:56,862 [INFO] CADModel:114 - Register for checkConnection events
2024-05-25 13:19:56,862 [FATAL] Updater:308 - Updater called before beeing initialized
2024-05-25 13:19:56,862 [ERROR] CADModel:125 - Updater not yet initialized, retry later 
2024-05-25 13:19:56,866 [FATAL] Updater:308 - Updater called before beeing initialized
2024-05-25 13:19:56,956 [FATAL] Updater:308 - Updater called before beeing initialized
2024-05-25 13:19:56,965 [INFO] DbMcusAds:53 - JSON generation date=Thu May 16 16:22:00 ICT 2024 (1715851320852)
2024-05-25 13:19:56,965 [FATAL] Updater:308 - Updater called before beeing initialized
2024-05-25 13:19:57,039 [WARN] DetailPanel:346 - Failed to get advertising image, set to default
2024-05-25 13:19:57,126 [FATAL] Updater:308 - Updater called before beeing initialized
2024-05-25 13:19:57,128 [FATAL] Updater:308 - Updater called before beeing initialized
2024-05-25 13:19:57,128 [FATAL] Updater:308 - Updater called before beeing initialized
2024-05-25 13:19:57,128 [WARN] DetailPanel:346 - Failed to get advertising image, set to default
2024-05-25 13:19:57,129 [FATAL] Updater:308 - Updater called before beeing initialized
2024-05-25 13:19:57,196 [ERROR] Updater:1120 - MainUpdater not yet initialized. External WinMGr cannot be set.
2024-05-25 13:19:57,207 [INFO] Updater:1056 - Updater Version found : 6.10.0
2024-05-25 13:19:57,224 [INFO] ApplicationProperties:184 - Using Application install path: C:\ST\STM32CubeIDE_1.14.1\STM32CubeIDE\plugins\com.st.stm32cube.common.mx_6.10.0.202311202037
2024-05-25 13:19:57,803 [INFO] ThirdPartyUpdaterWithRetryManager:70 - Updater plugin not ready yet. [2/15]
2024-05-25 13:19:59,569 [INFO] MainUpdater:2873 - connection check result : 10
2024-05-25 13:19:59,569 [INFO] MainUpdater:290 - Updater Check For Update Now.
2024-05-25 13:19:59,569 [INFO] MicroXplorer:498 - Change Database Version : DB.6.0.100
2024-05-25 13:19:59,584 [INFO] McuFinderGlobals:63 - Set McuFinder mode to 2 (CubeIDE integrated)
2024-05-25 13:19:59,750 [INFO] CheckServerUpdateThread:120 - End of CheckServer Thread
2024-05-25 13:19:59,837 [INFO] UserAuth:404 - Internet connection configuration mode: 1
2024-05-25 13:19:59,860 [INFO] JxBrowserEngine:152 - Initiate JxBrowser Engine with user profile folder
2024-05-25 13:20:00,947 [WARN] PackLoader:240 - Cannot read IP mode file for STMicroelectronics.FP-SNS-MOTENVWB1.1.4.0
2024-05-25 13:20:00,960 [WARN] PackLoader:240 - Cannot read IP mode file for STMicroelectronics.X-CUBE-SMBUS.2.1.0
2024-05-25 13:20:00,970 [WARN] PackLoader:240 - Cannot read IP mode file for STMicroelectronics.X-CUBE-TOUCHGFX.4.23.1
2024-05-25 13:20:00,979 [WARN] PackLoader:240 - Cannot read IP mode file for STMicroelectronics.X-CUBE-TOUCHGFX.4.23.0
2024-05-25 13:20:00,989 [WARN] PackLoader:240 - Cannot read IP mode file for STMicroelectronics.X-CUBE-TOUCHGFX.4.23.2
2024-05-25 13:20:01,019 [WARN] PackLoader:240 - Cannot read IP mode file for STMicroelectronics.X-CUBE-AZRTOS-F7.1.1.0
2024-05-25 13:20:01,034 [WARN] PackLoader:240 - Cannot read IP mode file for STMicroelectronics.FP-SNS-MOTENV1.4.3.2
2024-05-25 13:20:01,046 [WARN] PackLoader:240 - Cannot read IP mode file for STMicroelectronics.FP-SNS-FLIGHT1.5.0.2
2024-05-25 13:20:01,060 [WARN] PackLoader:240 - Cannot read IP mode file for STMicroelectronics.X-CUBE-DISPLAY.3.0.0
2024-05-25 13:20:01,076 [WARN] PackLoader:240 - Cannot read IP mode file for STMicroelectronics.X-CUBE-BLE1.7.0.0
2024-05-25 13:20:01,088 [WARN] PackLoader:240 - Cannot read IP mode file for emotas.I-CUBE-CANOPEN.1.3.0
2024-05-25 13:20:01,102 [WARN] PackLoader:240 - Cannot read IP mode file for STMicroelectronics.X-CUBE-BLEMGR.3.1.0
2024-05-25 13:20:01,116 [WARN] PackLoader:240 - Cannot read IP mode file for STMicroelectronics.FP-SNS-SMARTAG2.1.2.0
2024-05-25 13:20:01,132 [INFO] LogOutputStream:77 - [STDOUT_REDIRECT] 1 : Invalid condition id : UX_CORESTACK_Condition cause : null
2024-05-25 13:20:01,133 [INFO] LogOutputStream:77 - [STDOUT_REDIRECT] 1 : Invalid condition id : UX_CORESTACK_Condition cause : null
2024-05-25 13:20:01,133 [INFO] LogOutputStream:77 - [STDOUT_REDIRECT] 1 : Invalid condition id : UX_CORESTACK_Condition cause : null
2024-05-25 13:20:01,134 [INFO] LogOutputStream:77 - [STDOUT_REDIRECT] 1 : Invalid condition id : UX_CORESTACK_Condition cause : null
2024-05-25 13:20:01,135 [INFO] LogOutputStream:77 - [STDOUT_REDIRECT] 1 : Invalid condition id : UX_CORESTACK_Condition cause : null
2024-05-25 13:20:01,137 [WARN] PackLoader:240 - Cannot read IP mode file for STMicroelectronics.X-CUBE-AZRTOS-WL.2.0.0
2024-05-25 13:20:01,147 [WARN] PackLoader:240 - Cannot read IP mode file for STMicroelectronics.FP-SNS-MOTENV1.5.0.0
2024-05-25 13:20:01,160 [WARN] PackLoader:240 - Cannot read IP mode file for WES.I-CUBE-Cesium.1.3.0
2024-05-25 13:20:01,171 [WARN] PackLoader:240 - Cannot read IP mode file for STMicroelectronics.X-CUBE-BLE2.3.3.0
2024-05-25 13:20:01,182 [WARN] PackLoader:240 - Cannot read IP mode file for STMicroelectronics.X-CUBE-TCPP.4.1.0
2024-05-25 13:20:01,194 [WARN] PackLoader:240 - Cannot read IP mode file for STMicroelectronics.X-CUBE-ALGOBUILD.1.3.0
2024-05-25 13:20:01,217 [WARN] PackLoader:240 - Cannot read IP mode file for STMicroelectronics.X-CUBE-AZRTOS-G0.1.1.0
2024-05-25 13:20:01,234 [WARN] PackLoader:240 - Cannot read IP mode file for STMicroelectronics.X-CUBE-SAFEA1.1.2.2
2024-05-25 13:20:01,246 [WARN] PackLoader:240 - Cannot read IP mode file for STMicroelectronics.X-CUBE-NFC4.3.0.0
2024-05-25 13:20:01,262 [WARN] PackLoader:240 - Cannot read IP mode file for STMicroelectronics.FP-ATR-SIGFOX1.3.2.0
2024-05-25 13:20:01,275 [WARN] PackLoader:240 - Cannot read IP mode file for STMicroelectronics.X-CUBE-EEPRMA1.5.1.0
2024-05-25 13:20:01,302 [WARN] PackLoader:240 - Cannot read IP mode file for SEGGER.I-CUBE-embOS.1.3.1
2024-05-25 13:20:01,336 [WARN] PackLoader:240 - Cannot read IP mode file for STMicroelectronics.X-CUBE-ALGOBUILD.1.4.0
2024-05-25 13:20:01,350 [WARN] PackLoader:240 - Cannot read IP mode file for STMicroelectronics.X-CUBE-GNSS1.6.0.0
2024-05-25 13:20:01,374 [WARN] PackLoader:240 - Cannot read IP mode file for STMicroelectronics.X-CUBE-AZRTOS-F4.1.1.0
2024-05-25 13:20:01,388 [WARN] PackLoader:240 - Cannot read IP mode file for STMicroelectronics.X-CUBE-FREERTOS.1.2.0
2024-05-25 13:20:01,402 [WARN] PackLoader:240 - Cannot read IP mode file for wolfSSL.I-CUBE-wolfSSL.5.6.6
2024-05-25 13:20:01,425 [WARN] PackLoader:240 - Cannot read IP mode file for STMicroelectronics.X-CUBE-AZRTOS-L5.2.0.0
2024-05-25 13:20:01,441 [WARN] PackLoader:240 - Cannot read IP mode file for STMicroelectronics.X-CUBE-NFC6.3.1.0
2024-05-25 13:20:01,455 [WARN] PackLoader:240 - Cannot read IP mode file for ITTIA_DB.I-CUBE-ITTIADB.8.8.0
2024-05-25 13:20:01,465 [WARN] PackLoader:240 - Cannot read IP mode file for STMicroelectronics.X-CUBE-AI.9.0.0
2024-05-25 13:20:01,478 [WARN] PackLoader:240 - Cannot read IP mode file for STMicroelectronics.X-CUBE-NFC7.1.0.1
2024-05-25 13:20:01,492 [WARN] PackLoader:240 - Cannot read IP mode file for STMicroelectronics.X-CUBE-NFC6.3.0.0
2024-05-25 13:20:01,506 [WARN] PackLoader:240 - Cannot read IP mode file for STMicroelectronics.X-CUBE-AI.8.1.0
2024-05-25 13:20:01,532 [WARN] ConditionMgr:438 - getConditionDescription Invalid condition id : LAN8742 Phy interface Condition cause : null
2024-05-25 13:20:01,532 [WARN] PackLoader:240 - Cannot read IP mode file for STMicroelectronics.X-CUBE-AZRTOS-L4.2.0.0
2024-05-25 13:20:01,533 [WARN] ConditionMgr:1039 - genDependencies : Invalid condition id : LAN8742 Phy interface Condition cause : null
2024-05-25 13:20:01,533 [WARN] ConditionMgr:1039 - genDependencies : Invalid condition id : LAN8742 Phy interface Condition cause : null
2024-05-25 13:20:01,533 [WARN] ConditionMgr:1039 - genDependencies : Invalid condition id : LAN8742 Phy interface Condition cause : null
2024-05-25 13:20:01,548 [WARN] PackLoader:240 - Cannot read IP mode file for STMicroelectronics.X-CUBE-SFXS2LP1.4.0.0
2024-05-25 13:20:01,574 [WARN] ConditionMgr:438 - getConditionDescription Invalid condition id : UX DEVICE CLASS RTOS Condition cause : null
2024-05-25 13:20:01,574 [WARN] ConditionMgr:438 - getConditionDescription Invalid condition id : UX DEVICE CLASS RTOS Condition cause : null
2024-05-25 13:20:01,576 [WARN] PackLoader:240 - Cannot read IP mode file for STMicroelectronics.X-CUBE-AZRTOS-WB.2.0.0
2024-05-25 13:20:01,576 [WARN] ConditionMgr:1039 - genDependencies : Invalid condition id : UX DEVICE CLASS RTOS Condition cause : null
2024-05-25 13:20:01,576 [WARN] ConditionMgr:1039 - genDependencies : Invalid condition id : UX DEVICE CLASS RTOS Condition cause : null
2024-05-25 13:20:01,577 [WARN] ConditionMgr:1039 - genDependencies : Invalid condition id : UX DEVICE CLASS RTOS Condition cause : null
2024-05-25 13:20:01,577 [WARN] ConditionMgr:1039 - genDependencies : Invalid condition id : UX DEVICE CLASS RTOS Condition cause : null
2024-05-25 13:20:01,577 [WARN] ConditionMgr:1039 - genDependencies : Invalid condition id : UX DEVICE CLASS RTOS Condition cause : null
2024-05-25 13:20:01,596 [WARN] PackLoader:240 - Cannot read IP mode file for STMicroelectronics.X-CUBE-SUBG2.5.0.0
2024-05-25 13:20:01,621 [WARN] PackLoader:240 - Cannot read IP mode file for STMicroelectronics.X-CUBE-AZRTOS-G4.2.0.0
2024-05-25 13:20:01,657 [WARN] PackLoader:240 - Cannot read IP mode file for Infineon.AIROC-Wi-Fi-Bluetooth-STM32.1.5.1
2024-05-25 13:20:01,673 [WARN] PackLoader:240 - Cannot read IP mode file for STMicroelectronics.FP-SNS-MOTENVWB1.1.3.1
2024-05-25 13:20:01,689 [WARN] PackLoader:240 - Cannot read IP mode file for STMicroelectronics.X-CUBE-ISPU.2.0.0
2024-05-25 13:20:01,703 [WARN] PackLoader:240 - Cannot read IP mode file for STMicroelectronics.X-CUBE-ALS.1.0.2
2024-05-25 13:20:01,742 [WARN] PackLoader:240 - Cannot read IP mode file for STMicroelectronics.X-CUBE-MEMS1.10.0.0
2024-05-25 13:20:01,850 [WARN] PackLoader:240 - Cannot read IP mode file for STMicroelectronics.X-CUBE-FREERTOS.1.1.0
2024-05-25 13:20:01,868 [WARN] PackLoader:240 - Cannot read IP mode file for portGmbH.I-Cube-SoM-uGOAL.1.1.0
2024-05-25 13:20:01,880 [WARN] PackLoader:240 - Cannot read IP mode file for STMicroelectronics.X-CUBE-ALS.1.0.1
2024-05-25 13:20:01,910 [WARN] PackLoader:240 - Cannot read IP mode file for STMicroelectronics.X-CUBE-AZRTOS-H7RS.1.0.0
2024-05-25 13:20:01,926 [WARN] PackLoader:240 - Cannot read IP mode file for STMicroelectronics.FP-ATR-ASTRA1.2.0.0
2024-05-25 13:20:01,947 [WARN] PackLoader:240 - Cannot read IP mode file for STMicroelectronics.X-CUBE-TOF1.3.4.1
2024-05-25 13:20:01,989 [WARN] PackLoader:240 - Cannot read IP mode file for STMicroelectronics.X-CUBE-AZRTOS-H7.3.2.0
2024-05-25 13:20:01,992 [INFO] ThirdParty:978 - Integrity check success = true
2024-05-25 13:20:01,992 [INFO] IntegrityCheckThread:100 - exiting critical section [integrity check]
2024-05-25 13:20:01,992 [INFO] IntegrityCheckThread:103 - End integrity checks thread
2024-05-25 13:20:02,142 [INFO] WebApp:161 - Instantiating new browser for Auth
2024-05-25 13:20:02,608 [INFO] WebApp:780 - Register for checkConnection events
2024-05-25 13:20:02,608 [INFO] WebApp:414 - Apply proxy settings
2024-05-25 13:20:02,608 [INFO] WebApp:499 - Chromium requires no authentication
2024-05-25 13:20:02,614 [INFO] WebApp:442 - Direct internet connection detected
2024-05-25 13:20:02,756 [INFO] WebApp:192 - Starting web application
2024-05-25 13:20:02,756 [INFO] WebApp:544 - Web application path used C:\ST\STM32CubeIDE_1.14.1\STM32CubeIDE\plugins\com.st.stm32cube.common.mx_6.10.0.202311202037\db\plugins\mcufinder\reactClient1\index.html
2024-05-25 13:20:23,686 [ERROR] LogOutputStream:75 - [STDERR_REDIRECT] SLF4J: Failed to load class "org.slf4j.impl.StaticLoggerBinder".
2024-05-25 13:20:23,686 [ERROR] LogOutputStream:75 - [STDERR_REDIRECT] SLF4J: Defaulting to no-operation (NOP) logger implementation
2024-05-25 13:20:23,687 [ERROR] LogOutputStream:75 - [STDERR_REDIRECT] SLF4J: See http://www.slf4j.org/codes.html#StaticLoggerBinder for further details.
2024-05-25 13:20:52,226 [ERROR] ConfigurationRetriever:142 - IOException on connection: Connect timed out
2024-05-25 13:20:53,440 [ERROR] LogOutputStream:75 - [STDERR_REDIRECT] 
